<Event xmlns="http://schemas.microsoft.com/win/2004/08/events/event">
    <System>
      <Provider Name="Microsoft-Windows-TerminalServices-RemoteConnectionManager" Guid="{c76baa63-ae81-421c-b425-340b4b24157f}"/>
      <EventID>24</EventID>
      <Version>0</Version>
      <Level>4</Level>
      <Task>0</Task>
      <Opcode>0</Opcode>
      <Keywords>0x8080000000000000</Keywords>
      <TimeCreated SystemTime="2026-07-13T22:26:54.307Z"/>
      <EventRecordID>120404</EventRecordID>
      <Correlation/>
      <Execution ProcessID="656" ThreadID="700"/>
      <Channel>System</Channel>
      <Computer>FNW-WKS047.fenwick.local</Computer>
      <Security/>
    </System>
    <EventData>
      <Data Name="User">svc_monitoring</Data>
      <Data Name="SourceNetworkAddress">10.14.22.195</Data>
    </EventData>
  </Event>
  <Event xmlns="http://schemas.microsoft.com/win/2004/08/events/event">
    <System>
      <Provider Name="Microsoft-Windows-DNS-Client" Guid="{1c95126e-7eea-49a9-a3fe-a378b03ddb4d}"/>
      <EventID>3008</EventID>
      <Version>0</Version>
      <Level>4</Level>
      <Task>0</Task>
      <Opcode>0</Opcode>
      <Keywords>0x8080000000000000</Keywords>
      <TimeCreated SystemTime="2026-07-13T22:27:13.441Z"/>
      <EventRecordID>119426</EventRecordID>
      <Correlation/>
      <Execution ProcessID="656" ThreadID="700"/>
      <Channel>System</Channel>
      <Computer>FNW-WKS047.fenwick.local</Computer>
      <Security/>
    </System>
    <EventData>
      <Data Name="QueryName">download.windowsupdate.com</Data>
      <Data Name="QueryStatus">9003</Data>
    </EventData>
  </Event>
  <Event xmlns="http://schemas.microsoft.com/win/2004/08/events/event">
    <System>
      <Provider Name="Service Control Manager" Guid="{555908d1-a6d7-4695-8e1e-26931d2012f4}" EventSourceName="Service Control Manager"/>
      <EventID>7036</EventID>
      <Version>0</Version>
      <Level>4</Level>
      <Task>0</Task>
      <Opcode>0</Opcode>
      <Keywords>0x8080000000000000</Keywords>
      <TimeCreated SystemTime="2026-07-13T22:27:14.647Z"/>
      <EventRecordID>119348</EventRecordID>
      <Correlation/>
      <Execution ProcessID="656" ThreadID="700"/>
      <Channel>System</Channel>
      <Computer>FNW-WKS047.fenwick.local</Computer>
      <Security/>
    </System>
    <EventData>
      <Data Name="param1">IKE and AuthIP IPsec Keying Modules</Data>
      <Data Name="param2">running</Data>
    </EventData>
  </Event>
  <Event xmlns="http://schemas.microsoft.com/win/2004/08/events/event">
    <System>
      <Provider Name="Microsoft-Windows-TaskScheduler" Guid="{de7b24ea-73c8-4a09-985d-5bdadcfa9017}"/>
      <EventID>200</EventID>
      <Version>0</Version>
      <Level>4</Level>
      <Task>0</Task>
      <Opcode>0</Opcode>
      <Keywords>0x8080000000000000</Keywords>
      <TimeCreated SystemTime="2026-07-13T22:27:28.596Z"/>
      <EventRecordID>118891</EventRecordID>
      <Correlation/>
      <Execution ProcessID="656" ThreadID="700"/>
      <Channel>System</Channel>
      <Computer>FNW-WKS047.fenwick.local</Computer>
      <Security/>
    </System>
    <EventData>
      <Data Name="TaskName">\Fenwick\Endpoint\InventorySync</Data>
      <Data Name="ActionName">Execute</Data>
    </EventData>
  </Event>
  <Event xmlns="http://schemas.microsoft.com/win/2004/08/events/event">
    <System>
      <Provider Name="Microsoft-Windows-TaskScheduler" Guid="{de7b24ea-73c8-4a09-985d-5bdadcfa9017}"/>
      <EventID>200</EventID>
      <Version>0</Version>
      <Level>4</Level>
      <Task>0</Task>
      <Opcode>0</Opcode>
      <Keywords>0x8080000000000000</Keywords>
      <TimeCreated SystemTime="2026-07-13T22:27:49.350Z"/>
      <EventRecordID>121037</EventRecordID>
      <Correlation/>
      <Execution ProcessID="656" ThreadID="700"/>
      <Channel>System</Channel>
      <Computer>FNW-WKS047.fenwick.local</Computer>
      <Security/>
    </System>
    <EventData>
      <Data Name="TaskName">\Microsoft\Windows\Time Synchronization\SynchronizeTime</Data>
      <Data Name="ActionName">Execute</Data>
    </EventData>
  </Event>
  <Event xmlns="http://schemas.microsoft.com/win/2004/08/events/event">
    <System>
      <Provider Name="Service Control Manager" Guid="{555908d1-a6d7-4695-8e1e-26931d2012f4}" EventSourceName="Service Control Manager"/>
      <EventID>7036</EventID>
      <Version>0</Version>
      <Level>4</Level>
      <Task>0</Task>
      <Opcode>0</Opcode>
      <Keywords>0x8080000000000000</Keywords>
      <TimeCreated SystemTime="2026-07-13T22:28:52.104Z"/>
      <EventRecordID>121398</EventRecordID>
      <Correlation/>
      <Execution ProcessID="656" ThreadID="700"/>
      <Channel>System</Channel>
      <Computer>FNW-WKS047.fenwick.local</Computer>
      <Security/>
    </System>
    <EventData>
      <Data Name="param1">Remote Procedure Call Locator</Data>
      <Data Name="param2">stopped</Data>
    </EventData>
  </Event>
  <Event xmlns="http://schemas.microsoft.com/win/2004/08/events/event">
    <System>
      <Provider Name="Microsoft-Windows-WindowsUpdateClient" Guid="{945a8954-c147-4acd-923f-40c45405a658}"/>
      <EventID>19</EventID>
      <Version>0</Version>
      <Level>4</Level>
      <Task>0</Task>
      <Opcode>0</Opcode>
      <Keywords>0x8080000000000000</Keywords>
      <TimeCreated SystemTime="2026-07-13T22:29:18.525Z"/>
      <EventRecordID>119124</EventRecordID>
      <Correlation/>
      <Execution ProcessID="656" ThreadID="700"/>
      <Channel>System</Channel>
      <Computer>FNW-WKS047.fenwick.local</Computer>
      <Security/>
    </System>
    <EventData>
      <Data Name="UpdateTitle">KB5035165 Cumulative Update for Windows 11</Data>
      <Data Name="UpdateId">{f1bfff6b-0eba-a7a3-fc96-459676f80859}</Data>
    </EventData>
  </Event>
  <Event xmlns="http://schemas.microsoft.com/win/2004/08/events/event">
    <System>
      <Provider Name="Service Control Manager" Guid="{555908d1-a6d7-4695-8e1e-26931d2012f4}" EventSourceName="Service Control Manager"/>
      <EventID>7036</EventID>
      <Version>0</Version>
      <Level>4</Level>
      <Task>0</Task>
      <Opcode>0</Opcode>
      <Keywords>0x8080000000000000</Keywords>
      <TimeCreated SystemTime="2026-07-13T22:29:36.357Z"/>
      <EventRecordID>121018</EventRecordID>
      <Correlation/>
      <Execution ProcessID="656" ThreadID="700"/>
      <Channel>System</Channel>
      <Computer>FNW-WKS047.fenwick.local</Computer>
      <Security/>
    </System>
    <EventData>
      <Data Name="param1">Network Location Awareness</Data>
      <Data Name="param2">stopped</Data>
    </EventData>
  </Event>
  <Event xmlns="http://schemas.microsoft.com/win/2004/08/events/event">
    <System>
      <Provider Name="Service Control Manager" Guid="{555908d1-a6d7-4695-8e1e-26931d2012f4}" EventSourceName="Service Control Manager"/>
      <EventID>7036</EventID>
      <Version>0</Version>
      <Level>4</Level>
      <Task>0</Task>
      <Opcode>0</Opcode>
      <Keywords>0x8080000000000000</Keywords>
      <TimeCreated SystemTime="2026-07-13T22:29:56.938Z"/>
      <EventRecordID>118745</EventRecordID>
      <Correlation/>
      <Execution ProcessID="656" ThreadID="700"/>
      <Channel>System</Channel>
      <Computer>FNW-WKS047.fenwick.local</Computer>
      <Security/>
    </System>
    <EventData>
      <Data Name="param1">Distributed Link Tracking Client</Data>
      <Data Name="param2">stopped</Data>
    </EventData>
  </Event>
  <Event xmlns="http://schemas.microsoft.com/win/2004/08/events/event">
    <System>
      <Provider Name="Application Error" Guid="{a0e9b465-b939-57d7-b27a-c6e2c7ded9ff}"/>
      <EventID>1000</EventID>
      <Version>0</Version>
      <Level>4</Level>
      <Task>0</Task>
      <Opcode>0</Opcode>
      <Keywords>0x8080000000000000</Keywords>
      <TimeCreated SystemTime="2026-07-13T22:30:17.587Z"/>
      <EventRecordID>118904</EventRecordID>
      <Correlation/>
      <Execution ProcessID="656" ThreadID="700"/>
      <Channel>Application</Channel>
      <Computer>FNW-WKS047.fenwick.local</Computer>
      <Security/>
    </System>
    <EventData>
      <Data Name="Application Name">outlook.exe</Data>
      <Data Name="Application Version">18.0.9648.0</Data>
      <Data Name="Fault Module Name">ntdll.dll</Data>
      <Data Name="Exception Code">0xc0000005</Data>
    </EventData>
  </Event>
  <Event xmlns="http://schemas.microsoft.com/win/2004/08/events/event">
    <System>
      <Provider Name="Microsoft-Windows-Windows Firewall With Advanced Security" Guid="{63d2bb1d-e39a-41b8-9a3d-52dd06677588}"/>
      <EventID>5157</EventID>
      <Version>0</Version>
      <Level>4</Level>
      <Task>0</Task>
      <Opcode>0</Opcode>
      <Keywords>0x8080000000000000</Keywords>
      <TimeCreated SystemTime="2026-07-13T22:30:44.060Z"/>
      <EventRecordID>120254</EventRecordID>
      <Correlation/>
      <Execution ProcessID="656" ThreadID="700"/>
      <Channel>System</Channel>
      <Computer>FNW-WKS047.fenwick.local</Computer>
      <Security/>
    </System>
    <EventData>
      <Data Name="Application">System</Data>
      <Data Name="SourceAddress">10.14.22.212</Data>
      <Data Name="DestPort">5357</Data>
      <Data Name="Direction">Inbound</Data>
    </EventData>
  </Event>
  <Event xmlns="http://schemas.microsoft.com/win/2004/08/events/event">
    <System>
      <Provider Name="Microsoft-Windows-TaskScheduler" Guid="{de7b24ea-73c8-4a09-985d-5bdadcfa9017}"/>
      <EventID>200</EventID>
      <Version>0</Version>
      <Level>4</Level>
      <Task>0</Task>
      <Opcode>0</Opcode>
      <Keywords>0x8080000000000000</Keywords>
      <TimeCreated SystemTime="2026-07-13T22:30:50.862Z"/>
      <EventRecordID>120924</EventRecordID>
      <Correlation/>
      <Execution ProcessID="656" ThreadID="700"/>
      <Channel>System</Channel>
      <Computer>FNW-WKS047.fenwick.local</Computer>
      <Security/>
    </System>
    <EventData>
      <Data Name="TaskName">\Microsoft\Windows\Application Experience\Microsoft Compatibility Appraiser</Data>
      <Data Name="ActionName">Execute</Data>
    </EventData>
  </Event>
  <Event xmlns="http://schemas.microsoft.com/win/2004/08/events/event">
    <System>
      <Provider Name="Service Control Manager" Guid="{555908d1-a6d7-4695-8e1e-26931d2012f4}" EventSourceName="Service Control Manager"/>
      <EventID>7036</EventID>
      <Version>0</Version>
      <Level>4</Level>
      <Task>0</Task>
      <Opcode>0</Opcode>
      <Keywords>0x8080000000000000</Keywords>
      <TimeCreated SystemTime="2026-07-13T22:31:07.298Z"/>
      <EventRecordID>118660</EventRecordID>
      <Correlation/>
      <Execution ProcessID="656" ThreadID="700"/>
      <Channel>System</Channel>
      <Computer>FNW-WKS047.fenwick.local</Computer>
      <Security/>
    </System>
    <EventData>
      <Data Name="param1">Diagnostic Policy Service</Data>
      <Data Name="param2">running</Data>
    </EventData>
  </Event>
  <Event xmlns="http://schemas.microsoft.com/win/2004/08/events/event">
    <System>
      <Provider Name="Microsoft-Windows-Security-Auditing" Guid="{54849625-5478-4994-a5ba-3e3b0328c30d}"/>
      <EventID>4624</EventID>
      <Version>0</Version>
      <Level>4</Level>
      <Task>0</Task>
      <Opcode>0</Opcode>
      <Keywords>0x8080000000000000</Keywords>
      <TimeCreated SystemTime="2026-07-13T22:31:28.748Z"/>
      <EventRecordID>120717</EventRecordID>
      <Correlation/>
      <Execution ProcessID="656" ThreadID="700"/>
      <Channel>Security</Channel>
      <Computer>FNW-WKS047.fenwick.local</Computer>
      <Security/>
    </System>
    <EventData>
      <Data Name="TargetUserName">m.laurent</Data>
      <Data Name="LogonType">2</Data>
      <Data Name="WorkstationName">FNW-WKS047</Data>
      <Data Name="IpAddress">10.14.22.92</Data>
    </EventData>
  </Event>
  <Event xmlns="http://schemas.microsoft.com/win/2004/08/events/event">
    <System>
      <Provider Name="Service Control Manager" Guid="{555908d1-a6d7-4695-8e1e-26931d2012f4}" EventSourceName="Service Control Manager"/>
      <EventID>7045</EventID>
      <Version>0</Version>
      <Level>4</Level>
      <Task>0</Task>
      <Opcode>0</Opcode>
      <Keywords>0x8080000000000000</Keywords>
      <TimeCreated SystemTime="2026-07-13T22:31:39.441Z"/>
      <EventRecordID>120372</EventRecordID>
      <Correlation/>
      <Execution ProcessID="656" ThreadID="700"/>
      <Channel>System</Channel>
      <Computer>FNW-WKS047.fenwick.local</Computer>
      <Security/>
    </System>
    <EventData>
      <Data Name="ServiceName">IKE and AuthIP IPsec Keying Modules</Data>
      <Data Name="ImagePath">C:\Windows\System32\IKEandAuthIPIPsecKeyingModules.exe</Data>
      <Data Name="ServiceType">user mode service</Data>
      <Data Name="StartType">auto start</Data>
      <Data Name="AccountName">LocalSystem</Data>
    </EventData>
  </Event>
  <Event xmlns="http://schemas.microsoft.com/win/2004/08/events/event">
    <System>
      <Provider Name="Microsoft-Windows-Security-Auditing" Guid="{54849625-5478-4994-a5ba-3e3b0328c30d}"/>
      <EventID>4634</EventID>
      <Version>0</Version>
      <Level>4</Level>
      <Task>0</Task>
      <Opcode>0</Opcode>
      <Keywords>0x8080000000000000</Keywords>
      <TimeCreated SystemTime="2026-07-13T22:31:45.088Z"/>
      <EventRecordID>119536</EventRecordID>
      <Correlation/>
      <Execution ProcessID="656" ThreadID="700"/>
      <Channel>Security</Channel>
      <Computer>FNW-WKS047.fenwick.local</Computer>
      <Security/>
    </System>
    <EventData>
      <Data Name="TargetUserName">a.dubois</Data>
      <Data Name="LogonType">3</Data>
    </EventData>
  </Event>
  <Event xmlns="http://schemas.microsoft.com/win/2004/08/events/event">
    <System>
      <Provider Name="Microsoft-Windows-Security-Auditing" Guid="{54849625-5478-4994-a5ba-3e3b0328c30d}"/>
      <EventID>4624</EventID>
      <Version>0</Version>
      <Level>4</Level>
      <Task>0</Task>
      <Opcode>0</Opcode>
      <Keywords>0x8080000000000000</Keywords>
      <TimeCreated SystemTime="2026-07-13T22:32:19.511Z"/>
      <EventRecordID>118999</EventRecordID>
      <Correlation/>
      <Execution ProcessID="656" ThreadID="700"/>
      <Channel>Security</Channel>
      <Computer>FNW-WKS047.fenwick.local</Computer>
      <Security/>
    </System>
    <EventData>
      <Data Name="TargetUserName">j.moreau</Data>
      <Data Name="LogonType">2</Data>
      <Data Name="WorkstationName">FNW-WKS047</Data>
      <Data Name="IpAddress">10.14.22.171</Data>
    </EventData>
  </Event>
  <Event xmlns="http://schemas.microsoft.com/win/2004/08/events/event">
    <System>
      <Provider Name="Microsoft-Windows-TaskScheduler" Guid="{de7b24ea-73c8-4a09-985d-5bdadcfa9017}"/>
      <EventID>200</EventID>
      <Version>0</Version>
      <Level>4</Level>
      <Task>0</Task>
      <Opcode>0</Opcode>
      <Keywords>0x8080000000000000</Keywords>
      <TimeCreated SystemTime="2026-07-13T22:32:22.308Z"/>
      <EventRecordID>120202</EventRecordID>
      <Correlation/>
      <Execution ProcessID="656" ThreadID="700"/>
      <Channel>System</Channel>
      <Computer>FNW-WKS047.fenwick.local</Computer>
      <Security/>
    </System>
    <EventData>
      <Data Name="TaskName">\Microsoft\Windows\DiskCleanup\SilentCleanup</Data>
      <Data Name="ActionName">Execute</Data>
    </EventData>
  </Event>
  <Event xmlns="http://schemas.microsoft.com/win/2004/08/events/event">
    <System>
      <Provider Name="Microsoft-Windows-TaskScheduler" Guid="{de7b24ea-73c8-4a09-985d-5bdadcfa9017}"/>
      <EventID>201</EventID>
      <Version>0</Version>
      <Level>4</Level>
      <Task>0</Task>
      <Opcode>0</Opcode>
      <Keywords>0x8080000000000000</Keywords>
      <TimeCreated SystemTime="2026-07-13T22:32:26.395Z"/>
      <EventRecordID>118974</EventRecordID>
      <Correlation/>
      <Execution ProcessID="656" ThreadID="700"/>
      <Channel>System</Channel>
      <Computer>FNW-WKS047.fenwick.local</Computer>
      <Security/>
    </System>
    <EventData>
      <Data Name="TaskName">\Microsoft\Windows\Application Experience\Microsoft Compatibility Appraiser</Data>
      <Data Name="ResultCode">0</Data>
    </EventData>
  </Event>
  <Event xmlns="http://schemas.microsoft.com/win/2004/08/events/event">
    <System>
      <Provider Name="Microsoft-Windows-PrintService" Guid="{747ef6fd-e535-4d16-b3b7-99e3e73c1c93}"/>
      <EventID>307</EventID>
      <Version>0</Version>
      <Level>4</Level>
      <Task>0</Task>
      <Opcode>0</Opcode>
      <Keywords>0x8080000000000000</Keywords>
      <TimeCreated SystemTime="2026-07-13T22:32:51.563Z"/>
      <EventRecordID>120144</EventRecordID>
      <Correlation/>
      <Execution ProcessID="656" ThreadID="700"/>
      <Channel>System</Channel>
      <Computer>FNW-WKS047.fenwick.local</Computer>
      <Security/>
    </System>
    <EventData>
      <Data Name="Document">Meeting_Notes.docx</Data>
      <Data Name="User">a.dubois</Data>
      <Data Name="Printer">\\printserver.fenwick.local\HP-Floor2</Data>
      <Data Name="Pages">4</Data>
    </EventData>
  </Event>
  <Event xmlns="http://schemas.microsoft.com/win/2004/08/events/event">
    <System>
      <Provider Name="Microsoft-Windows-Windows Firewall With Advanced Security" Guid="{63d2bb1d-e39a-41b8-9a3d-52dd06677588}"/>
      <EventID>5157</EventID>
      <Version>0</Version>
      <Level>4</Level>
      <Task>0</Task>
      <Opcode>0</Opcode>
      <Keywords>0x8080000000000000</Keywords>
      <TimeCreated SystemTime="2026-07-13T22:33:08.749Z"/>
      <EventRecordID>119691</EventRecordID>
      <Correlation/>
      <Execution ProcessID="656" ThreadID="700"/>
      <Channel>System</Channel>
      <Computer>FNW-WKS047.fenwick.local</Computer>
      <Security/>
    </System>
    <EventData>
      <Data Name="Application">System</Data>
      <Data Name="SourceAddress">10.14.22.162</Data>
      <Data Name="DestPort">8080</Data>
      <Data Name="Direction">Inbound</Data>
    </EventData>
  </Event>
  <Event xmlns="http://schemas.microsoft.com/win/2004/08/events/event">
    <System>
      <Provider Name="Microsoft-Windows-WindowsUpdateClient" Guid="{945a8954-c147-4acd-923f-40c45405a658}"/>
      <EventID>19</EventID>
      <Version>0</Version>
      <Level>4</Level>
      <Task>0</Task>
      <Opcode>0</Opcode>
      <Keywords>0x8080000000000000</Keywords>
      <TimeCreated SystemTime="2026-07-13T22:33:13.191Z"/>
      <EventRecordID>118503</EventRecordID>
      <Correlation/>
      <Execution ProcessID="656" ThreadID="700"/>
      <Channel>System</Channel>
      <Computer>FNW-WKS047.fenwick.local</Computer>
      <Security/>
    </System>
    <EventData>
      <Data Name="UpdateTitle">KB5039138 Cumulative Update for Windows 11</Data>
      <Data Name="UpdateId">{85aafe4d-8e49-b1af-2849-958c5a7ba0be}</Data>
    </EventData>
  </Event>
  <Event xmlns="http://schemas.microsoft.com/win/2004/08/events/event">
    <System>
      <Provider Name="Microsoft-Windows-Security-Auditing" Guid="{54849625-5478-4994-a5ba-3e3b0328c30d}"/>
      <EventID>4624</EventID>
      <Version>0</Version>
      <Level>4</Level>
      <Task>0</Task>
      <Opcode>0</Opcode>
      <Keywords>0x8080000000000000</Keywords>
      <TimeCreated SystemTime="2026-07-13T22:33:26.464Z"/>
      <EventRecordID>119985</EventRecordID>
      <Correlation/>
      <Execution ProcessID="656" ThreadID="700"/>
      <Channel>Security</Channel>
      <Computer>FNW-WKS047.fenwick.local</Computer>
      <Security/>
    </System>
    <EventData>
      <Data Name="TargetUserName">m.laurent</Data>
      <Data Name="LogonType">3</Data>
      <Data Name="WorkstationName">FNW-WKS047</Data>
      <Data Name="IpAddress">10.14.22.120</Data>
    </EventData>
  </Event>
  <Event xmlns="http://schemas.microsoft.com/win/2004/08/events/event">
    <System>
      <Provider Name="Service Control Manager" Guid="{555908d1-a6d7-4695-8e1e-26931d2012f4}" EventSourceName="Service Control Manager"/>
      <EventID>7036</EventID>
      <Version>0</Version>
      <Level>4</Level>
      <Task>0</Task>
      <Opcode>0</Opcode>
      <Keywords>0x8080000000000000</Keywords>
      <TimeCreated SystemTime="2026-07-13T22:33:31.818Z"/>
      <EventRecordID>120704</EventRecordID>
      <Correlation/>
      <Execution ProcessID="656" ThreadID="700"/>
      <Channel>System</Channel>
      <Computer>FNW-WKS047.fenwick.local</Computer>
      <Security/>
    </System>
    <EventData>
      <Data Name="param1">Print Spooler</Data>
      <Data Name="param2">running</Data>
    </EventData>
  </Event>
  <Event xmlns="http://schemas.microsoft.com/win/2004/08/events/event">
    <System>
      <Provider Name="Microsoft-Windows-DNS-Client" Guid="{1c95126e-7eea-49a9-a3fe-a378b03ddb4d}"/>
      <EventID>3008</EventID>
      <Version>0</Version>
      <Level>4</Level>
      <Task>0</Task>
      <Opcode>0</Opcode>
      <Keywords>0x8080000000000000</Keywords>
      <TimeCreated SystemTime="2026-07-13T22:33:36.147Z"/>
      <EventRecordID>120256</EventRecordID>
      <Correlation/>
      <Execution ProcessID="656" ThreadID="700"/>
      <Channel>System</Channel>
      <Computer>FNW-WKS047.fenwick.local</Computer>
      <Security/>
    </System>
    <EventData>
      <Data Name="QueryName">time.windows.com</Data>
      <Data Name="QueryStatus">0</Data>
    </EventData>
  </Event>
  <Event xmlns="http://schemas.microsoft.com/win/2004/08/events/event">
    <System>
      <Provider Name="Microsoft-Windows-Security-Auditing" Guid="{54849625-5478-4994-a5ba-3e3b0328c30d}"/>
      <EventID>4624</EventID>
      <Version>0</Version>
      <Level>4</Level>
      <Task>0</Task>
      <Opcode>0</Opcode>
      <Keywords>0x8080000000000000</Keywords>
      <TimeCreated SystemTime="2026-07-13T22:33:47.636Z"/>
      <EventRecordID>118751</EventRecordID>
      <Correlation/>
      <Execution ProcessID="656" ThreadID="700"/>
      <Channel>Security</Channel>
      <Computer>FNW-WKS047.fenwick.local</Computer>
      <Security/>
    </System>
    <EventData>
      <Data Name="TargetUserName">a.dubois</Data>
      <Data Name="LogonType">10</Data>
      <Data Name="WorkstationName">FNW-WKS047</Data>
      <Data Name="IpAddress">10.14.22.218</Data>
    </EventData>
  </Event>
  <Event xmlns="http://schemas.microsoft.com/win/2004/08/events/event">
    <System>
      <Provider Name="Microsoft-Windows-Security-Auditing" Guid="{54849625-5478-4994-a5ba-3e3b0328c30d}"/>
      <EventID>4634</EventID>
      <Version>0</Version>
      <Level>4</Level>
      <Task>0</Task>
      <Opcode>0</Opcode>
      <Keywords>0x8080000000000000</Keywords>
      <TimeCreated SystemTime="2026-07-13T22:33:55.145Z"/>
      <EventRecordID>118416</EventRecordID>
      <Correlation/>
      <Execution ProcessID="656" ThreadID="700"/>
      <Channel>Security</Channel>
      <Computer>FNW-WKS047.fenwick.local</Computer>
      <Security/>
    </System>
    <EventData>
      <Data Name="TargetUserName">svc_backup</Data>
      <Data Name="LogonType">7</Data>
    </EventData>
  </Event>
  <Event xmlns="http://schemas.microsoft.com/win/2004/08/events/event">
    <System>
      <Provider Name="Microsoft-Windows-Windows Firewall With Advanced Security" Guid="{63d2bb1d-e39a-41b8-9a3d-52dd06677588}"/>
      <EventID>5157</EventID>
      <Version>0</Version>
      <Level>4</Level>
      <Task>0</Task>
      <Opcode>0</Opcode>
      <Keywords>0x8080000000000000</Keywords>
      <TimeCreated SystemTime="2026-07-13T22:34:20.925Z"/>
      <EventRecordID>120421</EventRecordID>
      <Correlation/>
      <Execution ProcessID="656" ThreadID="700"/>
      <Channel>System</Channel>
      <Computer>FNW-WKS047.fenwick.local</Computer>
      <Security/>
    </System>
    <EventData>
      <Data Name="Application">System</Data>
      <Data Name="SourceAddress">10.14.22.64</Data>
      <Data Name="DestPort">1900</Data>
      <Data Name="Direction">Inbound</Data>
    </EventData>
  </Event>
  <Event xmlns="http://schemas.microsoft.com/win/2004/08/events/event">
    <System>
      <Provider Name="Microsoft-Windows-DNS-Client" Guid="{1c95126e-7eea-49a9-a3fe-a378b03ddb4d}"/>
      <EventID>3008</EventID>
      <Version>0</Version>
      <Level>4</Level>
      <Task>0</Task>
      <Opcode>0</Opcode>
      <Keywords>0x8080000000000000</Keywords>
      <TimeCreated SystemTime="2026-07-13T22:35:05.684Z"/>
      <EventRecordID>119123</EventRecordID>
      <Correlation/>
      <Execution ProcessID="656" ThreadID="700"/>
      <Channel>System</Channel>
      <Computer>FNW-WKS047.fenwick.local</Computer>
      <Security/>
    </System>
    <EventData>
      <Data Name="QueryName">fenwick-intranet.local</Data>
      <Data Name="QueryStatus">9003</Data>
    </EventData>
  </Event>
  <Event xmlns="http://schemas.microsoft.com/win/2004/08/events/event">
    <System>
      <Provider Name="Service Control Manager" Guid="{555908d1-a6d7-4695-8e1e-26931d2012f4}" EventSourceName="Service Control Manager"/>
      <EventID>7036</EventID>
      <Version>0</Version>
      <Level>4</Level>
      <Task>0</Task>
      <Opcode>0</Opcode>
      <Keywords>0x8080000000000000</Keywords>
      <TimeCreated SystemTime="2026-07-13T22:35:39.941Z"/>
      <EventRecordID>119439</EventRecordID>
      <Correlation/>
      <Execution ProcessID="656" ThreadID="700"/>
      <Channel>System</Channel>
      <Computer>FNW-WKS047.fenwick.local</Computer>
      <Security/>
    </System>
    <EventData>
      <Data Name="param1">Distributed Link Tracking Client</Data>
      <Data Name="param2">running</Data>
    </EventData>
  </Event>
  <Event xmlns="http://schemas.microsoft.com/win/2004/08/events/event">
    <System>
      <Provider Name="Service Control Manager" Guid="{555908d1-a6d7-4695-8e1e-26931d2012f4}" EventSourceName="Service Control Manager"/>
      <EventID>7036</EventID>
      <Version>0</Version>
      <Level>4</Level>
      <Task>0</Task>
      <Opcode>0</Opcode>
      <Keywords>0x8080000000000000</Keywords>
      <TimeCreated SystemTime="2026-07-13T22:37:30.236Z"/>
      <EventRecordID>118418</EventRecordID>
      <Correlation/>
      <Execution ProcessID="656" ThreadID="700"/>
      <Channel>System</Channel>
      <Computer>FNW-WKS047.fenwick.local</Computer>
      <Security/>
    </System>
    <EventData>
      <Data Name="param1">Remote Procedure Call Locator</Data>
      <Data Name="param2">running</Data>
    </EventData>
  </Event>
  <Event xmlns="http://schemas.microsoft.com/win/2004/08/events/event">
    <System>
      <Provider Name="Microsoft-Windows-Security-Auditing" Guid="{54849625-5478-4994-a5ba-3e3b0328c30d}"/>
      <EventID>4624</EventID>
      <Version>0</Version>
      <Level>4</Level>
      <Task>0</Task>
      <Opcode>0</Opcode>
      <Keywords>0x8080000000000000</Keywords>
      <TimeCreated SystemTime="2026-07-13T22:37:35.172Z"/>
      <EventRecordID>120551</EventRecordID>
      <Correlation/>
      <Execution ProcessID="656" ThreadID="700"/>
      <Channel>Security</Channel>
      <Computer>FNW-WKS047.fenwick.local</Computer>
      <Security/>
    </System>
    <EventData>
      <Data Name="TargetUserName">svc_monitoring</Data>
      <Data Name="LogonType">10</Data>
      <Data Name="WorkstationName">FNW-WKS047</Data>
      <Data Name="IpAddress">10.14.22.98</Data>
    </EventData>
  </Event>
  <Event xmlns="http://schemas.microsoft.com/win/2004/08/events/event">
    <System>
      <Provider Name="Microsoft-Windows-PrintService" Guid="{747ef6fd-e535-4d16-b3b7-99e3e73c1c93}"/>
      <EventID>307</EventID>
      <Version>0</Version>
      <Level>4</Level>
      <Task>0</Task>
      <Opcode>0</Opcode>
      <Keywords>0x8080000000000000</Keywords>
      <TimeCreated SystemTime="2026-07-13T22:38:20.699Z"/>
      <EventRecordID>120441</EventRecordID>
      <Correlation/>
      <Execution ProcessID="656" ThreadID="700"/>
      <Channel>System</Channel>
      <Computer>FNW-WKS047.fenwick.local</Computer>
      <Security/>
    </System>
    <EventData>
      <Data Name="Document">Meeting_Notes.docx</Data>
      <Data Name="User">d.reyes</Data>
      <Data Name="Printer">\\printserver.fenwick.local\HP-Floor2</Data>
      <Data Name="Pages">9</Data>
    </EventData>
  </Event>
  <Event xmlns="http://schemas.microsoft.com/win/2004/08/events/event">
    <System>
      <Provider Name="Microsoft-Windows-TaskScheduler" Guid="{de7b24ea-73c8-4a09-985d-5bdadcfa9017}"/>
      <EventID>201</EventID>
      <Version>0</Version>
      <Level>4</Level>
      <Task>0</Task>
      <Opcode>0</Opcode>
      <Keywords>0x8080000000000000</Keywords>
      <TimeCreated SystemTime="2026-07-13T22:38:22.778Z"/>
      <EventRecordID>118525</EventRecordID>
      <Correlation/>
      <Execution ProcessID="656" ThreadID="700"/>
      <Channel>System</Channel>
      <Computer>FNW-WKS047.fenwick.local</Computer>
      <Security/>
    </System>
    <EventData>
      <Data Name="TaskName">\Microsoft\Windows\Time Synchronization\SynchronizeTime</Data>
      <Data Name="ResultCode">0</Data>
    </EventData>
  </Event>
  <Event xmlns="http://schemas.microsoft.com/win/2004/08/events/event">
    <System>
      <Provider Name="Service Control Manager" Guid="{555908d1-a6d7-4695-8e1e-26931d2012f4}" EventSourceName="Service Control Manager"/>
      <EventID>7036</EventID>
      <Version>0</Version>
      <Level>4</Level>
      <Task>0</Task>
      <Opcode>0</Opcode>
      <Keywords>0x8080000000000000</Keywords>
      <TimeCreated SystemTime="2026-07-13T22:38:26.850Z"/>
      <EventRecordID>121059</EventRecordID>
      <Correlation/>
      <Execution ProcessID="656" ThreadID="700"/>
      <Channel>System</Channel>
      <Computer>FNW-WKS047.fenwick.local</Computer>
      <Security/>
    </System>
    <EventData>
      <Data Name="param1">Remote Procedure Call Locator</Data>
      <Data Name="param2">running</Data>
    </EventData>
  </Event>
  <Event xmlns="http://schemas.microsoft.com/win/2004/08/events/event">
    <System>
      <Provider Name="Microsoft-Windows-Security-Auditing" Guid="{54849625-5478-4994-a5ba-3e3b0328c30d}"/>
      <EventID>4624</EventID>
      <Version>0</Version>
      <Level>4</Level>
      <Task>0</Task>
      <Opcode>0</Opcode>
      <Keywords>0x8080000000000000</Keywords>
      <TimeCreated SystemTime="2026-07-13T22:38:35.932Z"/>
      <EventRecordID>118594</EventRecordID>
      <Correlation/>
      <Execution ProcessID="656" ThreadID="700"/>
      <Channel>Security</Channel>
      <Computer>FNW-WKS047.fenwick.local</Computer>
      <Security/>
    </System>
    <EventData>
      <Data Name="TargetUserName">j.moreau</Data>
      <Data Name="LogonType">10</Data>
      <Data Name="WorkstationName">FNW-WKS047</Data>
      <Data Name="IpAddress">10.14.22.135</Data>
    </EventData>
  </Event>
  <Event xmlns="http://schemas.microsoft.com/win/2004/08/events/event">
    <System>
      <Provider Name="Microsoft-Windows-DNS-Client" Guid="{1c95126e-7eea-49a9-a3fe-a378b03ddb4d}"/>
      <EventID>3008</EventID>
      <Version>0</Version>
      <Level>4</Level>
      <Task>0</Task>
      <Opcode>0</Opcode>
      <Keywords>0x8080000000000000</Keywords>
      <TimeCreated SystemTime="2026-07-13T22:38:37.015Z"/>
      <EventRecordID>121372</EventRecordID>
      <Correlation/>
      <Execution ProcessID="656" ThreadID="700"/>
      <Channel>System</Channel>
      <Computer>FNW-WKS047.fenwick.local</Computer>
      <Security/>
    </System>
    <EventData>
      <Data Name="QueryName">outlook.office365.com</Data>
      <Data Name="QueryStatus">0</Data>
    </EventData>
  </Event>
  <Event xmlns="http://schemas.microsoft.com/win/2004/08/events/event">
    <System>
      <Provider Name="Microsoft-Windows-PrintService" Guid="{747ef6fd-e535-4d16-b3b7-99e3e73c1c93}"/>
      <EventID>307</EventID>
      <Version>0</Version>
      <Level>4</Level>
      <Task>0</Task>
      <Opcode>0</Opcode>
      <Keywords>0x8080000000000000</Keywords>
      <TimeCreated SystemTime="2026-07-13T22:39:06.646Z"/>
      <EventRecordID>120886</EventRecordID>
      <Correlation/>
      <Execution ProcessID="656" ThreadID="700"/>
      <Channel>System</Channel>
      <Computer>FNW-WKS047.fenwick.local</Computer>
      <Security/>
    </System>
    <EventData>
      <Data Name="Document">Meeting_Notes.docx</Data>
      <Data Name="User">svc_monitoring</Data>
      <Data Name="Printer">\\printserver.fenwick.local\HP-Floor2</Data>
      <Data Name="Pages">2</Data>
    </EventData>
  </Event>
  <Event xmlns="http://schemas.microsoft.com/win/2004/08/events/event">
    <System>
      <Provider Name="Microsoft-Windows-Security-Auditing" Guid="{54849625-5478-4994-a5ba-3e3b0328c30d}"/>
      <EventID>4624</EventID>
      <Version>0</Version>
      <Level>4</Level>
      <Task>0</Task>
      <Opcode>0</Opcode>
      <Keywords>0x8080000000000000</Keywords>
      <TimeCreated SystemTime="2026-07-13T22:39:10.120Z"/>
      <EventRecordID>119745</EventRecordID>
      <Correlation/>
      <Execution ProcessID="656" ThreadID="700"/>
      <Channel>Security</Channel>
      <Computer>FNW-WKS047.fenwick.local</Computer>
      <Security/>
    </System>
    <EventData>
      <Data Name="TargetUserName">a.dubois</Data>
      <Data Name="LogonType">3</Data>
      <Data Name="WorkstationName">FNW-WKS047</Data>
      <Data Name="IpAddress">10.14.22.165</Data>
    </EventData>
  </Event>
  <Event xmlns="http://schemas.microsoft.com/win/2004/08/events/event">
    <System>
      <Provider Name="Service Control Manager" Guid="{555908d1-a6d7-4695-8e1e-26931d2012f4}" EventSourceName="Service Control Manager"/>
      <EventID>7045</EventID>
      <Version>0</Version>
      <Level>4</Level>
      <Task>0</Task>
      <Opcode>0</Opcode>
      <Keywords>0x8080000000000000</Keywords>
      <TimeCreated SystemTime="2026-07-13T22:39:19.653Z"/>
      <EventRecordID>119706</EventRecordID>
      <Correlation/>
      <Execution ProcessID="656" ThreadID="700"/>
      <Channel>System</Channel>
      <Computer>FNW-WKS047.fenwick.local</Computer>
      <Security/>
    </System>
    <EventData>
      <Data Name="ServiceName">Software Protection</Data>
      <Data Name="ImagePath">C:\Windows\System32\SoftwareProtection.exe</Data>
      <Data Name="ServiceType">user mode service</Data>
      <Data Name="StartType">auto start</Data>
      <Data Name="AccountName">LocalSystem</Data>
    </EventData>
  </Event>
  <Event xmlns="http://schemas.microsoft.com/win/2004/08/events/event">
    <System>
      <Provider Name="Service Control Manager" Guid="{555908d1-a6d7-4695-8e1e-26931d2012f4}" EventSourceName="Service Control Manager"/>
      <EventID>7036</EventID>
      <Version>0</Version>
      <Level>4</Level>
      <Task>0</Task>
      <Opcode>0</Opcode>
      <Keywords>0x8080000000000000</Keywords>
      <TimeCreated SystemTime="2026-07-13T22:39:52.220Z"/>
      <EventRecordID>118549</EventRecordID>
      <Correlation/>
      <Execution ProcessID="656" ThreadID="700"/>
      <Channel>System</Channel>
      <Computer>FNW-WKS047.fenwick.local</Computer>
      <Security/>
    </System>
    <EventData>
      <Data Name="param1">Distributed Link Tracking Client</Data>
      <Data Name="param2">running</Data>
    </EventData>
  </Event>
  <Event xmlns="http://schemas.microsoft.com/win/2004/08/events/event">
    <System>
      <Provider Name="Microsoft-Windows-Security-Auditing" Guid="{54849625-5478-4994-a5ba-3e3b0328c30d}"/>
      <EventID>4624</EventID>
      <Version>0</Version>
      <Level>4</Level>
      <Task>0</Task>
      <Opcode>0</Opcode>
      <Keywords>0x8080000000000000</Keywords>
      <TimeCreated SystemTime="2026-07-13T22:39:59.176Z"/>
      <EventRecordID>120406</EventRecordID>
      <Correlation/>
      <Execution ProcessID="656" ThreadID="700"/>
      <Channel>Security</Channel>
      <Computer>FNW-WKS047.fenwick.local</Computer>
      <Security/>
    </System>
    <EventData>
      <Data Name="TargetUserName">svc_backup</Data>
      <Data Name="LogonType">10</Data>
      <Data Name="WorkstationName">FNW-WKS047</Data>
      <Data Name="IpAddress">10.14.22.150</Data>
    </EventData>
  </Event>
  <Event xmlns="http://schemas.microsoft.com/win/2004/08/events/event">
    <System>
      <Provider Name="Microsoft-Windows-TaskScheduler" Guid="{de7b24ea-73c8-4a09-985d-5bdadcfa9017}"/>
      <EventID>200</EventID>
      <Version>0</Version>
      <Level>4</Level>
      <Task>0</Task>
      <Opcode>0</Opcode>
      <Keywords>0x8080000000000000</Keywords>
      <TimeCreated SystemTime="2026-07-13T22:40:27.521Z"/>
      <EventRecordID>120449</EventRecordID>
      <Correlation/>
      <Execution ProcessID="656" ThreadID="700"/>
      <Channel>System</Channel>
      <Computer>FNW-WKS047.fenwick.local</Computer>
      <Security/>
    </System>
    <EventData>
      <Data Name="TaskName">\Microsoft\Windows\Diagnosis\Scheduled</Data>
      <Data Name="ActionName">Execute</Data>
    </EventData>
  </Event>
  <Event xmlns="http://schemas.microsoft.com/win/2004/08/events/event">
    <System>
      <Provider Name="Microsoft-Windows-TerminalServices-RemoteConnectionManager" Guid="{c76baa63-ae81-421c-b425-340b4b24157f}"/>
      <EventID>21</EventID>
      <Version>0</Version>
      <Level>4</Level>
      <Task>0</Task>
      <Opcode>0</Opcode>
      <Keywords>0x8080000000000000</Keywords>
      <TimeCreated SystemTime="2026-07-13T22:40:31.088Z"/>
      <EventRecordID>120072</EventRecordID>
      <Correlation/>
      <Execution ProcessID="656" ThreadID="700"/>
      <Channel>System</Channel>
      <Computer>FNW-WKS047.fenwick.local</Computer>
      <Security/>
    </System>
    <EventData>
      <Data Name="User">a.dubois</Data>
      <Data Name="SourceNetworkAddress">10.14.22.207</Data>
    </EventData>
  </Event>
  <Event xmlns="http://schemas.microsoft.com/win/2004/08/events/event">
    <System>
      <Provider Name="Service Control Manager" Guid="{555908d1-a6d7-4695-8e1e-26931d2012f4}" EventSourceName="Service Control Manager"/>
      <EventID>7036</EventID>
      <Version>0</Version>
      <Level>4</Level>
      <Task>0</Task>
      <Opcode>0</Opcode>
      <Keywords>0x8080000000000000</Keywords>
      <TimeCreated SystemTime="2026-07-13T22:41:35.314Z"/>
      <EventRecordID>120251</EventRecordID>
      <Correlation/>
      <Execution ProcessID="656" ThreadID="700"/>
      <Channel>System</Channel>
      <Computer>FNW-WKS047.fenwick.local</Computer>
      <Security/>
    </System>
    <EventData>
      <Data Name="param1">Print Spooler</Data>
      <Data Name="param2">stopped</Data>
    </EventData>
  </Event>
  <Event xmlns="http://schemas.microsoft.com/win/2004/08/events/event">
    <System>
      <Provider Name="Microsoft-Windows-Security-Auditing" Guid="{54849625-5478-4994-a5ba-3e3b0328c30d}"/>
      <EventID>4624</EventID>
      <Version>0</Version>
      <Level>4</Level>
      <Task>0</Task>
      <Opcode>0</Opcode>
      <Keywords>0x8080000000000000</Keywords>
      <TimeCreated SystemTime="2026-07-13T22:41:39.634Z"/>
      <EventRecordID>121014</EventRecordID>
      <Correlation/>
      <Execution ProcessID="656" ThreadID="700"/>
      <Channel>Security</Channel>
      <Computer>FNW-WKS047.fenwick.local</Computer>
      <Security/>
    </System>
    <EventData>
      <Data Name="TargetUserName">d.reyes</Data>
      <Data Name="LogonType">3</Data>
      <Data Name="WorkstationName">FNW-WKS047</Data>
      <Data Name="IpAddress">10.14.22.200</Data>
    </EventData>
  </Event>
  <Event xmlns="http://schemas.microsoft.com/win/2004/08/events/event">
    <System>
      <Provider Name="Microsoft-Windows-TaskScheduler" Guid="{de7b24ea-73c8-4a09-985d-5bdadcfa9017}"/>
      <EventID>200</EventID>
      <Version>0</Version>
      <Level>4</Level>
      <Task>0</Task>
      <Opcode>0</Opcode>
      <Keywords>0x8080000000000000</Keywords>
      <TimeCreated SystemTime="2026-07-13T22:41:44.398Z"/>
      <EventRecordID>119017</EventRecordID>
      <Correlation/>
      <Execution ProcessID="656" ThreadID="700"/>
      <Channel>System</Channel>
      <Computer>FNW-WKS047.fenwick.local</Computer>
      <Security/>
    </System>
    <EventData>
      <Data Name="TaskName">\Microsoft\Windows\Time Synchronization\SynchronizeTime</Data>
      <Data Name="ActionName">Execute</Data>
    </EventData>
  </Event>
  <Event xmlns="http://schemas.microsoft.com/win/2004/08/events/event">
    <System>
      <Provider Name="Microsoft-Windows-Windows Firewall With Advanced Security" Guid="{63d2bb1d-e39a-41b8-9a3d-52dd06677588}"/>
      <EventID>5157</EventID>
      <Version>0</Version>
      <Level>4</Level>
      <Task>0</Task>
      <Opcode>0</Opcode>
      <Keywords>0x8080000000000000</Keywords>
      <TimeCreated SystemTime="2026-07-13T22:41:50.922Z"/>
      <EventRecordID>119799</EventRecordID>
      <Correlation/>
      <Execution ProcessID="656" ThreadID="700"/>
      <Channel>System</Channel>
      <Computer>FNW-WKS047.fenwick.local</Computer>
      <Security/>
    </System>
    <EventData>
      <Data Name="Application">System</Data>
      <Data Name="SourceAddress">10.14.22.223</Data>
      <Data Name="DestPort">445</Data>
      <Data Name="Direction">Inbound</Data>
    </EventData>
  </Event>
  <Event xmlns="http://schemas.microsoft.com/win/2004/08/events/event">
    <System>
      <Provider Name="Service Control Manager" Guid="{555908d1-a6d7-4695-8e1e-26931d2012f4}" EventSourceName="Service Control Manager"/>
      <EventID>7036</EventID>
      <Version>0</Version>
      <Level>4</Level>
      <Task>0</Task>
      <Opcode>0</Opcode>
      <Keywords>0x8080000000000000</Keywords>
      <TimeCreated SystemTime="2026-07-13T22:42:42.409Z"/>
      <EventRecordID>120428</EventRecordID>
      <Correlation/>
      <Execution ProcessID="656" ThreadID="700"/>
      <Channel>System</Channel>
      <Computer>FNW-WKS047.fenwick.local</Computer>
      <Security/>
    </System>
    <EventData>
      <Data Name="param1">Software Protection</Data>
      <Data Name="param2">running</Data>
    </EventData>
  </Event>
  <Event xmlns="http://schemas.microsoft.com/win/2004/08/events/event">
    <System>
      <Provider Name="Microsoft-Windows-DNS-Client" Guid="{1c95126e-7eea-49a9-a3fe-a378b03ddb4d}"/>
      <EventID>3008</EventID>
      <Version>0</Version>
      <Level>4</Level>
      <Task>0</Task>
      <Opcode>0</Opcode>
      <Keywords>0x8080000000000000</Keywords>
      <TimeCreated SystemTime="2026-07-13T22:43:11.719Z"/>
      <EventRecordID>118471</EventRecordID>
      <Correlation/>
      <Execution ProcessID="656" ThreadID="700"/>
      <Channel>System</Channel>
      <Computer>FNW-WKS047.fenwick.local</Computer>
      <Security/>
    </System>
    <EventData>
      <Data Name="QueryName">update.microsoft.com</Data>
      <Data Name="QueryStatus">0</Data>
    </EventData>
  </Event>
  <Event xmlns="http://schemas.microsoft.com/win/2004/08/events/event">
    <System>
      <Provider Name="Microsoft-Windows-DNS-Client" Guid="{1c95126e-7eea-49a9-a3fe-a378b03ddb4d}"/>
      <EventID>3008</EventID>
      <Version>0</Version>
      <Level>4</Level>
      <Task>0</Task>
      <Opcode>0</Opcode>
      <Keywords>0x8080000000000000</Keywords>
      <TimeCreated SystemTime="2026-07-13T22:43:43.745Z"/>
      <EventRecordID>119221</EventRecordID>
      <Correlation/>
      <Execution ProcessID="656" ThreadID="700"/>
      <Channel>System</Channel>
      <Computer>FNW-WKS047.fenwick.local</Computer>
      <Security/>
    </System>
    <EventData>
      <Data Name="QueryName">printserver.fenwick.local</Data>
      <Data Name="QueryStatus">0</Data>
    </EventData>
  </Event>
  <Event xmlns="http://schemas.microsoft.com/win/2004/08/events/event">
    <System>
      <Provider Name="Microsoft-Windows-DNS-Client" Guid="{1c95126e-7eea-49a9-a3fe-a378b03ddb4d}"/>
      <EventID>3008</EventID>
      <Version>0</Version>
      <Level>4</Level>
      <Task>0</Task>
      <Opcode>0</Opcode>
      <Keywords>0x8080000000000000</Keywords>
      <TimeCreated SystemTime="2026-07-13T22:43:58.453Z"/>
      <EventRecordID>120575</EventRecordID>
      <Correlation/>
      <Execution ProcessID="656" ThreadID="700"/>
      <Channel>System</Channel>
      <Computer>FNW-WKS047.fenwick.local</Computer>
      <Security/>
    </System>
    <EventData>
      <Data Name="QueryName">fileshare-toulouse.fenwick.local</Data>
      <Data Name="QueryStatus">0</Data>
    </EventData>
  </Event>
  <Event xmlns="http://schemas.microsoft.com/win/2004/08/events/event">
    <System>
      <Provider Name="Microsoft-Windows-Windows Defender" Guid="{11cd958a-c507-4ef3-b3f2-5fd9dfbd2c78}"/>
      <EventID>1001</EventID>
      <Version>0</Version>
      <Level>4</Level>
      <Task>0</Task>
      <Opcode>0</Opcode>
      <Keywords>0x8080000000000000</Keywords>
      <TimeCreated SystemTime="2026-07-13T22:44:10.359Z"/>
      <EventRecordID>119656</EventRecordID>
      <Correlation/>
      <Execution ProcessID="656" ThreadID="700"/>
      <Channel>System</Channel>
      <Computer>FNW-WKS047.fenwick.local</Computer>
      <Security/>
    </System>
    <EventData>
      <Data Name="Scan Type">Quick</Data>
      <Data Name="Scan Result">No threats detected</Data>
    </EventData>
  </Event>
  <Event xmlns="http://schemas.microsoft.com/win/2004/08/events/event">
    <System>
      <Provider Name="Microsoft-Windows-Security-Auditing" Guid="{54849625-5478-4994-a5ba-3e3b0328c30d}"/>
      <EventID>4634</EventID>
      <Version>0</Version>
      <Level>4</Level>
      <Task>0</Task>
      <Opcode>0</Opcode>
      <Keywords>0x8080000000000000</Keywords>
      <TimeCreated SystemTime="2026-07-13T22:44:15.518Z"/>
      <EventRecordID>119387</EventRecordID>
      <Correlation/>
      <Execution ProcessID="656" ThreadID="700"/>
      <Channel>Security</Channel>
      <Computer>FNW-WKS047.fenwick.local</Computer>
      <Security/>
    </System>
    <EventData>
      <Data Name="TargetUserName">a.dubois</Data>
      <Data Name="LogonType">2</Data>
    </EventData>
  </Event>
  <Event xmlns="http://schemas.microsoft.com/win/2004/08/events/event">
    <System>
      <Provider Name="Microsoft-Windows-PrintService" Guid="{747ef6fd-e535-4d16-b3b7-99e3e73c1c93}"/>
      <EventID>307</EventID>
      <Version>0</Version>
      <Level>4</Level>
      <Task>0</Task>
      <Opcode>0</Opcode>
      <Keywords>0x8080000000000000</Keywords>
      <TimeCreated SystemTime="2026-07-13T22:44:17.858Z"/>
      <EventRecordID>118770</EventRecordID>
      <Correlation/>
      <Execution ProcessID="656" ThreadID="700"/>
      <Channel>System</Channel>
      <Computer>FNW-WKS047.fenwick.local</Computer>
      <Security/>
    </System>
    <EventData>
      <Data Name="Document">Q3_Report.docx</Data>
      <Data Name="User">svc_monitoring</Data>
      <Data Name="Printer">\\printserver.fenwick.local\HP-Floor2</Data>
      <Data Name="Pages">5</Data>
    </EventData>
  </Event>
  <Event xmlns="http://schemas.microsoft.com/win/2004/08/events/event">
    <System>
      <Provider Name="Microsoft-Windows-WindowsUpdateClient" Guid="{945a8954-c147-4acd-923f-40c45405a658}"/>
      <EventID>19</EventID>
      <Version>0</Version>
      <Level>4</Level>
      <Task>0</Task>
      <Opcode>0</Opcode>
      <Keywords>0x8080000000000000</Keywords>
      <TimeCreated SystemTime="2026-07-13T22:44:27.247Z"/>
      <EventRecordID>120412</EventRecordID>
      <Correlation/>
      <Execution ProcessID="656" ThreadID="700"/>
      <Channel>System</Channel>
      <Computer>FNW-WKS047.fenwick.local</Computer>
      <Security/>
    </System>
    <EventData>
      <Data Name="UpdateTitle">KB5039176 Cumulative Update for Windows 11</Data>
      <Data Name="UpdateId">{71c808aa-9697-570b-8ffc-dc222a938754}</Data>
    </EventData>
  </Event>
  <Event xmlns="http://schemas.microsoft.com/win/2004/08/events/event">
    <System>
      <Provider Name="Microsoft-Windows-Kernel-PnP" Guid="{9c205a39-1250-487d-abd7-e831c6290539}"/>
      <EventID>410</EventID>
      <Version>0</Version>
      <Level>4</Level>
      <Task>0</Task>
      <Opcode>0</Opcode>
      <Keywords>0x8080000000000000</Keywords>
      <TimeCreated SystemTime="2026-07-13T22:44:47.296Z"/>
      <EventRecordID>121001</EventRecordID>
      <Correlation/>
      <Execution ProcessID="656" ThreadID="700"/>
      <Channel>System</Channel>
      <Computer>FNW-WKS047.fenwick.local</Computer>
      <Security/>
    </System>
    <EventData>
      <Data Name="DeviceDescription">Generic Bluetooth Adapter</Data>
      <Data Name="Status">0</Data>
    </EventData>
  </Event>
  <Event xmlns="http://schemas.microsoft.com/win/2004/08/events/event">
    <System>
      <Provider Name="Microsoft-Windows-DNS-Client" Guid="{1c95126e-7eea-49a9-a3fe-a378b03ddb4d}"/>
      <EventID>3008</EventID>
      <Version>0</Version>
      <Level>4</Level>
      <Task>0</Task>
      <Opcode>0</Opcode>
      <Keywords>0x8080000000000000</Keywords>
      <TimeCreated SystemTime="2026-07-13T22:44:48.929Z"/>
      <EventRecordID>119432</EventRecordID>
      <Correlation/>
      <Execution ProcessID="656" ThreadID="700"/>
      <Channel>System</Channel>
      <Computer>FNW-WKS047.fenwick.local</Computer>
      <Security/>
    </System>
    <EventData>
      <Data Name="QueryName">update.microsoft.com</Data>
      <Data Name="QueryStatus">9003</Data>
    </EventData>
  </Event>
  