<Event xmlns="http://schemas.microsoft.com/win/2004/08/events/event">
    <System>
      <Provider Name="Microsoft-Windows-Windows Defender" Guid="{11cd958a-c507-4ef3-b3f2-5fd9dfbd2c78}"/>
      <EventID>1001</EventID>
      <Version>0</Version>
      <Level>4</Level>
      <Task>0</Task>
      <Opcode>0</Opcode>
      <Keywords>0x8080000000000000</Keywords>
      <TimeCreated SystemTime="2026-07-13T23:42:09.044Z"/>
      <EventRecordID>119354</EventRecordID>
      <Correlation/>
      <Execution ProcessID="656" ThreadID="700"/>
      <Channel>System</Channel>
      <Computer>FNW-WKS047.fenwick.local</Computer>
      <Security/>
    </System>
    <EventData>
      <Data Name="Scan Type">Custom</Data>
      <Data Name="Scan Result">No threats detected</Data>
    </EventData>
  </Event>
  <Event xmlns="http://schemas.microsoft.com/win/2004/08/events/event">
    <System>
      <Provider Name="Service Control Manager" Guid="{555908d1-a6d7-4695-8e1e-26931d2012f4}" EventSourceName="Service Control Manager"/>
      <EventID>7045</EventID>
      <Version>0</Version>
      <Level>4</Level>
      <Task>0</Task>
      <Opcode>0</Opcode>
      <Keywords>0x8080000000000000</Keywords>
      <TimeCreated SystemTime="2026-07-13T23:42:37.721Z"/>
      <EventRecordID>118694</EventRecordID>
      <Correlation/>
      <Execution ProcessID="656" ThreadID="700"/>
      <Channel>System</Channel>
      <Computer>FNW-WKS047.fenwick.local</Computer>
      <Security/>
    </System>
    <EventData>
      <Data Name="ServiceName">Cryptographic Services</Data>
      <Data Name="ImagePath">C:\Windows\System32\CryptographicServices.exe</Data>
      <Data Name="ServiceType">user mode service</Data>
      <Data Name="StartType">auto start</Data>
      <Data Name="AccountName">LocalSystem</Data>
    </EventData>
  </Event>
  <Event xmlns="http://schemas.microsoft.com/win/2004/08/events/event">
    <System>
      <Provider Name="Microsoft-Windows-TerminalServices-RemoteConnectionManager" Guid="{c76baa63-ae81-421c-b425-340b4b24157f}"/>
      <EventID>24</EventID>
      <Version>0</Version>
      <Level>4</Level>
      <Task>0</Task>
      <Opcode>0</Opcode>
      <Keywords>0x8080000000000000</Keywords>
      <TimeCreated SystemTime="2026-07-13T23:42:37.983Z"/>
      <EventRecordID>120240</EventRecordID>
      <Correlation/>
      <Execution ProcessID="656" ThreadID="700"/>
      <Channel>System</Channel>
      <Computer>FNW-WKS047.fenwick.local</Computer>
      <Security/>
    </System>
    <EventData>
      <Data Name="User">j.moreau</Data>
      <Data Name="SourceNetworkAddress">10.14.22.10</Data>
    </EventData>
  </Event>
  <Event xmlns="http://schemas.microsoft.com/win/2004/08/events/event">
    <System>
      <Provider Name="Microsoft-Windows-DNS-Client" Guid="{1c95126e-7eea-49a9-a3fe-a378b03ddb4d}"/>
      <EventID>3008</EventID>
      <Version>0</Version>
      <Level>4</Level>
      <Task>0</Task>
      <Opcode>0</Opcode>
      <Keywords>0x8080000000000000</Keywords>
      <TimeCreated SystemTime="2026-07-13T23:42:46.555Z"/>
      <EventRecordID>119035</EventRecordID>
      <Correlation/>
      <Execution ProcessID="656" ThreadID="700"/>
      <Channel>System</Channel>
      <Computer>FNW-WKS047.fenwick.local</Computer>
      <Security/>
    </System>
    <EventData>
      <Data Name="QueryName">time.windows.com</Data>
      <Data Name="QueryStatus">0</Data>
    </EventData>
  </Event>
  <Event xmlns="http://schemas.microsoft.com/win/2004/08/events/event">
    <System>
      <Provider Name="Microsoft-Windows-TaskScheduler" Guid="{de7b24ea-73c8-4a09-985d-5bdadcfa9017}"/>
      <EventID>200</EventID>
      <Version>0</Version>
      <Level>4</Level>
      <Task>0</Task>
      <Opcode>0</Opcode>
      <Keywords>0x8080000000000000</Keywords>
      <TimeCreated SystemTime="2026-07-13T23:43:24.743Z"/>
      <EventRecordID>120024</EventRecordID>
      <Correlation/>
      <Execution ProcessID="656" ThreadID="700"/>
      <Channel>System</Channel>
      <Computer>FNW-WKS047.fenwick.local</Computer>
      <Security/>
    </System>
    <EventData>
      <Data Name="TaskName">\Microsoft\Windows\UpdateOrchestrator\Schedule Scan</Data>
      <Data Name="ActionName">Execute</Data>
    </EventData>
  </Event>
  <Event xmlns="http://schemas.microsoft.com/win/2004/08/events/event">
    <System>
      <Provider Name="Microsoft-Windows-Security-Auditing" Guid="{54849625-5478-4994-a5ba-3e3b0328c30d}"/>
      <EventID>4624</EventID>
      <Version>0</Version>
      <Level>4</Level>
      <Task>0</Task>
      <Opcode>0</Opcode>
      <Keywords>0x8080000000000000</Keywords>
      <TimeCreated SystemTime="2026-07-13T23:43:41.319Z"/>
      <EventRecordID>121134</EventRecordID>
      <Correlation/>
      <Execution ProcessID="656" ThreadID="700"/>
      <Channel>Security</Channel>
      <Computer>FNW-WKS047.fenwick.local</Computer>
      <Security/>
    </System>
    <EventData>
      <Data Name="TargetUserName">m.laurent</Data>
      <Data Name="LogonType">10</Data>
      <Data Name="WorkstationName">FNW-WKS047</Data>
      <Data Name="IpAddress">10.14.22.16</Data>
    </EventData>
  </Event>
  <Event xmlns="http://schemas.microsoft.com/win/2004/08/events/event">
    <System>
      <Provider Name="Microsoft-Windows-TerminalServices-RemoteConnectionManager" Guid="{c76baa63-ae81-421c-b425-340b4b24157f}"/>
      <EventID>21</EventID>
      <Version>0</Version>
      <Level>4</Level>
      <Task>0</Task>
      <Opcode>0</Opcode>
      <Keywords>0x8080000000000000</Keywords>
      <TimeCreated SystemTime="2026-07-13T23:43:56.532Z"/>
      <EventRecordID>119562</EventRecordID>
      <Correlation/>
      <Execution ProcessID="656" ThreadID="700"/>
      <Channel>System</Channel>
      <Computer>FNW-WKS047.fenwick.local</Computer>
      <Security/>
    </System>
    <EventData>
      <Data Name="User">m.laurent</Data>
      <Data Name="SourceNetworkAddress">10.14.22.62</Data>
    </EventData>
  </Event>
  <Event xmlns="http://schemas.microsoft.com/win/2004/08/events/event">
    <System>
      <Provider Name="Application Error" Guid="{a0e9b465-b939-57d7-b27a-c6e2c7ded9ff}"/>
      <EventID>1000</EventID>
      <Version>0</Version>
      <Level>4</Level>
      <Task>0</Task>
      <Opcode>0</Opcode>
      <Keywords>0x8080000000000000</Keywords>
      <TimeCreated SystemTime="2026-07-13T23:44:15.889Z"/>
      <EventRecordID>120345</EventRecordID>
      <Correlation/>
      <Execution ProcessID="656" ThreadID="700"/>
      <Channel>Application</Channel>
      <Computer>FNW-WKS047.fenwick.local</Computer>
      <Security/>
    </System>
    <EventData>
      <Data Name="Application Name">OneDrive.exe</Data>
      <Data Name="Application Version">14.0.5757.0</Data>
      <Data Name="Fault Module Name">ntdll.dll</Data>
      <Data Name="Exception Code">0xc0000005</Data>
    </EventData>
  </Event>
  <Event xmlns="http://schemas.microsoft.com/win/2004/08/events/event">
    <System>
      <Provider Name="Service Control Manager" Guid="{555908d1-a6d7-4695-8e1e-26931d2012f4}" EventSourceName="Service Control Manager"/>
      <EventID>7036</EventID>
      <Version>0</Version>
      <Level>4</Level>
      <Task>0</Task>
      <Opcode>0</Opcode>
      <Keywords>0x8080000000000000</Keywords>
      <TimeCreated SystemTime="2026-07-13T23:44:20.267Z"/>
      <EventRecordID>120578</EventRecordID>
      <Correlation/>
      <Execution ProcessID="656" ThreadID="700"/>
      <Channel>System</Channel>
      <Computer>FNW-WKS047.fenwick.local</Computer>
      <Security/>
    </System>
    <EventData>
      <Data Name="param1">Application Identity</Data>
      <Data Name="param2">stopped</Data>
    </EventData>
  </Event>
  <Event xmlns="http://schemas.microsoft.com/win/2004/08/events/event">
    <System>
      <Provider Name="Microsoft-Windows-WindowsUpdateClient" Guid="{945a8954-c147-4acd-923f-40c45405a658}"/>
      <EventID>19</EventID>
      <Version>0</Version>
      <Level>4</Level>
      <Task>0</Task>
      <Opcode>0</Opcode>
      <Keywords>0x8080000000000000</Keywords>
      <TimeCreated SystemTime="2026-07-13T23:44:30.185Z"/>
      <EventRecordID>120790</EventRecordID>
      <Correlation/>
      <Execution ProcessID="656" ThreadID="700"/>
      <Channel>System</Channel>
      <Computer>FNW-WKS047.fenwick.local</Computer>
      <Security/>
    </System>
    <EventData>
      <Data Name="UpdateTitle">KB5036516 Cumulative Update for Windows 11</Data>
      <Data Name="UpdateId">{21c05f4c-b0e2-4ad0-34a8-662bfbae62fa}</Data>
    </EventData>
  </Event>
  <Event xmlns="http://schemas.microsoft.com/win/2004/08/events/event">
    <System>
      <Provider Name="Service Control Manager" Guid="{555908d1-a6d7-4695-8e1e-26931d2012f4}" EventSourceName="Service Control Manager"/>
      <EventID>7036</EventID>
      <Version>0</Version>
      <Level>4</Level>
      <Task>0</Task>
      <Opcode>0</Opcode>
      <Keywords>0x8080000000000000</Keywords>
      <TimeCreated SystemTime="2026-07-13T23:44:30.622Z"/>
      <EventRecordID>121163</EventRecordID>
      <Correlation/>
      <Execution ProcessID="656" ThreadID="700"/>
      <Channel>System</Channel>
      <Computer>FNW-WKS047.fenwick.local</Computer>
      <Security/>
    </System>
    <EventData>
      <Data Name="param1">Diagnostic Policy Service</Data>
      <Data Name="param2">running</Data>
    </EventData>
  </Event>
  <Event xmlns="http://schemas.microsoft.com/win/2004/08/events/event">
    <System>
      <Provider Name="Microsoft-Windows-TerminalServices-RemoteConnectionManager" Guid="{c76baa63-ae81-421c-b425-340b4b24157f}"/>
      <EventID>24</EventID>
      <Version>0</Version>
      <Level>4</Level>
      <Task>0</Task>
      <Opcode>0</Opcode>
      <Keywords>0x8080000000000000</Keywords>
      <TimeCreated SystemTime="2026-07-13T23:44:35.729Z"/>
      <EventRecordID>118798</EventRecordID>
      <Correlation/>
      <Execution ProcessID="656" ThreadID="700"/>
      <Channel>System</Channel>
      <Computer>FNW-WKS047.fenwick.local</Computer>
      <Security/>
    </System>
    <EventData>
      <Data Name="User">svc_monitoring</Data>
      <Data Name="SourceNetworkAddress">10.14.22.2</Data>
    </EventData>
  </Event>
  <Event xmlns="http://schemas.microsoft.com/win/2004/08/events/event">
    <System>
      <Provider Name="Microsoft-Windows-Kernel-PnP" Guid="{9c205a39-1250-487d-abd7-e831c6290539}"/>
      <EventID>410</EventID>
      <Version>0</Version>
      <Level>4</Level>
      <Task>0</Task>
      <Opcode>0</Opcode>
      <Keywords>0x8080000000000000</Keywords>
      <TimeCreated SystemTime="2026-07-13T23:44:39.119Z"/>
      <EventRecordID>118888</EventRecordID>
      <Correlation/>
      <Execution ProcessID="656" ThreadID="700"/>
      <Channel>System</Channel>
      <Computer>FNW-WKS047.fenwick.local</Computer>
      <Security/>
    </System>
    <EventData>
      <Data Name="DeviceDescription">Generic Bluetooth Adapter</Data>
      <Data Name="Status">0</Data>
    </EventData>
  </Event>
  <Event xmlns="http://schemas.microsoft.com/win/2004/08/events/event">
    <System>
      <Provider Name="Microsoft-Windows-Windows Firewall With Advanced Security" Guid="{63d2bb1d-e39a-41b8-9a3d-52dd06677588}"/>
      <EventID>5157</EventID>
      <Version>0</Version>
      <Level>4</Level>
      <Task>0</Task>
      <Opcode>0</Opcode>
      <Keywords>0x8080000000000000</Keywords>
      <TimeCreated SystemTime="2026-07-13T23:44:44.575Z"/>
      <EventRecordID>119454</EventRecordID>
      <Correlation/>
      <Execution ProcessID="656" ThreadID="700"/>
      <Channel>System</Channel>
      <Computer>FNW-WKS047.fenwick.local</Computer>
      <Security/>
    </System>
    <EventData>
      <Data Name="Application">System</Data>
      <Data Name="SourceAddress">10.14.22.50</Data>
      <Data Name="DestPort">1900</Data>
      <Data Name="Direction">Inbound</Data>
    </EventData>
  </Event>
  <Event xmlns="http://schemas.microsoft.com/win/2004/08/events/event">
    <System>
      <Provider Name="Microsoft-Windows-WindowsUpdateClient" Guid="{945a8954-c147-4acd-923f-40c45405a658}"/>
      <EventID>19</EventID>
      <Version>0</Version>
      <Level>4</Level>
      <Task>0</Task>
      <Opcode>0</Opcode>
      <Keywords>0x8080000000000000</Keywords>
      <TimeCreated SystemTime="2026-07-13T23:45:20.332Z"/>
      <EventRecordID>121269</EventRecordID>
      <Correlation/>
      <Execution ProcessID="656" ThreadID="700"/>
      <Channel>System</Channel>
      <Computer>FNW-WKS047.fenwick.local</Computer>
      <Security/>
    </System>
    <EventData>
      <Data Name="UpdateTitle">KB5036995 Cumulative Update for Windows 11</Data>
      <Data Name="UpdateId">{01b80e43-0b20-481e-5b9c-9cdaca21c0e9}</Data>
    </EventData>
  </Event>
  <Event xmlns="http://schemas.microsoft.com/win/2004/08/events/event">
    <System>
      <Provider Name="Microsoft-Windows-TaskScheduler" Guid="{de7b24ea-73c8-4a09-985d-5bdadcfa9017}"/>
      <EventID>201</EventID>
      <Version>0</Version>
      <Level>4</Level>
      <Task>0</Task>
      <Opcode>0</Opcode>
      <Keywords>0x8080000000000000</Keywords>
      <TimeCreated SystemTime="2026-07-13T23:45:35.245Z"/>
      <EventRecordID>118931</EventRecordID>
      <Correlation/>
      <Execution ProcessID="656" ThreadID="700"/>
      <Channel>System</Channel>
      <Computer>FNW-WKS047.fenwick.local</Computer>
      <Security/>
    </System>
    <EventData>
      <Data Name="TaskName">\Microsoft\Windows\DiskCleanup\SilentCleanup</Data>
      <Data Name="ResultCode">0</Data>
    </EventData>
  </Event>
  <Event xmlns="http://schemas.microsoft.com/win/2004/08/events/event">
    <System>
      <Provider Name="Microsoft-Windows-WindowsUpdateClient" Guid="{945a8954-c147-4acd-923f-40c45405a658}"/>
      <EventID>19</EventID>
      <Version>0</Version>
      <Level>4</Level>
      <Task>0</Task>
      <Opcode>0</Opcode>
      <Keywords>0x8080000000000000</Keywords>
      <TimeCreated SystemTime="2026-07-13T23:45:54.015Z"/>
      <EventRecordID>118520</EventRecordID>
      <Correlation/>
      <Execution ProcessID="656" ThreadID="700"/>
      <Channel>System</Channel>
      <Computer>FNW-WKS047.fenwick.local</Computer>
      <Security/>
    </System>
    <EventData>
      <Data Name="UpdateTitle">KB5030511 Cumulative Update for Windows 11</Data>
      <Data Name="UpdateId">{043b68b8-c458-07d9-02fd-7bda7a6257a3}</Data>
    </EventData>
  </Event>
  <Event xmlns="http://schemas.microsoft.com/win/2004/08/events/event">
    <System>
      <Provider Name="Microsoft-Windows-TaskScheduler" Guid="{de7b24ea-73c8-4a09-985d-5bdadcfa9017}"/>
      <EventID>200</EventID>
      <Version>0</Version>
      <Level>4</Level>
      <Task>0</Task>
      <Opcode>0</Opcode>
      <Keywords>0x8080000000000000</Keywords>
      <TimeCreated SystemTime="2026-07-13T23:46:05.615Z"/>
      <EventRecordID>118842</EventRecordID>
      <Correlation/>
      <Execution ProcessID="656" ThreadID="700"/>
      <Channel>System</Channel>
      <Computer>FNW-WKS047.fenwick.local</Computer>
      <Security/>
    </System>
    <EventData>
      <Data Name="TaskName">\Microsoft\Windows\Time Synchronization\SynchronizeTime</Data>
      <Data Name="ActionName">Execute</Data>
    </EventData>
  </Event>
  <Event xmlns="http://schemas.microsoft.com/win/2004/08/events/event">
    <System>
      <Provider Name="Microsoft-Windows-WindowsUpdateClient" Guid="{945a8954-c147-4acd-923f-40c45405a658}"/>
      <EventID>19</EventID>
      <Version>0</Version>
      <Level>4</Level>
      <Task>0</Task>
      <Opcode>0</Opcode>
      <Keywords>0x8080000000000000</Keywords>
      <TimeCreated SystemTime="2026-07-13T23:46:17.692Z"/>
      <EventRecordID>118982</EventRecordID>
      <Correlation/>
      <Execution ProcessID="656" ThreadID="700"/>
      <Channel>System</Channel>
      <Computer>FNW-WKS047.fenwick.local</Computer>
      <Security/>
    </System>
    <EventData>
      <Data Name="UpdateTitle">KB5033954 Cumulative Update for Windows 11</Data>
      <Data Name="UpdateId">{8dd5f24d-0505-dfa0-09ba-41197bf4fd3b}</Data>
    </EventData>
  </Event>
  <Event xmlns="http://schemas.microsoft.com/win/2004/08/events/event">
    <System>
      <Provider Name="Microsoft-Windows-Kernel-PnP" Guid="{9c205a39-1250-487d-abd7-e831c6290539}"/>
      <EventID>410</EventID>
      <Version>0</Version>
      <Level>4</Level>
      <Task>0</Task>
      <Opcode>0</Opcode>
      <Keywords>0x8080000000000000</Keywords>
      <TimeCreated SystemTime="2026-07-13T23:46:24.615Z"/>
      <EventRecordID>121009</EventRecordID>
      <Correlation/>
      <Execution ProcessID="656" ThreadID="700"/>
      <Channel>System</Channel>
      <Computer>FNW-WKS047.fenwick.local</Computer>
      <Security/>
    </System>
    <EventData>
      <Data Name="DeviceDescription">Generic Bluetooth Adapter</Data>
      <Data Name="Status">0</Data>
    </EventData>
  </Event>
  <Event xmlns="http://schemas.microsoft.com/win/2004/08/events/event">
    <System>
      <Provider Name="Service Control Manager" Guid="{555908d1-a6d7-4695-8e1e-26931d2012f4}" EventSourceName="Service Control Manager"/>
      <EventID>7036</EventID>
      <Version>0</Version>
      <Level>4</Level>
      <Task>0</Task>
      <Opcode>0</Opcode>
      <Keywords>0x8080000000000000</Keywords>
      <TimeCreated SystemTime="2026-07-13T23:46:37.101Z"/>
      <EventRecordID>118691</EventRecordID>
      <Correlation/>
      <Execution ProcessID="656" ThreadID="700"/>
      <Channel>System</Channel>
      <Computer>FNW-WKS047.fenwick.local</Computer>
      <Security/>
    </System>
    <EventData>
      <Data Name="param1">Remote Procedure Call Locator</Data>
      <Data Name="param2">running</Data>
    </EventData>
  </Event>
  <Event xmlns="http://schemas.microsoft.com/win/2004/08/events/event">
    <System>
      <Provider Name="Microsoft-Windows-Security-Auditing" Guid="{54849625-5478-4994-a5ba-3e3b0328c30d}"/>
      <EventID>4624</EventID>
      <Version>0</Version>
      <Level>4</Level>
      <Task>0</Task>
      <Opcode>0</Opcode>
      <Keywords>0x8080000000000000</Keywords>
      <TimeCreated SystemTime="2026-07-13T23:46:42.658Z"/>
      <EventRecordID>119818</EventRecordID>
      <Correlation/>
      <Execution ProcessID="656" ThreadID="700"/>
      <Channel>Security</Channel>
      <Computer>FNW-WKS047.fenwick.local</Computer>
      <Security/>
    </System>
    <EventData>
      <Data Name="TargetUserName">svc_monitoring</Data>
      <Data Name="LogonType">3</Data>
      <Data Name="WorkstationName">FNW-WKS047</Data>
      <Data Name="IpAddress">10.14.22.42</Data>
    </EventData>
  </Event>
  <Event xmlns="http://schemas.microsoft.com/win/2004/08/events/event">
    <System>
      <Provider Name="Microsoft-Windows-DNS-Client" Guid="{1c95126e-7eea-49a9-a3fe-a378b03ddb4d}"/>
      <EventID>3008</EventID>
      <Version>0</Version>
      <Level>4</Level>
      <Task>0</Task>
      <Opcode>0</Opcode>
      <Keywords>0x8080000000000000</Keywords>
      <TimeCreated SystemTime="2026-07-13T23:46:46.718Z"/>
      <EventRecordID>119460</EventRecordID>
      <Correlation/>
      <Execution ProcessID="656" ThreadID="700"/>
      <Channel>System</Channel>
      <Computer>FNW-WKS047.fenwick.local</Computer>
      <Security/>
    </System>
    <EventData>
      <Data Name="QueryName">fenwick-intranet.local</Data>
      <Data Name="QueryStatus">0</Data>
    </EventData>
  </Event>
  <Event xmlns="http://schemas.microsoft.com/win/2004/08/events/event">
    <System>
      <Provider Name="Microsoft-Windows-Windows Firewall With Advanced Security" Guid="{63d2bb1d-e39a-41b8-9a3d-52dd06677588}"/>
      <EventID>5157</EventID>
      <Version>0</Version>
      <Level>4</Level>
      <Task>0</Task>
      <Opcode>0</Opcode>
      <Keywords>0x8080000000000000</Keywords>
      <TimeCreated SystemTime="2026-07-13T23:46:50.965Z"/>
      <EventRecordID>118767</EventRecordID>
      <Correlation/>
      <Execution ProcessID="656" ThreadID="700"/>
      <Channel>System</Channel>
      <Computer>FNW-WKS047.fenwick.local</Computer>
      <Security/>
    </System>
    <EventData>
      <Data Name="Application">System</Data>
      <Data Name="SourceAddress">10.14.22.241</Data>
      <Data Name="DestPort">8080</Data>
      <Data Name="Direction">Inbound</Data>
    </EventData>
  </Event>
  <Event xmlns="http://schemas.microsoft.com/win/2004/08/events/event">
    <System>
      <Provider Name="Service Control Manager" Guid="{555908d1-a6d7-4695-8e1e-26931d2012f4}" EventSourceName="Service Control Manager"/>
      <EventID>7036</EventID>
      <Version>0</Version>
      <Level>4</Level>
      <Task>0</Task>
      <Opcode>0</Opcode>
      <Keywords>0x8080000000000000</Keywords>
      <TimeCreated SystemTime="2026-07-13T23:47:05.820Z"/>
      <EventRecordID>118736</EventRecordID>
      <Correlation/>
      <Execution ProcessID="656" ThreadID="700"/>
      <Channel>System</Channel>
      <Computer>FNW-WKS047.fenwick.local</Computer>
      <Security/>
    </System>
    <EventData>
      <Data Name="param1">IKE and AuthIP IPsec Keying Modules</Data>
      <Data Name="param2">stopped</Data>
    </EventData>
  </Event>
  <Event xmlns="http://schemas.microsoft.com/win/2004/08/events/event">
    <System>
      <Provider Name="Microsoft-Windows-PrintService" Guid="{747ef6fd-e535-4d16-b3b7-99e3e73c1c93}"/>
      <EventID>307</EventID>
      <Version>0</Version>
      <Level>4</Level>
      <Task>0</Task>
      <Opcode>0</Opcode>
      <Keywords>0x8080000000000000</Keywords>
      <TimeCreated SystemTime="2026-07-13T23:47:08.473Z"/>
      <EventRecordID>120094</EventRecordID>
      <Correlation/>
      <Execution ProcessID="656" ThreadID="700"/>
      <Channel>System</Channel>
      <Computer>FNW-WKS047.fenwick.local</Computer>
      <Security/>
    </System>
    <EventData>
      <Data Name="Document">Travel_Itinerary.pdf</Data>
      <Data Name="User">d.reyes</Data>
      <Data Name="Printer">\\printserver.fenwick.local\HP-Floor2</Data>
      <Data Name="Pages">4</Data>
    </EventData>
  </Event>
  <Event xmlns="http://schemas.microsoft.com/win/2004/08/events/event">
    <System>
      <Provider Name="Microsoft-Windows-PrintService" Guid="{747ef6fd-e535-4d16-b3b7-99e3e73c1c93}"/>
      <EventID>307</EventID>
      <Version>0</Version>
      <Level>4</Level>
      <Task>0</Task>
      <Opcode>0</Opcode>
      <Keywords>0x8080000000000000</Keywords>
      <TimeCreated SystemTime="2026-07-13T23:47:09.573Z"/>
      <EventRecordID>119024</EventRecordID>
      <Correlation/>
      <Execution ProcessID="656" ThreadID="700"/>
      <Channel>System</Channel>
      <Computer>FNW-WKS047.fenwick.local</Computer>
      <Security/>
    </System>
    <EventData>
      <Data Name="Document">Budget_2026.xlsx</Data>
      <Data Name="User">m.laurent</Data>
      <Data Name="Printer">\\printserver.fenwick.local\HP-Floor2</Data>
      <Data Name="Pages">11</Data>
    </EventData>
  </Event>
  <Event xmlns="http://schemas.microsoft.com/win/2004/08/events/event">
    <System>
      <Provider Name="Microsoft-Windows-Windows Firewall With Advanced Security" Guid="{63d2bb1d-e39a-41b8-9a3d-52dd06677588}"/>
      <EventID>5157</EventID>
      <Version>0</Version>
      <Level>4</Level>
      <Task>0</Task>
      <Opcode>0</Opcode>
      <Keywords>0x8080000000000000</Keywords>
      <TimeCreated SystemTime="2026-07-13T23:47:10.678Z"/>
      <EventRecordID>118912</EventRecordID>
      <Correlation/>
      <Execution ProcessID="656" ThreadID="700"/>
      <Channel>System</Channel>
      <Computer>FNW-WKS047.fenwick.local</Computer>
      <Security/>
    </System>
    <EventData>
      <Data Name="Application">System</Data>
      <Data Name="SourceAddress">10.14.22.40</Data>
      <Data Name="DestPort">3389</Data>
      <Data Name="Direction">Inbound</Data>
    </EventData>
  </Event>
  <Event xmlns="http://schemas.microsoft.com/win/2004/08/events/event">
    <System>
      <Provider Name="Microsoft-Windows-Kernel-PnP" Guid="{9c205a39-1250-487d-abd7-e831c6290539}"/>
      <EventID>410</EventID>
      <Version>0</Version>
      <Level>4</Level>
      <Task>0</Task>
      <Opcode>0</Opcode>
      <Keywords>0x8080000000000000</Keywords>
      <TimeCreated SystemTime="2026-07-13T23:47:19.865Z"/>
      <EventRecordID>120422</EventRecordID>
      <Correlation/>
      <Execution ProcessID="656" ThreadID="700"/>
      <Channel>System</Channel>
      <Computer>FNW-WKS047.fenwick.local</Computer>
      <Security/>
    </System>
    <EventData>
      <Data Name="DeviceDescription">HID-compliant mouse</Data>
      <Data Name="Status">0</Data>
    </EventData>
  </Event>
  <Event xmlns="http://schemas.microsoft.com/win/2004/08/events/event">
    <System>
      <Provider Name="Microsoft-Windows-Windows Firewall With Advanced Security" Guid="{63d2bb1d-e39a-41b8-9a3d-52dd06677588}"/>
      <EventID>5157</EventID>
      <Version>0</Version>
      <Level>4</Level>
      <Task>0</Task>
      <Opcode>0</Opcode>
      <Keywords>0x8080000000000000</Keywords>
      <TimeCreated SystemTime="2026-07-13T23:47:38.180Z"/>
      <EventRecordID>118535</EventRecordID>
      <Correlation/>
      <Execution ProcessID="656" ThreadID="700"/>
      <Channel>System</Channel>
      <Computer>FNW-WKS047.fenwick.local</Computer>
      <Security/>
    </System>
    <EventData>
      <Data Name="Application">System</Data>
      <Data Name="SourceAddress">10.14.22.9</Data>
      <Data Name="DestPort">1900</Data>
      <Data Name="Direction">Inbound</Data>
    </EventData>
  </Event>
  <Event xmlns="http://schemas.microsoft.com/win/2004/08/events/event">
    <System>
      <Provider Name="Microsoft-Windows-DNS-Client" Guid="{1c95126e-7eea-49a9-a3fe-a378b03ddb4d}"/>
      <EventID>3008</EventID>
      <Version>0</Version>
      <Level>4</Level>
      <Task>0</Task>
      <Opcode>0</Opcode>
      <Keywords>0x8080000000000000</Keywords>
      <TimeCreated SystemTime="2026-07-13T23:47:43.792Z"/>
      <EventRecordID>119850</EventRecordID>
      <Correlation/>
      <Execution ProcessID="656" ThreadID="700"/>
      <Channel>System</Channel>
      <Computer>FNW-WKS047.fenwick.local</Computer>
      <Security/>
    </System>
    <EventData>
      <Data Name="QueryName">outlook.office365.com</Data>
      <Data Name="QueryStatus">0</Data>
    </EventData>
  </Event>
  <Event xmlns="http://schemas.microsoft.com/win/2004/08/events/event">
    <System>
      <Provider Name="Microsoft-Windows-DNS-Client" Guid="{1c95126e-7eea-49a9-a3fe-a378b03ddb4d}"/>
      <EventID>3008</EventID>
      <Version>0</Version>
      <Level>4</Level>
      <Task>0</Task>
      <Opcode>0</Opcode>
      <Keywords>0x8080000000000000</Keywords>
      <TimeCreated SystemTime="2026-07-13T23:47:46.541Z"/>
      <EventRecordID>119938</EventRecordID>
      <Correlation/>
      <Execution ProcessID="656" ThreadID="700"/>
      <Channel>System</Channel>
      <Computer>FNW-WKS047.fenwick.local</Computer>
      <Security/>
    </System>
    <EventData>
      <Data Name="QueryName">update.microsoft.com</Data>
      <Data Name="QueryStatus">0</Data>
    </EventData>
  </Event>
  <Event xmlns="http://schemas.microsoft.com/win/2004/08/events/event">
    <System>
      <Provider Name="Application Error" Guid="{a0e9b465-b939-57d7-b27a-c6e2c7ded9ff}"/>
      <EventID>1000</EventID>
      <Version>0</Version>
      <Level>4</Level>
      <Task>0</Task>
      <Opcode>0</Opcode>
      <Keywords>0x8080000000000000</Keywords>
      <TimeCreated SystemTime="2026-07-13T23:47:49.958Z"/>
      <EventRecordID>120589</EventRecordID>
      <Correlation/>
      <Execution ProcessID="656" ThreadID="700"/>
      <Channel>Application</Channel>
      <Computer>FNW-WKS047.fenwick.local</Computer>
      <Security/>
    </System>
    <EventData>
      <Data Name="Application Name">OneDrive.exe</Data>
      <Data Name="Application Version">16.0.9865.0</Data>
      <Data Name="Fault Module Name">ntdll.dll</Data>
      <Data Name="Exception Code">0xc0000005</Data>
    </EventData>
  </Event>
  <Event xmlns="http://schemas.microsoft.com/win/2004/08/events/event">
    <System>
      <Provider Name="Microsoft-Windows-TaskScheduler" Guid="{de7b24ea-73c8-4a09-985d-5bdadcfa9017}"/>
      <EventID>201</EventID>
      <Version>0</Version>
      <Level>4</Level>
      <Task>0</Task>
      <Opcode>0</Opcode>
      <Keywords>0x8080000000000000</Keywords>
      <TimeCreated SystemTime="2026-07-13T23:48:15.886Z"/>
      <EventRecordID>119287</EventRecordID>
      <Correlation/>
      <Execution ProcessID="656" ThreadID="700"/>
      <Channel>System</Channel>
      <Computer>FNW-WKS047.fenwick.local</Computer>
      <Security/>
    </System>
    <EventData>
      <Data Name="TaskName">\Microsoft\Windows\UpdateOrchestrator\Schedule Scan</Data>
      <Data Name="ResultCode">0</Data>
    </EventData>
  </Event>
  <Event xmlns="http://schemas.microsoft.com/win/2004/08/events/event">
    <System>
      <Provider Name="Microsoft-Windows-Windows Firewall With Advanced Security" Guid="{63d2bb1d-e39a-41b8-9a3d-52dd06677588}"/>
      <EventID>5157</EventID>
      <Version>0</Version>
      <Level>4</Level>
      <Task>0</Task>
      <Opcode>0</Opcode>
      <Keywords>0x8080000000000000</Keywords>
      <TimeCreated SystemTime="2026-07-13T23:48:23.588Z"/>
      <EventRecordID>120281</EventRecordID>
      <Correlation/>
      <Execution ProcessID="656" ThreadID="700"/>
      <Channel>System</Channel>
      <Computer>FNW-WKS047.fenwick.local</Computer>
      <Security/>
    </System>
    <EventData>
      <Data Name="Application">System</Data>
      <Data Name="SourceAddress">10.14.22.156</Data>
      <Data Name="DestPort">5357</Data>
      <Data Name="Direction">Inbound</Data>
    </EventData>
  </Event>
  <Event xmlns="http://schemas.microsoft.com/win/2004/08/events/event">
    <System>
      <Provider Name="Microsoft-Windows-Windows Firewall With Advanced Security" Guid="{63d2bb1d-e39a-41b8-9a3d-52dd06677588}"/>
      <EventID>5157</EventID>
      <Version>0</Version>
      <Level>4</Level>
      <Task>0</Task>
      <Opcode>0</Opcode>
      <Keywords>0x8080000000000000</Keywords>
      <TimeCreated SystemTime="2026-07-13T23:48:24.084Z"/>
      <EventRecordID>121568</EventRecordID>
      <Correlation/>
      <Execution ProcessID="656" ThreadID="700"/>
      <Channel>System</Channel>
      <Computer>FNW-WKS047.fenwick.local</Computer>
      <Security/>
    </System>
    <EventData>
      <Data Name="Application">System</Data>
      <Data Name="SourceAddress">10.14.22.230</Data>
      <Data Name="DestPort">3389</Data>
      <Data Name="Direction">Inbound</Data>
    </EventData>
  </Event>
  <Event xmlns="http://schemas.microsoft.com/win/2004/08/events/event">
    <System>
      <Provider Name="Microsoft-Windows-PrintService" Guid="{747ef6fd-e535-4d16-b3b7-99e3e73c1c93}"/>
      <EventID>307</EventID>
      <Version>0</Version>
      <Level>4</Level>
      <Task>0</Task>
      <Opcode>0</Opcode>
      <Keywords>0x8080000000000000</Keywords>
      <TimeCreated SystemTime="2026-07-13T23:48:24.864Z"/>
      <EventRecordID>121326</EventRecordID>
      <Correlation/>
      <Execution ProcessID="656" ThreadID="700"/>
      <Channel>System</Channel>
      <Computer>FNW-WKS047.fenwick.local</Computer>
      <Security/>
    </System>
    <EventData>
      <Data Name="Document">Invoice_4471.pdf</Data>
      <Data Name="User">a.dubois</Data>
      <Data Name="Printer">\\printserver.fenwick.local\HP-Floor2</Data>
      <Data Name="Pages">6</Data>
    </EventData>
  </Event>
  <Event xmlns="http://schemas.microsoft.com/win/2004/08/events/event">
    <System>
      <Provider Name="Microsoft-Windows-DNS-Client" Guid="{1c95126e-7eea-49a9-a3fe-a378b03ddb4d}"/>
      <EventID>3008</EventID>
      <Version>0</Version>
      <Level>4</Level>
      <Task>0</Task>
      <Opcode>0</Opcode>
      <Keywords>0x8080000000000000</Keywords>
      <TimeCreated SystemTime="2026-07-13T23:48:26.519Z"/>
      <EventRecordID>121553</EventRecordID>
      <Correlation/>
      <Execution ProcessID="656" ThreadID="700"/>
      <Channel>System</Channel>
      <Computer>FNW-WKS047.fenwick.local</Computer>
      <Security/>
    </System>
    <EventData>
      <Data Name="QueryName">printserver.fenwick.local</Data>
      <Data Name="QueryStatus">0</Data>
    </EventData>
  </Event>
  <Event xmlns="http://schemas.microsoft.com/win/2004/08/events/event">
    <System>
      <Provider Name="Microsoft-Windows-Windows Firewall With Advanced Security" Guid="{63d2bb1d-e39a-41b8-9a3d-52dd06677588}"/>
      <EventID>5157</EventID>
      <Version>0</Version>
      <Level>4</Level>
      <Task>0</Task>
      <Opcode>0</Opcode>
      <Keywords>0x8080000000000000</Keywords>
      <TimeCreated SystemTime="2026-07-13T23:48:39.167Z"/>
      <EventRecordID>121554</EventRecordID>
      <Correlation/>
      <Execution ProcessID="656" ThreadID="700"/>
      <Channel>System</Channel>
      <Computer>FNW-WKS047.fenwick.local</Computer>
      <Security/>
    </System>
    <EventData>
      <Data Name="Application">System</Data>
      <Data Name="SourceAddress">10.14.22.226</Data>
      <Data Name="DestPort">1900</Data>
      <Data Name="Direction">Inbound</Data>
    </EventData>
  </Event>
  <Event xmlns="http://schemas.microsoft.com/win/2004/08/events/event">
    <System>
      <Provider Name="Microsoft-Windows-DNS-Client" Guid="{1c95126e-7eea-49a9-a3fe-a378b03ddb4d}"/>
      <EventID>3008</EventID>
      <Version>0</Version>
      <Level>4</Level>
      <Task>0</Task>
      <Opcode>0</Opcode>
      <Keywords>0x8080000000000000</Keywords>
      <TimeCreated SystemTime="2026-07-13T23:48:51.791Z"/>
      <EventRecordID>119599</EventRecordID>
      <Correlation/>
      <Execution ProcessID="656" ThreadID="700"/>
      <Channel>System</Channel>
      <Computer>FNW-WKS047.fenwick.local</Computer>
      <Security/>
    </System>
    <EventData>
      <Data Name="QueryName">fenwick-intranet.local</Data>
      <Data Name="QueryStatus">0</Data>
    </EventData>
  </Event>
  <Event xmlns="http://schemas.microsoft.com/win/2004/08/events/event">
    <System>
      <Provider Name="Microsoft-Windows-DNS-Client" Guid="{1c95126e-7eea-49a9-a3fe-a378b03ddb4d}"/>
      <EventID>3008</EventID>
      <Version>0</Version>
      <Level>4</Level>
      <Task>0</Task>
      <Opcode>0</Opcode>
      <Keywords>0x8080000000000000</Keywords>
      <TimeCreated SystemTime="2026-07-13T23:48:57.153Z"/>
      <EventRecordID>121591</EventRecordID>
      <Correlation/>
      <Execution ProcessID="656" ThreadID="700"/>
      <Channel>System</Channel>
      <Computer>FNW-WKS047.fenwick.local</Computer>
      <Security/>
    </System>
    <EventData>
      <Data Name="QueryName">fileshare-toulouse.fenwick.local</Data>
      <Data Name="QueryStatus">9003</Data>
    </EventData>
  </Event>
  <Event xmlns="http://schemas.microsoft.com/win/2004/08/events/event">
    <System>
      <Provider Name="Service Control Manager" Guid="{555908d1-a6d7-4695-8e1e-26931d2012f4}" EventSourceName="Service Control Manager"/>
      <EventID>7045</EventID>
      <Version>0</Version>
      <Level>4</Level>
      <Task>0</Task>
      <Opcode>0</Opcode>
      <Keywords>0x8080000000000000</Keywords>
      <TimeCreated SystemTime="2026-07-13T23:49:08.040Z"/>
      <EventRecordID>120315</EventRecordID>
      <Correlation/>
      <Execution ProcessID="656" ThreadID="700"/>
      <Channel>System</Channel>
      <Computer>FNW-WKS047.fenwick.local</Computer>
      <Security/>
    </System>
    <EventData>
      <Data Name="ServiceName">Background Intelligent Transfer Service</Data>
      <Data Name="ImagePath">C:\Windows\System32\BackgroundIntelligentTransferService.exe</Data>
      <Data Name="ServiceType">user mode service</Data>
      <Data Name="StartType">auto start</Data>
      <Data Name="AccountName">LocalSystem</Data>
    </EventData>
  </Event>
  <Event xmlns="http://schemas.microsoft.com/win/2004/08/events/event">
    <System>
      <Provider Name="Microsoft-Windows-DNS-Client" Guid="{1c95126e-7eea-49a9-a3fe-a378b03ddb4d}"/>
      <EventID>3008</EventID>
      <Version>0</Version>
      <Level>4</Level>
      <Task>0</Task>
      <Opcode>0</Opcode>
      <Keywords>0x8080000000000000</Keywords>
      <TimeCreated SystemTime="2026-07-13T23:49:18.048Z"/>
      <EventRecordID>121546</EventRecordID>
      <Correlation/>
      <Execution ProcessID="656" ThreadID="700"/>
      <Channel>System</Channel>
      <Computer>FNW-WKS047.fenwick.local</Computer>
      <Security/>
    </System>
    <EventData>
      <Data Name="QueryName">outlook.office365.com</Data>
      <Data Name="QueryStatus">0</Data>
    </EventData>
  </Event>
  <Event xmlns="http://schemas.microsoft.com/win/2004/08/events/event">
    <System>
      <Provider Name="Service Control Manager" Guid="{555908d1-a6d7-4695-8e1e-26931d2012f4}" EventSourceName="Service Control Manager"/>
      <EventID>7036</EventID>
      <Version>0</Version>
      <Level>4</Level>
      <Task>0</Task>
      <Opcode>0</Opcode>
      <Keywords>0x8080000000000000</Keywords>
      <TimeCreated SystemTime="2026-07-13T23:49:19.178Z"/>
      <EventRecordID>121587</EventRecordID>
      <Correlation/>
      <Execution ProcessID="656" ThreadID="700"/>
      <Channel>System</Channel>
      <Computer>FNW-WKS047.fenwick.local</Computer>
      <Security/>
    </System>
    <EventData>
      <Data Name="param1">Cryptographic Services</Data>
      <Data Name="param2">stopped</Data>
    </EventData>
  </Event>
  <Event xmlns="http://schemas.microsoft.com/win/2004/08/events/event">
    <System>
      <Provider Name="Microsoft-Windows-Windows Firewall With Advanced Security" Guid="{63d2bb1d-e39a-41b8-9a3d-52dd06677588}"/>
      <EventID>5157</EventID>
      <Version>0</Version>
      <Level>4</Level>
      <Task>0</Task>
      <Opcode>0</Opcode>
      <Keywords>0x8080000000000000</Keywords>
      <TimeCreated SystemTime="2026-07-13T23:49:21.027Z"/>
      <EventRecordID>121548</EventRecordID>
      <Correlation/>
      <Execution ProcessID="656" ThreadID="700"/>
      <Channel>System</Channel>
      <Computer>FNW-WKS047.fenwick.local</Computer>
      <Security/>
    </System>
    <EventData>
      <Data Name="Application">System</Data>
      <Data Name="SourceAddress">10.14.22.40</Data>
      <Data Name="DestPort">5357</Data>
      <Data Name="Direction">Inbound</Data>
    </EventData>
  </Event>
  <Event xmlns="http://schemas.microsoft.com/win/2004/08/events/event">
    <System>
      <Provider Name="Application Error" Guid="{a0e9b465-b939-57d7-b27a-c6e2c7ded9ff}"/>
      <EventID>1000</EventID>
      <Version>0</Version>
      <Level>4</Level>
      <Task>0</Task>
      <Opcode>0</Opcode>
      <Keywords>0x8080000000000000</Keywords>
      <TimeCreated SystemTime="2026-07-13T23:49:22.024Z"/>
      <EventRecordID>121251</EventRecordID>
      <Correlation/>
      <Execution ProcessID="656" ThreadID="700"/>
      <Channel>Application</Channel>
      <Computer>FNW-WKS047.fenwick.local</Computer>
      <Security/>
    </System>
    <EventData>
      <Data Name="Application Name">explorer.exe</Data>
      <Data Name="Application Version">19.0.9521.0</Data>
      <Data Name="Fault Module Name">ntdll.dll</Data>
      <Data Name="Exception Code">0xc0000005</Data>
    </EventData>
  </Event>
  <Event xmlns="http://schemas.microsoft.com/win/2004/08/events/event">
    <System>
      <Provider Name="Application Error" Guid="{a0e9b465-b939-57d7-b27a-c6e2c7ded9ff}"/>
      <EventID>1000</EventID>
      <Version>0</Version>
      <Level>4</Level>
      <Task>0</Task>
      <Opcode>0</Opcode>
      <Keywords>0x8080000000000000</Keywords>
      <TimeCreated SystemTime="2026-07-13T23:49:25.540Z"/>
      <EventRecordID>118667</EventRecordID>
      <Correlation/>
      <Execution ProcessID="656" ThreadID="700"/>
      <Channel>Application</Channel>
      <Computer>FNW-WKS047.fenwick.local</Computer>
      <Security/>
    </System>
    <EventData>
      <Data Name="Application Name">explorer.exe</Data>
      <Data Name="Application Version">17.0.9756.0</Data>
      <Data Name="Fault Module Name">ntdll.dll</Data>
      <Data Name="Exception Code">0xc0000005</Data>
    </EventData>
  </Event>
  <Event xmlns="http://schemas.microsoft.com/win/2004/08/events/event">
    <System>
      <Provider Name="Service Control Manager" Guid="{555908d1-a6d7-4695-8e1e-26931d2012f4}" EventSourceName="Service Control Manager"/>
      <EventID>7036</EventID>
      <Version>0</Version>
      <Level>4</Level>
      <Task>0</Task>
      <Opcode>0</Opcode>
      <Keywords>0x8080000000000000</Keywords>
      <TimeCreated SystemTime="2026-07-13T23:49:35.085Z"/>
      <EventRecordID>119397</EventRecordID>
      <Correlation/>
      <Execution ProcessID="656" ThreadID="700"/>
      <Channel>System</Channel>
      <Computer>FNW-WKS047.fenwick.local</Computer>
      <Security/>
    </System>
    <EventData>
      <Data Name="param1">Windows Font Cache Service</Data>
      <Data Name="param2">running</Data>
    </EventData>
  </Event>
  <Event xmlns="http://schemas.microsoft.com/win/2004/08/events/event">
    <System>
      <Provider Name="Microsoft-Windows-Windows Defender" Guid="{11cd958a-c507-4ef3-b3f2-5fd9dfbd2c78}"/>
      <EventID>1001</EventID>
      <Version>0</Version>
      <Level>4</Level>
      <Task>0</Task>
      <Opcode>0</Opcode>
      <Keywords>0x8080000000000000</Keywords>
      <TimeCreated SystemTime="2026-07-13T23:49:41.459Z"/>
      <EventRecordID>119216</EventRecordID>
      <Correlation/>
      <Execution ProcessID="656" ThreadID="700"/>
      <Channel>System</Channel>
      <Computer>FNW-WKS047.fenwick.local</Computer>
      <Security/>
    </System>
    <EventData>
      <Data Name="Scan Type">Quick</Data>
      <Data Name="Scan Result">No threats detected</Data>
    </EventData>
  </Event>
  <Event xmlns="http://schemas.microsoft.com/win/2004/08/events/event">
    <System>
      <Provider Name="Microsoft-Windows-Windows Defender" Guid="{11cd958a-c507-4ef3-b3f2-5fd9dfbd2c78}"/>
      <EventID>1001</EventID>
      <Version>0</Version>
      <Level>4</Level>
      <Task>0</Task>
      <Opcode>0</Opcode>
      <Keywords>0x8080000000000000</Keywords>
      <TimeCreated SystemTime="2026-07-13T23:49:52.630Z"/>
      <EventRecordID>121579</EventRecordID>
      <Correlation/>
      <Execution ProcessID="656" ThreadID="700"/>
      <Channel>System</Channel>
      <Computer>FNW-WKS047.fenwick.local</Computer>
      <Security/>
    </System>
    <EventData>
      <Data Name="Scan Type">Full</Data>
      <Data Name="Scan Result">No threats detected</Data>
    </EventData>
  </Event>
  <Event xmlns="http://schemas.microsoft.com/win/2004/08/events/event">
    <System>
      <Provider Name="Microsoft-Windows-TaskScheduler" Guid="{de7b24ea-73c8-4a09-985d-5bdadcfa9017}"/>
      <EventID>201</EventID>
      <Version>0</Version>
      <Level>4</Level>
      <Task>0</Task>
      <Opcode>0</Opcode>
      <Keywords>0x8080000000000000</Keywords>
      <TimeCreated SystemTime="2026-07-13T23:50:04.031Z"/>
      <EventRecordID>121571</EventRecordID>
      <Correlation/>
      <Execution ProcessID="656" ThreadID="700"/>
      <Channel>System</Channel>
      <Computer>FNW-WKS047.fenwick.local</Computer>
      <Security/>
    </System>
    <EventData>
      <Data Name="TaskName">\Microsoft\Windows\UpdateOrchestrator\Schedule Scan</Data>
      <Data Name="ResultCode">0</Data>
    </EventData>
  </Event>
  <Event xmlns="http://schemas.microsoft.com/win/2004/08/events/event">
    <System>
      <Provider Name="Service Control Manager" Guid="{555908d1-a6d7-4695-8e1e-26931d2012f4}" EventSourceName="Service Control Manager"/>
      <EventID>7036</EventID>
      <Version>0</Version>
      <Level>4</Level>
      <Task>0</Task>
      <Opcode>0</Opcode>
      <Keywords>0x8080000000000000</Keywords>
      <TimeCreated SystemTime="2026-07-13T23:50:04.249Z"/>
      <EventRecordID>118436</EventRecordID>
      <Correlation/>
      <Execution ProcessID="656" ThreadID="700"/>
      <Channel>System</Channel>
      <Computer>FNW-WKS047.fenwick.local</Computer>
      <Security/>
    </System>
    <EventData>
      <Data Name="param1">Windows Time</Data>
      <Data Name="param2">running</Data>
    </EventData>
  </Event>
  <Event xmlns="http://schemas.microsoft.com/win/2004/08/events/event">
    <System>
      <Provider Name="Microsoft-Windows-Security-Auditing" Guid="{54849625-5478-4994-a5ba-3e3b0328c30d}"/>
      <EventID>4624</EventID>
      <Version>0</Version>
      <Level>4</Level>
      <Task>0</Task>
      <Opcode>0</Opcode>
      <Keywords>0x8080000000000000</Keywords>
      <TimeCreated SystemTime="2026-07-13T23:50:29.643Z"/>
      <EventRecordID>121570</EventRecordID>
      <Correlation/>
      <Execution ProcessID="656" ThreadID="700"/>
      <Channel>Security</Channel>
      <Computer>FNW-WKS047.fenwick.local</Computer>
      <Security/>
    </System>
    <EventData>
      <Data Name="TargetUserName">j.moreau</Data>
      <Data Name="LogonType">10</Data>
      <Data Name="WorkstationName">FNW-WKS047</Data>
      <Data Name="IpAddress">10.14.22.28</Data>
    </EventData>
  </Event>
  <Event xmlns="http://schemas.microsoft.com/win/2004/08/events/event">
    <System>
      <Provider Name="Microsoft-Windows-Kernel-PnP" Guid="{9c205a39-1250-487d-abd7-e831c6290539}"/>
      <EventID>410</EventID>
      <Version>0</Version>
      <Level>4</Level>
      <Task>0</Task>
      <Opcode>0</Opcode>
      <Keywords>0x8080000000000000</Keywords>
      <TimeCreated SystemTime="2026-07-13T23:50:32.611Z"/>
      <EventRecordID>121572</EventRecordID>
      <Correlation/>
      <Execution ProcessID="656" ThreadID="700"/>
      <Channel>System</Channel>
      <Computer>FNW-WKS047.fenwick.local</Computer>
      <Security/>
    </System>
    <EventData>
      <Data Name="DeviceDescription">USB Mass Storage Device</Data>
      <Data Name="Status">0</Data>
    </EventData>
  </Event>
  <Event xmlns="http://schemas.microsoft.com/win/2004/08/events/event">
    <System>
      <Provider Name="Microsoft-Windows-DNS-Client" Guid="{1c95126e-7eea-49a9-a3fe-a378b03ddb4d}"/>
      <EventID>3008</EventID>
      <Version>0</Version>
      <Level>4</Level>
      <Task>0</Task>
      <Opcode>0</Opcode>
      <Keywords>0x8080000000000000</Keywords>
      <TimeCreated SystemTime="2026-07-13T23:50:45.976Z"/>
      <EventRecordID>121549</EventRecordID>
      <Correlation/>
      <Execution ProcessID="656" ThreadID="700"/>
      <Channel>System</Channel>
      <Computer>FNW-WKS047.fenwick.local</Computer>
      <Security/>
    </System>
    <EventData>
      <Data Name="QueryName">printserver.fenwick.local</Data>
      <Data Name="QueryStatus">0</Data>
    </EventData>
  </Event>
  <Event xmlns="http://schemas.microsoft.com/win/2004/08/events/event">
    <System>
      <Provider Name="Microsoft-Windows-TaskScheduler" Guid="{de7b24ea-73c8-4a09-985d-5bdadcfa9017}"/>
      <EventID>201</EventID>
      <Version>0</Version>
      <Level>4</Level>
      <Task>0</Task>
      <Opcode>0</Opcode>
      <Keywords>0x8080000000000000</Keywords>
      <TimeCreated SystemTime="2026-07-13T23:50:54.572Z"/>
      <EventRecordID>119134</EventRecordID>
      <Correlation/>
      <Execution ProcessID="656" ThreadID="700"/>
      <Channel>System</Channel>
      <Computer>FNW-WKS047.fenwick.local</Computer>
      <Security/>
    </System>
    <EventData>
      <Data Name="TaskName">\Fenwick\Endpoint\InventorySync</Data>
      <Data Name="ResultCode">0</Data>
    </EventData>
  </Event>
  <Event xmlns="http://schemas.microsoft.com/win/2004/08/events/event">
    <System>
      <Provider Name="Service Control Manager" Guid="{555908d1-a6d7-4695-8e1e-26931d2012f4}" EventSourceName="Service Control Manager"/>
      <EventID>7036</EventID>
      <Version>0</Version>
      <Level>4</Level>
      <Task>0</Task>
      <Opcode>0</Opcode>
      <Keywords>0x8080000000000000</Keywords>
      <TimeCreated SystemTime="2026-07-13T23:50:55.439Z"/>
      <EventRecordID>120178</EventRecordID>
      <Correlation/>
      <Execution ProcessID="656" ThreadID="700"/>
      <Channel>System</Channel>
      <Computer>FNW-WKS047.fenwick.local</Computer>
      <Security/>
    </System>
    <EventData>
      <Data Name="param1">Print Spooler</Data>
      <Data Name="param2">running</Data>
    </EventData>
  </Event>
  <Event xmlns="http://schemas.microsoft.com/win/2004/08/events/event">
    <System>
      <Provider Name="Microsoft-Windows-TaskScheduler" Guid="{de7b24ea-73c8-4a09-985d-5bdadcfa9017}"/>
      <EventID>200</EventID>
      <Version>0</Version>
      <Level>4</Level>
      <Task>0</Task>
      <Opcode>0</Opcode>
      <Keywords>0x8080000000000000</Keywords>
      <TimeCreated SystemTime="2026-07-13T23:51:08.295Z"/>
      <EventRecordID>120060</EventRecordID>
      <Correlation/>
      <Execution ProcessID="656" ThreadID="700"/>
      <Channel>System</Channel>
      <Computer>FNW-WKS047.fenwick.local</Computer>
      <Security/>
    </System>
    <EventData>
      <Data Name="TaskName">\Microsoft\Windows\Diagnosis\Scheduled</Data>
      <Data Name="ActionName">Execute</Data>
    </EventData>
  </Event>
  <Event xmlns="http://schemas.microsoft.com/win/2004/08/events/event">
    <System>
      <Provider Name="Microsoft-Windows-DNS-Client" Guid="{1c95126e-7eea-49a9-a3fe-a378b03ddb4d}"/>
      <EventID>3008</EventID>
      <Version>0</Version>
      <Level>4</Level>
      <Task>0</Task>
      <Opcode>0</Opcode>
      <Keywords>0x8080000000000000</Keywords>
      <TimeCreated SystemTime="2026-07-13T23:51:14.108Z"/>
      <EventRecordID>121541</EventRecordID>
      <Correlation/>
      <Execution ProcessID="656" ThreadID="700"/>
      <Channel>System</Channel>
      <Computer>FNW-WKS047.fenwick.local</Computer>
      <Security/>
    </System>
    <EventData>
      <Data Name="QueryName">time.windows.com</Data>
      <Data Name="QueryStatus">9003</Data>
    </EventData>
  </Event>
  