<Event xmlns="http://schemas.microsoft.com/win/2004/08/events/event">
    <System>
      <Provider Name="Microsoft-Windows-Windows Firewall With Advanced Security" Guid="{63d2bb1d-e39a-41b8-9a3d-52dd06677588}"/>
      <EventID>5157</EventID>
      <Version>0</Version>
      <Level>4</Level>
      <Task>0</Task>
      <Opcode>0</Opcode>
      <Keywords>0x8080000000000000</Keywords>
      <TimeCreated SystemTime="2026-07-13T21:12:10.489Z"/>
      <EventRecordID>119462</EventRecordID>
      <Correlation/>
      <Execution ProcessID="656" ThreadID="700"/>
      <Channel>System</Channel>
      <Computer>FNW-WKS047.fenwick.local</Computer>
      <Security/>
    </System>
    <EventData>
      <Data Name="Application">System</Data>
      <Data Name="SourceAddress">10.14.22.136</Data>
      <Data Name="DestPort">445</Data>
      <Data Name="Direction">Inbound</Data>
    </EventData>
  </Event>
  <Event xmlns="http://schemas.microsoft.com/win/2004/08/events/event">
    <System>
      <Provider Name="Service Control Manager" Guid="{555908d1-a6d7-4695-8e1e-26931d2012f4}" EventSourceName="Service Control Manager"/>
      <EventID>7036</EventID>
      <Version>0</Version>
      <Level>4</Level>
      <Task>0</Task>
      <Opcode>0</Opcode>
      <Keywords>0x8080000000000000</Keywords>
      <TimeCreated SystemTime="2026-07-13T21:12:16.985Z"/>
      <EventRecordID>120581</EventRecordID>
      <Correlation/>
      <Execution ProcessID="656" ThreadID="700"/>
      <Channel>System</Channel>
      <Computer>FNW-WKS047.fenwick.local</Computer>
      <Security/>
    </System>
    <EventData>
      <Data Name="param1">IKE and AuthIP IPsec Keying Modules</Data>
      <Data Name="param2">stopped</Data>
    </EventData>
  </Event>
  <Event xmlns="http://schemas.microsoft.com/win/2004/08/events/event">
    <System>
      <Provider Name="Microsoft-Windows-Security-Auditing" Guid="{54849625-5478-4994-a5ba-3e3b0328c30d}"/>
      <EventID>4624</EventID>
      <Version>0</Version>
      <Level>4</Level>
      <Task>0</Task>
      <Opcode>0</Opcode>
      <Keywords>0x8080000000000000</Keywords>
      <TimeCreated SystemTime="2026-07-13T21:12:17.267Z"/>
      <EventRecordID>120356</EventRecordID>
      <Correlation/>
      <Execution ProcessID="656" ThreadID="700"/>
      <Channel>Security</Channel>
      <Computer>FNW-WKS047.fenwick.local</Computer>
      <Security/>
    </System>
    <EventData>
      <Data Name="TargetUserName">d.reyes</Data>
      <Data Name="LogonType">10</Data>
      <Data Name="WorkstationName">FNW-WKS047</Data>
      <Data Name="IpAddress">10.14.22.61</Data>
    </EventData>
  </Event>
  <Event xmlns="http://schemas.microsoft.com/win/2004/08/events/event">
    <System>
      <Provider Name="Microsoft-Windows-Security-Auditing" Guid="{54849625-5478-4994-a5ba-3e3b0328c30d}"/>
      <EventID>4624</EventID>
      <Version>0</Version>
      <Level>4</Level>
      <Task>0</Task>
      <Opcode>0</Opcode>
      <Keywords>0x8080000000000000</Keywords>
      <TimeCreated SystemTime="2026-07-13T21:12:33.233Z"/>
      <EventRecordID>120165</EventRecordID>
      <Correlation/>
      <Execution ProcessID="656" ThreadID="700"/>
      <Channel>Security</Channel>
      <Computer>FNW-WKS047.fenwick.local</Computer>
      <Security/>
    </System>
    <EventData>
      <Data Name="TargetUserName">svc_backup</Data>
      <Data Name="LogonType">3</Data>
      <Data Name="WorkstationName">FNW-WKS047</Data>
      <Data Name="IpAddress">10.14.22.209</Data>
    </EventData>
  </Event>
  <Event xmlns="http://schemas.microsoft.com/win/2004/08/events/event">
    <System>
      <Provider Name="Microsoft-Windows-Security-Auditing" Guid="{54849625-5478-4994-a5ba-3e3b0328c30d}"/>
      <EventID>4634</EventID>
      <Version>0</Version>
      <Level>4</Level>
      <Task>0</Task>
      <Opcode>0</Opcode>
      <Keywords>0x8080000000000000</Keywords>
      <TimeCreated SystemTime="2026-07-13T21:12:43.375Z"/>
      <EventRecordID>118560</EventRecordID>
      <Correlation/>
      <Execution ProcessID="656" ThreadID="700"/>
      <Channel>Security</Channel>
      <Computer>FNW-WKS047.fenwick.local</Computer>
      <Security/>
    </System>
    <EventData>
      <Data Name="TargetUserName">svc_backup</Data>
      <Data Name="LogonType">2</Data>
    </EventData>
  </Event>
  <Event xmlns="http://schemas.microsoft.com/win/2004/08/events/event">
    <System>
      <Provider Name="Service Control Manager" Guid="{555908d1-a6d7-4695-8e1e-26931d2012f4}" EventSourceName="Service Control Manager"/>
      <EventID>7036</EventID>
      <Version>0</Version>
      <Level>4</Level>
      <Task>0</Task>
      <Opcode>0</Opcode>
      <Keywords>0x8080000000000000</Keywords>
      <TimeCreated SystemTime="2026-07-13T21:12:54.411Z"/>
      <EventRecordID>120417</EventRecordID>
      <Correlation/>
      <Execution ProcessID="656" ThreadID="700"/>
      <Channel>System</Channel>
      <Computer>FNW-WKS047.fenwick.local</Computer>
      <Security/>
    </System>
    <EventData>
      <Data Name="param1">Shell Hardware Detection</Data>
      <Data Name="param2">running</Data>
    </EventData>
  </Event>
  <Event xmlns="http://schemas.microsoft.com/win/2004/08/events/event">
    <System>
      <Provider Name="Microsoft-Windows-Security-Auditing" Guid="{54849625-5478-4994-a5ba-3e3b0328c30d}"/>
      <EventID>4624</EventID>
      <Version>0</Version>
      <Level>4</Level>
      <Task>0</Task>
      <Opcode>0</Opcode>
      <Keywords>0x8080000000000000</Keywords>
      <TimeCreated SystemTime="2026-07-13T21:13:03.218Z"/>
      <EventRecordID>120947</EventRecordID>
      <Correlation/>
      <Execution ProcessID="656" ThreadID="700"/>
      <Channel>Security</Channel>
      <Computer>FNW-WKS047.fenwick.local</Computer>
      <Security/>
    </System>
    <EventData>
      <Data Name="TargetUserName">a.dubois</Data>
      <Data Name="LogonType">3</Data>
      <Data Name="WorkstationName">FNW-WKS047</Data>
      <Data Name="IpAddress">10.14.22.23</Data>
    </EventData>
  </Event>
  <Event xmlns="http://schemas.microsoft.com/win/2004/08/events/event">
    <System>
      <Provider Name="Microsoft-Windows-Windows Defender" Guid="{11cd958a-c507-4ef3-b3f2-5fd9dfbd2c78}"/>
      <EventID>1001</EventID>
      <Version>0</Version>
      <Level>4</Level>
      <Task>0</Task>
      <Opcode>0</Opcode>
      <Keywords>0x8080000000000000</Keywords>
      <TimeCreated SystemTime="2026-07-13T21:13:18.084Z"/>
      <EventRecordID>118923</EventRecordID>
      <Correlation/>
      <Execution ProcessID="656" ThreadID="700"/>
      <Channel>System</Channel>
      <Computer>FNW-WKS047.fenwick.local</Computer>
      <Security/>
    </System>
    <EventData>
      <Data Name="Scan Type">Quick</Data>
      <Data Name="Scan Result">No threats detected</Data>
    </EventData>
  </Event>
  <Event xmlns="http://schemas.microsoft.com/win/2004/08/events/event">
    <System>
      <Provider Name="Service Control Manager" Guid="{555908d1-a6d7-4695-8e1e-26931d2012f4}" EventSourceName="Service Control Manager"/>
      <EventID>7036</EventID>
      <Version>0</Version>
      <Level>4</Level>
      <Task>0</Task>
      <Opcode>0</Opcode>
      <Keywords>0x8080000000000000</Keywords>
      <TimeCreated SystemTime="2026-07-13T21:13:19.736Z"/>
      <EventRecordID>119740</EventRecordID>
      <Correlation/>
      <Execution ProcessID="656" ThreadID="700"/>
      <Channel>System</Channel>
      <Computer>FNW-WKS047.fenwick.local</Computer>
      <Security/>
    </System>
    <EventData>
      <Data Name="param1">Windows Update</Data>
      <Data Name="param2">running</Data>
    </EventData>
  </Event>
  <Event xmlns="http://schemas.microsoft.com/win/2004/08/events/event">
    <System>
      <Provider Name="Service Control Manager" Guid="{555908d1-a6d7-4695-8e1e-26931d2012f4}" EventSourceName="Service Control Manager"/>
      <EventID>7036</EventID>
      <Version>0</Version>
      <Level>4</Level>
      <Task>0</Task>
      <Opcode>0</Opcode>
      <Keywords>0x8080000000000000</Keywords>
      <TimeCreated SystemTime="2026-07-13T21:13:21.789Z"/>
      <EventRecordID>119815</EventRecordID>
      <Correlation/>
      <Execution ProcessID="656" ThreadID="700"/>
      <Channel>System</Channel>
      <Computer>FNW-WKS047.fenwick.local</Computer>
      <Security/>
    </System>
    <EventData>
      <Data Name="param1">Windows Font Cache Service</Data>
      <Data Name="param2">stopped</Data>
    </EventData>
  </Event>
  <Event xmlns="http://schemas.microsoft.com/win/2004/08/events/event">
    <System>
      <Provider Name="Microsoft-Windows-Kernel-PnP" Guid="{9c205a39-1250-487d-abd7-e831c6290539}"/>
      <EventID>410</EventID>
      <Version>0</Version>
      <Level>4</Level>
      <Task>0</Task>
      <Opcode>0</Opcode>
      <Keywords>0x8080000000000000</Keywords>
      <TimeCreated SystemTime="2026-07-13T21:13:26.988Z"/>
      <EventRecordID>120269</EventRecordID>
      <Correlation/>
      <Execution ProcessID="656" ThreadID="700"/>
      <Channel>System</Channel>
      <Computer>FNW-WKS047.fenwick.local</Computer>
      <Security/>
    </System>
    <EventData>
      <Data Name="DeviceDescription">HID-compliant mouse</Data>
      <Data Name="Status">0</Data>
    </EventData>
  </Event>
  <Event xmlns="http://schemas.microsoft.com/win/2004/08/events/event">
    <System>
      <Provider Name="Microsoft-Windows-TaskScheduler" Guid="{de7b24ea-73c8-4a09-985d-5bdadcfa9017}"/>
      <EventID>201</EventID>
      <Version>0</Version>
      <Level>4</Level>
      <Task>0</Task>
      <Opcode>0</Opcode>
      <Keywords>0x8080000000000000</Keywords>
      <TimeCreated SystemTime="2026-07-13T21:13:27.491Z"/>
      <EventRecordID>120210</EventRecordID>
      <Correlation/>
      <Execution ProcessID="656" ThreadID="700"/>
      <Channel>System</Channel>
      <Computer>FNW-WKS047.fenwick.local</Computer>
      <Security/>
    </System>
    <EventData>
      <Data Name="TaskName">\Microsoft\Windows\Diagnosis\Scheduled</Data>
      <Data Name="ResultCode">0</Data>
    </EventData>
  </Event>
  <Event xmlns="http://schemas.microsoft.com/win/2004/08/events/event">
    <System>
      <Provider Name="Microsoft-Windows-Windows Firewall With Advanced Security" Guid="{63d2bb1d-e39a-41b8-9a3d-52dd06677588}"/>
      <EventID>5157</EventID>
      <Version>0</Version>
      <Level>4</Level>
      <Task>0</Task>
      <Opcode>0</Opcode>
      <Keywords>0x8080000000000000</Keywords>
      <TimeCreated SystemTime="2026-07-13T21:13:42.228Z"/>
      <EventRecordID>121307</EventRecordID>
      <Correlation/>
      <Execution ProcessID="656" ThreadID="700"/>
      <Channel>System</Channel>
      <Computer>FNW-WKS047.fenwick.local</Computer>
      <Security/>
    </System>
    <EventData>
      <Data Name="Application">System</Data>
      <Data Name="SourceAddress">10.14.22.187</Data>
      <Data Name="DestPort">5357</Data>
      <Data Name="Direction">Inbound</Data>
    </EventData>
  </Event>
  <Event xmlns="http://schemas.microsoft.com/win/2004/08/events/event">
    <System>
      <Provider Name="Microsoft-Windows-DNS-Client" Guid="{1c95126e-7eea-49a9-a3fe-a378b03ddb4d}"/>
      <EventID>3008</EventID>
      <Version>0</Version>
      <Level>4</Level>
      <Task>0</Task>
      <Opcode>0</Opcode>
      <Keywords>0x8080000000000000</Keywords>
      <TimeCreated SystemTime="2026-07-13T21:14:00.892Z"/>
      <EventRecordID>119756</EventRecordID>
      <Correlation/>
      <Execution ProcessID="656" ThreadID="700"/>
      <Channel>System</Channel>
      <Computer>FNW-WKS047.fenwick.local</Computer>
      <Security/>
    </System>
    <EventData>
      <Data Name="QueryName">fileshare-toulouse.fenwick.local</Data>
      <Data Name="QueryStatus">0</Data>
    </EventData>
  </Event>
  <Event xmlns="http://schemas.microsoft.com/win/2004/08/events/event">
    <System>
      <Provider Name="Microsoft-Windows-Security-Auditing" Guid="{54849625-5478-4994-a5ba-3e3b0328c30d}"/>
      <EventID>4624</EventID>
      <Version>0</Version>
      <Level>4</Level>
      <Task>0</Task>
      <Opcode>0</Opcode>
      <Keywords>0x8080000000000000</Keywords>
      <TimeCreated SystemTime="2026-07-13T21:14:07.320Z"/>
      <EventRecordID>119632</EventRecordID>
      <Correlation/>
      <Execution ProcessID="656" ThreadID="700"/>
      <Channel>Security</Channel>
      <Computer>FNW-WKS047.fenwick.local</Computer>
      <Security/>
    </System>
    <EventData>
      <Data Name="TargetUserName">svc_backup</Data>
      <Data Name="LogonType">2</Data>
      <Data Name="WorkstationName">FNW-WKS047</Data>
      <Data Name="IpAddress">10.14.22.163</Data>
    </EventData>
  </Event>
  <Event xmlns="http://schemas.microsoft.com/win/2004/08/events/event">
    <System>
      <Provider Name="Application Error" Guid="{a0e9b465-b939-57d7-b27a-c6e2c7ded9ff}"/>
      <EventID>1000</EventID>
      <Version>0</Version>
      <Level>4</Level>
      <Task>0</Task>
      <Opcode>0</Opcode>
      <Keywords>0x8080000000000000</Keywords>
      <TimeCreated SystemTime="2026-07-13T21:14:25.357Z"/>
      <EventRecordID>121277</EventRecordID>
      <Correlation/>
      <Execution ProcessID="656" ThreadID="700"/>
      <Channel>Application</Channel>
      <Computer>FNW-WKS047.fenwick.local</Computer>
      <Security/>
    </System>
    <EventData>
      <Data Name="Application Name">teams.exe</Data>
      <Data Name="Application Version">11.0.3138.0</Data>
      <Data Name="Fault Module Name">ntdll.dll</Data>
      <Data Name="Exception Code">0xc0000005</Data>
    </EventData>
  </Event>
  <Event xmlns="http://schemas.microsoft.com/win/2004/08/events/event">
    <System>
      <Provider Name="Microsoft-Windows-DNS-Client" Guid="{1c95126e-7eea-49a9-a3fe-a378b03ddb4d}"/>
      <EventID>3008</EventID>
      <Version>0</Version>
      <Level>4</Level>
      <Task>0</Task>
      <Opcode>0</Opcode>
      <Keywords>0x8080000000000000</Keywords>
      <TimeCreated SystemTime="2026-07-13T21:14:50.006Z"/>
      <EventRecordID>118926</EventRecordID>
      <Correlation/>
      <Execution ProcessID="656" ThreadID="700"/>
      <Channel>System</Channel>
      <Computer>FNW-WKS047.fenwick.local</Computer>
      <Security/>
    </System>
    <EventData>
      <Data Name="QueryName">crl.microsoft.com</Data>
      <Data Name="QueryStatus">0</Data>
    </EventData>
  </Event>
  <Event xmlns="http://schemas.microsoft.com/win/2004/08/events/event">
    <System>
      <Provider Name="Service Control Manager" Guid="{555908d1-a6d7-4695-8e1e-26931d2012f4}" EventSourceName="Service Control Manager"/>
      <EventID>7036</EventID>
      <Version>0</Version>
      <Level>4</Level>
      <Task>0</Task>
      <Opcode>0</Opcode>
      <Keywords>0x8080000000000000</Keywords>
      <TimeCreated SystemTime="2026-07-13T21:14:53.828Z"/>
      <EventRecordID>118711</EventRecordID>
      <Correlation/>
      <Execution ProcessID="656" ThreadID="700"/>
      <Channel>System</Channel>
      <Computer>FNW-WKS047.fenwick.local</Computer>
      <Security/>
    </System>
    <EventData>
      <Data Name="param1">Windows Time</Data>
      <Data Name="param2">running</Data>
    </EventData>
  </Event>
  <Event xmlns="http://schemas.microsoft.com/win/2004/08/events/event">
    <System>
      <Provider Name="Service Control Manager" Guid="{555908d1-a6d7-4695-8e1e-26931d2012f4}" EventSourceName="Service Control Manager"/>
      <EventID>7036</EventID>
      <Version>0</Version>
      <Level>4</Level>
      <Task>0</Task>
      <Opcode>0</Opcode>
      <Keywords>0x8080000000000000</Keywords>
      <TimeCreated SystemTime="2026-07-13T21:15:47.025Z"/>
      <EventRecordID>121390</EventRecordID>
      <Correlation/>
      <Execution ProcessID="656" ThreadID="700"/>
      <Channel>System</Channel>
      <Computer>FNW-WKS047.fenwick.local</Computer>
      <Security/>
    </System>
    <EventData>
      <Data Name="param1">Diagnostic Policy Service</Data>
      <Data Name="param2">running</Data>
    </EventData>
  </Event>
  <Event xmlns="http://schemas.microsoft.com/win/2004/08/events/event">
    <System>
      <Provider Name="Microsoft-Windows-Security-Auditing" Guid="{54849625-5478-4994-a5ba-3e3b0328c30d}"/>
      <EventID>4624</EventID>
      <Version>0</Version>
      <Level>4</Level>
      <Task>0</Task>
      <Opcode>0</Opcode>
      <Keywords>0x8080000000000000</Keywords>
      <TimeCreated SystemTime="2026-07-13T21:16:04.135Z"/>
      <EventRecordID>119202</EventRecordID>
      <Correlation/>
      <Execution ProcessID="656" ThreadID="700"/>
      <Channel>Security</Channel>
      <Computer>FNW-WKS047.fenwick.local</Computer>
      <Security/>
    </System>
    <EventData>
      <Data Name="TargetUserName">svc_monitoring</Data>
      <Data Name="LogonType">2</Data>
      <Data Name="WorkstationName">FNW-WKS047</Data>
      <Data Name="IpAddress">10.14.22.201</Data>
    </EventData>
  </Event>
  <Event xmlns="http://schemas.microsoft.com/win/2004/08/events/event">
    <System>
      <Provider Name="Microsoft-Windows-DNS-Client" Guid="{1c95126e-7eea-49a9-a3fe-a378b03ddb4d}"/>
      <EventID>3008</EventID>
      <Version>0</Version>
      <Level>4</Level>
      <Task>0</Task>
      <Opcode>0</Opcode>
      <Keywords>0x8080000000000000</Keywords>
      <TimeCreated SystemTime="2026-07-13T21:16:17.161Z"/>
      <EventRecordID>120602</EventRecordID>
      <Correlation/>
      <Execution ProcessID="656" ThreadID="700"/>
      <Channel>System</Channel>
      <Computer>FNW-WKS047.fenwick.local</Computer>
      <Security/>
    </System>
    <EventData>
      <Data Name="QueryName">update.microsoft.com</Data>
      <Data Name="QueryStatus">0</Data>
    </EventData>
  </Event>
  <Event xmlns="http://schemas.microsoft.com/win/2004/08/events/event">
    <System>
      <Provider Name="Microsoft-Windows-Security-Auditing" Guid="{54849625-5478-4994-a5ba-3e3b0328c30d}"/>
      <EventID>4624</EventID>
      <Version>0</Version>
      <Level>4</Level>
      <Task>0</Task>
      <Opcode>0</Opcode>
      <Keywords>0x8080000000000000</Keywords>
      <TimeCreated SystemTime="2026-07-13T21:16:31.611Z"/>
      <EventRecordID>121105</EventRecordID>
      <Correlation/>
      <Execution ProcessID="656" ThreadID="700"/>
      <Channel>Security</Channel>
      <Computer>FNW-WKS047.fenwick.local</Computer>
      <Security/>
    </System>
    <EventData>
      <Data Name="TargetUserName">m.laurent</Data>
      <Data Name="LogonType">2</Data>
      <Data Name="WorkstationName">FNW-WKS047</Data>
      <Data Name="IpAddress">10.14.22.222</Data>
    </EventData>
  </Event>
  <Event xmlns="http://schemas.microsoft.com/win/2004/08/events/event">
    <System>
      <Provider Name="Microsoft-Windows-Kernel-PnP" Guid="{9c205a39-1250-487d-abd7-e831c6290539}"/>
      <EventID>410</EventID>
      <Version>0</Version>
      <Level>4</Level>
      <Task>0</Task>
      <Opcode>0</Opcode>
      <Keywords>0x8080000000000000</Keywords>
      <TimeCreated SystemTime="2026-07-13T21:16:46.746Z"/>
      <EventRecordID>119032</EventRecordID>
      <Correlation/>
      <Execution ProcessID="656" ThreadID="700"/>
      <Channel>System</Channel>
      <Computer>FNW-WKS047.fenwick.local</Computer>
      <Security/>
    </System>
    <EventData>
      <Data Name="DeviceDescription">HID-compliant mouse</Data>
      <Data Name="Status">0</Data>
    </EventData>
  </Event>
  <Event xmlns="http://schemas.microsoft.com/win/2004/08/events/event">
    <System>
      <Provider Name="Application Error" Guid="{a0e9b465-b939-57d7-b27a-c6e2c7ded9ff}"/>
      <EventID>1000</EventID>
      <Version>0</Version>
      <Level>4</Level>
      <Task>0</Task>
      <Opcode>0</Opcode>
      <Keywords>0x8080000000000000</Keywords>
      <TimeCreated SystemTime="2026-07-13T21:16:52.609Z"/>
      <EventRecordID>120484</EventRecordID>
      <Correlation/>
      <Execution ProcessID="656" ThreadID="700"/>
      <Channel>Application</Channel>
      <Computer>FNW-WKS047.fenwick.local</Computer>
      <Security/>
    </System>
    <EventData>
      <Data Name="Application Name">teams.exe</Data>
      <Data Name="Application Version">19.0.5019.0</Data>
      <Data Name="Fault Module Name">ntdll.dll</Data>
      <Data Name="Exception Code">0xc0000005</Data>
    </EventData>
  </Event>
  <Event xmlns="http://schemas.microsoft.com/win/2004/08/events/event">
    <System>
      <Provider Name="Microsoft-Windows-TerminalServices-RemoteConnectionManager" Guid="{c76baa63-ae81-421c-b425-340b4b24157f}"/>
      <EventID>21</EventID>
      <Version>0</Version>
      <Level>4</Level>
      <Task>0</Task>
      <Opcode>0</Opcode>
      <Keywords>0x8080000000000000</Keywords>
      <TimeCreated SystemTime="2026-07-13T21:17:03.874Z"/>
      <EventRecordID>121278</EventRecordID>
      <Correlation/>
      <Execution ProcessID="656" ThreadID="700"/>
      <Channel>System</Channel>
      <Computer>FNW-WKS047.fenwick.local</Computer>
      <Security/>
    </System>
    <EventData>
      <Data Name="User">a.dubois</Data>
      <Data Name="SourceNetworkAddress">10.14.22.134</Data>
    </EventData>
  </Event>
  <Event xmlns="http://schemas.microsoft.com/win/2004/08/events/event">
    <System>
      <Provider Name="Microsoft-Windows-TaskScheduler" Guid="{de7b24ea-73c8-4a09-985d-5bdadcfa9017}"/>
      <EventID>200</EventID>
      <Version>0</Version>
      <Level>4</Level>
      <Task>0</Task>
      <Opcode>0</Opcode>
      <Keywords>0x8080000000000000</Keywords>
      <TimeCreated SystemTime="2026-07-13T21:17:38.501Z"/>
      <EventRecordID>119116</EventRecordID>
      <Correlation/>
      <Execution ProcessID="656" ThreadID="700"/>
      <Channel>System</Channel>
      <Computer>FNW-WKS047.fenwick.local</Computer>
      <Security/>
    </System>
    <EventData>
      <Data Name="TaskName">\Microsoft\Windows\Diagnosis\Scheduled</Data>
      <Data Name="ActionName">Execute</Data>
    </EventData>
  </Event>
  <Event xmlns="http://schemas.microsoft.com/win/2004/08/events/event">
    <System>
      <Provider Name="Microsoft-Windows-DNS-Client" Guid="{1c95126e-7eea-49a9-a3fe-a378b03ddb4d}"/>
      <EventID>3008</EventID>
      <Version>0</Version>
      <Level>4</Level>
      <Task>0</Task>
      <Opcode>0</Opcode>
      <Keywords>0x8080000000000000</Keywords>
      <TimeCreated SystemTime="2026-07-13T21:17:40.626Z"/>
      <EventRecordID>120832</EventRecordID>
      <Correlation/>
      <Execution ProcessID="656" ThreadID="700"/>
      <Channel>System</Channel>
      <Computer>FNW-WKS047.fenwick.local</Computer>
      <Security/>
    </System>
    <EventData>
      <Data Name="QueryName">outlook.office365.com</Data>
      <Data Name="QueryStatus">0</Data>
    </EventData>
  </Event>
  <Event xmlns="http://schemas.microsoft.com/win/2004/08/events/event">
    <System>
      <Provider Name="Microsoft-Windows-Kernel-PnP" Guid="{9c205a39-1250-487d-abd7-e831c6290539}"/>
      <EventID>410</EventID>
      <Version>0</Version>
      <Level>4</Level>
      <Task>0</Task>
      <Opcode>0</Opcode>
      <Keywords>0x8080000000000000</Keywords>
      <TimeCreated SystemTime="2026-07-13T21:18:11.718Z"/>
      <EventRecordID>118648</EventRecordID>
      <Correlation/>
      <Execution ProcessID="656" ThreadID="700"/>
      <Channel>System</Channel>
      <Computer>FNW-WKS047.fenwick.local</Computer>
      <Security/>
    </System>
    <EventData>
      <Data Name="DeviceDescription">Realtek PCIe GbE Family Controller</Data>
      <Data Name="Status">0</Data>
    </EventData>
  </Event>
  <Event xmlns="http://schemas.microsoft.com/win/2004/08/events/event">
    <System>
      <Provider Name="Service Control Manager" Guid="{555908d1-a6d7-4695-8e1e-26931d2012f4}" EventSourceName="Service Control Manager"/>
      <EventID>7036</EventID>
      <Version>0</Version>
      <Level>4</Level>
      <Task>0</Task>
      <Opcode>0</Opcode>
      <Keywords>0x8080000000000000</Keywords>
      <TimeCreated SystemTime="2026-07-13T21:18:23.705Z"/>
      <EventRecordID>118734</EventRecordID>
      <Correlation/>
      <Execution ProcessID="656" ThreadID="700"/>
      <Channel>System</Channel>
      <Computer>FNW-WKS047.fenwick.local</Computer>
      <Security/>
    </System>
    <EventData>
      <Data Name="param1">Software Protection</Data>
      <Data Name="param2">stopped</Data>
    </EventData>
  </Event>
  <Event xmlns="http://schemas.microsoft.com/win/2004/08/events/event">
    <System>
      <Provider Name="Microsoft-Windows-TaskScheduler" Guid="{de7b24ea-73c8-4a09-985d-5bdadcfa9017}"/>
      <EventID>200</EventID>
      <Version>0</Version>
      <Level>4</Level>
      <Task>0</Task>
      <Opcode>0</Opcode>
      <Keywords>0x8080000000000000</Keywords>
      <TimeCreated SystemTime="2026-07-13T21:18:34.136Z"/>
      <EventRecordID>119337</EventRecordID>
      <Correlation/>
      <Execution ProcessID="656" ThreadID="700"/>
      <Channel>System</Channel>
      <Computer>FNW-WKS047.fenwick.local</Computer>
      <Security/>
    </System>
    <EventData>
      <Data Name="TaskName">\Microsoft\Windows\Diagnosis\Scheduled</Data>
      <Data Name="ActionName">Execute</Data>
    </EventData>
  </Event>
  <Event xmlns="http://schemas.microsoft.com/win/2004/08/events/event">
    <System>
      <Provider Name="Microsoft-Windows-DNS-Client" Guid="{1c95126e-7eea-49a9-a3fe-a378b03ddb4d}"/>
      <EventID>3008</EventID>
      <Version>0</Version>
      <Level>4</Level>
      <Task>0</Task>
      <Opcode>0</Opcode>
      <Keywords>0x8080000000000000</Keywords>
      <TimeCreated SystemTime="2026-07-13T21:18:43.421Z"/>
      <EventRecordID>120376</EventRecordID>
      <Correlation/>
      <Execution ProcessID="656" ThreadID="700"/>
      <Channel>System</Channel>
      <Computer>FNW-WKS047.fenwick.local</Computer>
      <Security/>
    </System>
    <EventData>
      <Data Name="QueryName">outlook.office365.com</Data>
      <Data Name="QueryStatus">0</Data>
    </EventData>
  </Event>
  <Event xmlns="http://schemas.microsoft.com/win/2004/08/events/event">
    <System>
      <Provider Name="Microsoft-Windows-Kernel-PnP" Guid="{9c205a39-1250-487d-abd7-e831c6290539}"/>
      <EventID>410</EventID>
      <Version>0</Version>
      <Level>4</Level>
      <Task>0</Task>
      <Opcode>0</Opcode>
      <Keywords>0x8080000000000000</Keywords>
      <TimeCreated SystemTime="2026-07-13T21:18:48.565Z"/>
      <EventRecordID>119962</EventRecordID>
      <Correlation/>
      <Execution ProcessID="656" ThreadID="700"/>
      <Channel>System</Channel>
      <Computer>FNW-WKS047.fenwick.local</Computer>
      <Security/>
    </System>
    <EventData>
      <Data Name="DeviceDescription">Realtek PCIe GbE Family Controller</Data>
      <Data Name="Status">0</Data>
    </EventData>
  </Event>
  <Event xmlns="http://schemas.microsoft.com/win/2004/08/events/event">
    <System>
      <Provider Name="Microsoft-Windows-Security-Auditing" Guid="{54849625-5478-4994-a5ba-3e3b0328c30d}"/>
      <EventID>4624</EventID>
      <Version>0</Version>
      <Level>4</Level>
      <Task>0</Task>
      <Opcode>0</Opcode>
      <Keywords>0x8080000000000000</Keywords>
      <TimeCreated SystemTime="2026-07-13T21:18:52.653Z"/>
      <EventRecordID>120040</EventRecordID>
      <Correlation/>
      <Execution ProcessID="656" ThreadID="700"/>
      <Channel>Security</Channel>
      <Computer>FNW-WKS047.fenwick.local</Computer>
      <Security/>
    </System>
    <EventData>
      <Data Name="TargetUserName">svc_monitoring</Data>
      <Data Name="LogonType">3</Data>
      <Data Name="WorkstationName">FNW-WKS047</Data>
      <Data Name="IpAddress">10.14.22.76</Data>
    </EventData>
  </Event>
  <Event xmlns="http://schemas.microsoft.com/win/2004/08/events/event">
    <System>
      <Provider Name="Microsoft-Windows-DNS-Client" Guid="{1c95126e-7eea-49a9-a3fe-a378b03ddb4d}"/>
      <EventID>3008</EventID>
      <Version>0</Version>
      <Level>4</Level>
      <Task>0</Task>
      <Opcode>0</Opcode>
      <Keywords>0x8080000000000000</Keywords>
      <TimeCreated SystemTime="2026-07-13T21:18:54.724Z"/>
      <EventRecordID>119549</EventRecordID>
      <Correlation/>
      <Execution ProcessID="656" ThreadID="700"/>
      <Channel>System</Channel>
      <Computer>FNW-WKS047.fenwick.local</Computer>
      <Security/>
    </System>
    <EventData>
      <Data Name="QueryName">printserver.fenwick.local</Data>
      <Data Name="QueryStatus">0</Data>
    </EventData>
  </Event>
  <Event xmlns="http://schemas.microsoft.com/win/2004/08/events/event">
    <System>
      <Provider Name="Application Error" Guid="{a0e9b465-b939-57d7-b27a-c6e2c7ded9ff}"/>
      <EventID>1000</EventID>
      <Version>0</Version>
      <Level>4</Level>
      <Task>0</Task>
      <Opcode>0</Opcode>
      <Keywords>0x8080000000000000</Keywords>
      <TimeCreated SystemTime="2026-07-13T21:19:36.049Z"/>
      <EventRecordID>121011</EventRecordID>
      <Correlation/>
      <Execution ProcessID="656" ThreadID="700"/>
      <Channel>Application</Channel>
      <Computer>FNW-WKS047.fenwick.local</Computer>
      <Security/>
    </System>
    <EventData>
      <Data Name="Application Name">chrome.exe</Data>
      <Data Name="Application Version">12.0.5332.0</Data>
      <Data Name="Fault Module Name">ntdll.dll</Data>
      <Data Name="Exception Code">0xc0000005</Data>
    </EventData>
  </Event>
  <Event xmlns="http://schemas.microsoft.com/win/2004/08/events/event">
    <System>
      <Provider Name="Microsoft-Windows-TaskScheduler" Guid="{de7b24ea-73c8-4a09-985d-5bdadcfa9017}"/>
      <EventID>201</EventID>
      <Version>0</Version>
      <Level>4</Level>
      <Task>0</Task>
      <Opcode>0</Opcode>
      <Keywords>0x8080000000000000</Keywords>
      <TimeCreated SystemTime="2026-07-13T21:19:37.381Z"/>
      <EventRecordID>121243</EventRecordID>
      <Correlation/>
      <Execution ProcessID="656" ThreadID="700"/>
      <Channel>System</Channel>
      <Computer>FNW-WKS047.fenwick.local</Computer>
      <Security/>
    </System>
    <EventData>
      <Data Name="TaskName">\Fenwick\Endpoint\InventorySync</Data>
      <Data Name="ResultCode">0</Data>
    </EventData>
  </Event>
  <Event xmlns="http://schemas.microsoft.com/win/2004/08/events/event">
    <System>
      <Provider Name="Microsoft-Windows-Kernel-PnP" Guid="{9c205a39-1250-487d-abd7-e831c6290539}"/>
      <EventID>410</EventID>
      <Version>0</Version>
      <Level>4</Level>
      <Task>0</Task>
      <Opcode>0</Opcode>
      <Keywords>0x8080000000000000</Keywords>
      <TimeCreated SystemTime="2026-07-13T21:19:52.116Z"/>
      <EventRecordID>119293</EventRecordID>
      <Correlation/>
      <Execution ProcessID="656" ThreadID="700"/>
      <Channel>System</Channel>
      <Computer>FNW-WKS047.fenwick.local</Computer>
      <Security/>
    </System>
    <EventData>
      <Data Name="DeviceDescription">Generic Bluetooth Adapter</Data>
      <Data Name="Status">0</Data>
    </EventData>
  </Event>
  <Event xmlns="http://schemas.microsoft.com/win/2004/08/events/event">
    <System>
      <Provider Name="Service Control Manager" Guid="{555908d1-a6d7-4695-8e1e-26931d2012f4}" EventSourceName="Service Control Manager"/>
      <EventID>7036</EventID>
      <Version>0</Version>
      <Level>4</Level>
      <Task>0</Task>
      <Opcode>0</Opcode>
      <Keywords>0x8080000000000000</Keywords>
      <TimeCreated SystemTime="2026-07-13T21:19:55.334Z"/>
      <EventRecordID>119356</EventRecordID>
      <Correlation/>
      <Execution ProcessID="656" ThreadID="700"/>
      <Channel>System</Channel>
      <Computer>FNW-WKS047.fenwick.local</Computer>
      <Security/>
    </System>
    <EventData>
      <Data Name="param1">Software Protection</Data>
      <Data Name="param2">stopped</Data>
    </EventData>
  </Event>
  <Event xmlns="http://schemas.microsoft.com/win/2004/08/events/event">
    <System>
      <Provider Name="Microsoft-Windows-DNS-Client" Guid="{1c95126e-7eea-49a9-a3fe-a378b03ddb4d}"/>
      <EventID>3008</EventID>
      <Version>0</Version>
      <Level>4</Level>
      <Task>0</Task>
      <Opcode>0</Opcode>
      <Keywords>0x8080000000000000</Keywords>
      <TimeCreated SystemTime="2026-07-13T21:20:28.338Z"/>
      <EventRecordID>121322</EventRecordID>
      <Correlation/>
      <Execution ProcessID="656" ThreadID="700"/>
      <Channel>System</Channel>
      <Computer>FNW-WKS047.fenwick.local</Computer>
      <Security/>
    </System>
    <EventData>
      <Data Name="QueryName">time.windows.com</Data>
      <Data Name="QueryStatus">0</Data>
    </EventData>
  </Event>
  <Event xmlns="http://schemas.microsoft.com/win/2004/08/events/event">
    <System>
      <Provider Name="Service Control Manager" Guid="{555908d1-a6d7-4695-8e1e-26931d2012f4}" EventSourceName="Service Control Manager"/>
      <EventID>7036</EventID>
      <Version>0</Version>
      <Level>4</Level>
      <Task>0</Task>
      <Opcode>0</Opcode>
      <Keywords>0x8080000000000000</Keywords>
      <TimeCreated SystemTime="2026-07-13T21:20:45.952Z"/>
      <EventRecordID>119975</EventRecordID>
      <Correlation/>
      <Execution ProcessID="656" ThreadID="700"/>
      <Channel>System</Channel>
      <Computer>FNW-WKS047.fenwick.local</Computer>
      <Security/>
    </System>
    <EventData>
      <Data Name="param1">Shell Hardware Detection</Data>
      <Data Name="param2">running</Data>
    </EventData>
  </Event>
  <Event xmlns="http://schemas.microsoft.com/win/2004/08/events/event">
    <System>
      <Provider Name="Microsoft-Windows-TaskScheduler" Guid="{de7b24ea-73c8-4a09-985d-5bdadcfa9017}"/>
      <EventID>201</EventID>
      <Version>0</Version>
      <Level>4</Level>
      <Task>0</Task>
      <Opcode>0</Opcode>
      <Keywords>0x8080000000000000</Keywords>
      <TimeCreated SystemTime="2026-07-13T21:21:07.314Z"/>
      <EventRecordID>118813</EventRecordID>
      <Correlation/>
      <Execution ProcessID="656" ThreadID="700"/>
      <Channel>System</Channel>
      <Computer>FNW-WKS047.fenwick.local</Computer>
      <Security/>
    </System>
    <EventData>
      <Data Name="TaskName">\Microsoft\Windows\DiskCleanup\SilentCleanup</Data>
      <Data Name="ResultCode">0</Data>
    </EventData>
  </Event>
  <Event xmlns="http://schemas.microsoft.com/win/2004/08/events/event">
    <System>
      <Provider Name="Application Error" Guid="{a0e9b465-b939-57d7-b27a-c6e2c7ded9ff}"/>
      <EventID>1000</EventID>
      <Version>0</Version>
      <Level>4</Level>
      <Task>0</Task>
      <Opcode>0</Opcode>
      <Keywords>0x8080000000000000</Keywords>
      <TimeCreated SystemTime="2026-07-13T21:21:13.650Z"/>
      <EventRecordID>120565</EventRecordID>
      <Correlation/>
      <Execution ProcessID="656" ThreadID="700"/>
      <Channel>Application</Channel>
      <Computer>FNW-WKS047.fenwick.local</Computer>
      <Security/>
    </System>
    <EventData>
      <Data Name="Application Name">acrord32.exe</Data>
      <Data Name="Application Version">17.0.7498.0</Data>
      <Data Name="Fault Module Name">ntdll.dll</Data>
      <Data Name="Exception Code">0xc0000005</Data>
    </EventData>
  </Event>
  <Event xmlns="http://schemas.microsoft.com/win/2004/08/events/event">
    <System>
      <Provider Name="Microsoft-Windows-PrintService" Guid="{747ef6fd-e535-4d16-b3b7-99e3e73c1c93}"/>
      <EventID>307</EventID>
      <Version>0</Version>
      <Level>4</Level>
      <Task>0</Task>
      <Opcode>0</Opcode>
      <Keywords>0x8080000000000000</Keywords>
      <TimeCreated SystemTime="2026-07-13T21:22:10.339Z"/>
      <EventRecordID>121236</EventRecordID>
      <Correlation/>
      <Execution ProcessID="656" ThreadID="700"/>
      <Channel>System</Channel>
      <Computer>FNW-WKS047.fenwick.local</Computer>
      <Security/>
    </System>
    <EventData>
      <Data Name="Document">Travel_Itinerary.pdf</Data>
      <Data Name="User">a.dubois</Data>
      <Data Name="Printer">\\printserver.fenwick.local\HP-Floor2</Data>
      <Data Name="Pages">6</Data>
    </EventData>
  </Event>
  <Event xmlns="http://schemas.microsoft.com/win/2004/08/events/event">
    <System>
      <Provider Name="Application Error" Guid="{a0e9b465-b939-57d7-b27a-c6e2c7ded9ff}"/>
      <EventID>1000</EventID>
      <Version>0</Version>
      <Level>4</Level>
      <Task>0</Task>
      <Opcode>0</Opcode>
      <Keywords>0x8080000000000000</Keywords>
      <TimeCreated SystemTime="2026-07-13T21:22:26.893Z"/>
      <EventRecordID>118953</EventRecordID>
      <Correlation/>
      <Execution ProcessID="656" ThreadID="700"/>
      <Channel>Application</Channel>
      <Computer>FNW-WKS047.fenwick.local</Computer>
      <Security/>
    </System>
    <EventData>
      <Data Name="Application Name">OneDrive.exe</Data>
      <Data Name="Application Version">15.0.3863.0</Data>
      <Data Name="Fault Module Name">ntdll.dll</Data>
      <Data Name="Exception Code">0xc0000005</Data>
    </EventData>
  </Event>
  <Event xmlns="http://schemas.microsoft.com/win/2004/08/events/event">
    <System>
      <Provider Name="Microsoft-Windows-DNS-Client" Guid="{1c95126e-7eea-49a9-a3fe-a378b03ddb4d}"/>
      <EventID>3008</EventID>
      <Version>0</Version>
      <Level>4</Level>
      <Task>0</Task>
      <Opcode>0</Opcode>
      <Keywords>0x8080000000000000</Keywords>
      <TimeCreated SystemTime="2026-07-13T21:22:57.338Z"/>
      <EventRecordID>119566</EventRecordID>
      <Correlation/>
      <Execution ProcessID="656" ThreadID="700"/>
      <Channel>System</Channel>
      <Computer>FNW-WKS047.fenwick.local</Computer>
      <Security/>
    </System>
    <EventData>
      <Data Name="QueryName">crl.microsoft.com</Data>
      <Data Name="QueryStatus">9003</Data>
    </EventData>
  </Event>
  <Event xmlns="http://schemas.microsoft.com/win/2004/08/events/event">
    <System>
      <Provider Name="Application Error" Guid="{a0e9b465-b939-57d7-b27a-c6e2c7ded9ff}"/>
      <EventID>1000</EventID>
      <Version>0</Version>
      <Level>4</Level>
      <Task>0</Task>
      <Opcode>0</Opcode>
      <Keywords>0x8080000000000000</Keywords>
      <TimeCreated SystemTime="2026-07-13T21:23:09.218Z"/>
      <EventRecordID>119679</EventRecordID>
      <Correlation/>
      <Execution ProcessID="656" ThreadID="700"/>
      <Channel>Application</Channel>
      <Computer>FNW-WKS047.fenwick.local</Computer>
      <Security/>
    </System>
    <EventData>
      <Data Name="Application Name">chrome.exe</Data>
      <Data Name="Application Version">15.0.3781.0</Data>
      <Data Name="Fault Module Name">ntdll.dll</Data>
      <Data Name="Exception Code">0xc0000005</Data>
    </EventData>
  </Event>
  <Event xmlns="http://schemas.microsoft.com/win/2004/08/events/event">
    <System>
      <Provider Name="Microsoft-Windows-Windows Firewall With Advanced Security" Guid="{63d2bb1d-e39a-41b8-9a3d-52dd06677588}"/>
      <EventID>5157</EventID>
      <Version>0</Version>
      <Level>4</Level>
      <Task>0</Task>
      <Opcode>0</Opcode>
      <Keywords>0x8080000000000000</Keywords>
      <TimeCreated SystemTime="2026-07-13T21:23:16.243Z"/>
      <EventRecordID>118473</EventRecordID>
      <Correlation/>
      <Execution ProcessID="656" ThreadID="700"/>
      <Channel>System</Channel>
      <Computer>FNW-WKS047.fenwick.local</Computer>
      <Security/>
    </System>
    <EventData>
      <Data Name="Application">System</Data>
      <Data Name="SourceAddress">10.14.22.49</Data>
      <Data Name="DestPort">1900</Data>
      <Data Name="Direction">Inbound</Data>
    </EventData>
  </Event>
  <Event xmlns="http://schemas.microsoft.com/win/2004/08/events/event">
    <System>
      <Provider Name="Microsoft-Windows-WindowsUpdateClient" Guid="{945a8954-c147-4acd-923f-40c45405a658}"/>
      <EventID>19</EventID>
      <Version>0</Version>
      <Level>4</Level>
      <Task>0</Task>
      <Opcode>0</Opcode>
      <Keywords>0x8080000000000000</Keywords>
      <TimeCreated SystemTime="2026-07-13T21:23:23.965Z"/>
      <EventRecordID>119441</EventRecordID>
      <Correlation/>
      <Execution ProcessID="656" ThreadID="700"/>
      <Channel>System</Channel>
      <Computer>FNW-WKS047.fenwick.local</Computer>
      <Security/>
    </System>
    <EventData>
      <Data Name="UpdateTitle">KB5036313 Cumulative Update for Windows 11</Data>
      <Data Name="UpdateId">{713abdb0-c157-c00c-5247-749ef0ddbd14}</Data>
    </EventData>
  </Event>
  <Event xmlns="http://schemas.microsoft.com/win/2004/08/events/event">
    <System>
      <Provider Name="Microsoft-Windows-Security-Auditing" Guid="{54849625-5478-4994-a5ba-3e3b0328c30d}"/>
      <EventID>4634</EventID>
      <Version>0</Version>
      <Level>4</Level>
      <Task>0</Task>
      <Opcode>0</Opcode>
      <Keywords>0x8080000000000000</Keywords>
      <TimeCreated SystemTime="2026-07-13T21:23:41.314Z"/>
      <EventRecordID>119511</EventRecordID>
      <Correlation/>
      <Execution ProcessID="656" ThreadID="700"/>
      <Channel>Security</Channel>
      <Computer>FNW-WKS047.fenwick.local</Computer>
      <Security/>
    </System>
    <EventData>
      <Data Name="TargetUserName">svc_backup</Data>
      <Data Name="LogonType">3</Data>
    </EventData>
  </Event>
  <Event xmlns="http://schemas.microsoft.com/win/2004/08/events/event">
    <System>
      <Provider Name="Microsoft-Windows-Windows Firewall With Advanced Security" Guid="{63d2bb1d-e39a-41b8-9a3d-52dd06677588}"/>
      <EventID>5157</EventID>
      <Version>0</Version>
      <Level>4</Level>
      <Task>0</Task>
      <Opcode>0</Opcode>
      <Keywords>0x8080000000000000</Keywords>
      <TimeCreated SystemTime="2026-07-13T21:24:18.584Z"/>
      <EventRecordID>119555</EventRecordID>
      <Correlation/>
      <Execution ProcessID="656" ThreadID="700"/>
      <Channel>System</Channel>
      <Computer>FNW-WKS047.fenwick.local</Computer>
      <Security/>
    </System>
    <EventData>
      <Data Name="Application">System</Data>
      <Data Name="SourceAddress">10.14.22.208</Data>
      <Data Name="DestPort">445</Data>
      <Data Name="Direction">Inbound</Data>
    </EventData>
  </Event>
  <Event xmlns="http://schemas.microsoft.com/win/2004/08/events/event">
    <System>
      <Provider Name="Microsoft-Windows-Security-Auditing" Guid="{54849625-5478-4994-a5ba-3e3b0328c30d}"/>
      <EventID>4634</EventID>
      <Version>0</Version>
      <Level>4</Level>
      <Task>0</Task>
      <Opcode>0</Opcode>
      <Keywords>0x8080000000000000</Keywords>
      <TimeCreated SystemTime="2026-07-13T21:25:05.794Z"/>
      <EventRecordID>118957</EventRecordID>
      <Correlation/>
      <Execution ProcessID="656" ThreadID="700"/>
      <Channel>Security</Channel>
      <Computer>FNW-WKS047.fenwick.local</Computer>
      <Security/>
    </System>
    <EventData>
      <Data Name="TargetUserName">j.moreau</Data>
      <Data Name="LogonType">2</Data>
    </EventData>
  </Event>
  <Event xmlns="http://schemas.microsoft.com/win/2004/08/events/event">
    <System>
      <Provider Name="Microsoft-Windows-TerminalServices-RemoteConnectionManager" Guid="{c76baa63-ae81-421c-b425-340b4b24157f}"/>
      <EventID>21</EventID>
      <Version>0</Version>
      <Level>4</Level>
      <Task>0</Task>
      <Opcode>0</Opcode>
      <Keywords>0x8080000000000000</Keywords>
      <TimeCreated SystemTime="2026-07-13T21:25:06.452Z"/>
      <EventRecordID>120722</EventRecordID>
      <Correlation/>
      <Execution ProcessID="656" ThreadID="700"/>
      <Channel>System</Channel>
      <Computer>FNW-WKS047.fenwick.local</Computer>
      <Security/>
    </System>
    <EventData>
      <Data Name="User">a.dubois</Data>
      <Data Name="SourceNetworkAddress">10.14.22.154</Data>
    </EventData>
  </Event>
  <Event xmlns="http://schemas.microsoft.com/win/2004/08/events/event">
    <System>
      <Provider Name="Service Control Manager" Guid="{555908d1-a6d7-4695-8e1e-26931d2012f4}" EventSourceName="Service Control Manager"/>
      <EventID>7045</EventID>
      <Version>0</Version>
      <Level>4</Level>
      <Task>0</Task>
      <Opcode>0</Opcode>
      <Keywords>0x8080000000000000</Keywords>
      <TimeCreated SystemTime="2026-07-13T21:25:43.799Z"/>
      <EventRecordID>120025</EventRecordID>
      <Correlation/>
      <Execution ProcessID="656" ThreadID="700"/>
      <Channel>System</Channel>
      <Computer>FNW-WKS047.fenwick.local</Computer>
      <Security/>
    </System>
    <EventData>
      <Data Name="ServiceName">Shell Hardware Detection</Data>
      <Data Name="ImagePath">C:\Windows\System32\ShellHardwareDetection.exe</Data>
      <Data Name="ServiceType">user mode service</Data>
      <Data Name="StartType">auto start</Data>
      <Data Name="AccountName">LocalSystem</Data>
    </EventData>
  </Event>
  <Event xmlns="http://schemas.microsoft.com/win/2004/08/events/event">
    <System>
      <Provider Name="Service Control Manager" Guid="{555908d1-a6d7-4695-8e1e-26931d2012f4}" EventSourceName="Service Control Manager"/>
      <EventID>7036</EventID>
      <Version>0</Version>
      <Level>4</Level>
      <Task>0</Task>
      <Opcode>0</Opcode>
      <Keywords>0x8080000000000000</Keywords>
      <TimeCreated SystemTime="2026-07-13T21:25:49.734Z"/>
      <EventRecordID>120262</EventRecordID>
      <Correlation/>
      <Execution ProcessID="656" ThreadID="700"/>
      <Channel>System</Channel>
      <Computer>FNW-WKS047.fenwick.local</Computer>
      <Security/>
    </System>
    <EventData>
      <Data Name="param1">Remote Procedure Call Locator</Data>
      <Data Name="param2">stopped</Data>
    </EventData>
  </Event>
  <Event xmlns="http://schemas.microsoft.com/win/2004/08/events/event">
    <System>
      <Provider Name="Microsoft-Windows-Security-Auditing" Guid="{54849625-5478-4994-a5ba-3e3b0328c30d}"/>
      <EventID>4624</EventID>
      <Version>0</Version>
      <Level>4</Level>
      <Task>0</Task>
      <Opcode>0</Opcode>
      <Keywords>0x8080000000000000</Keywords>
      <TimeCreated SystemTime="2026-07-13T21:25:54.272Z"/>
      <EventRecordID>119864</EventRecordID>
      <Correlation/>
      <Execution ProcessID="656" ThreadID="700"/>
      <Channel>Security</Channel>
      <Computer>FNW-WKS047.fenwick.local</Computer>
      <Security/>
    </System>
    <EventData>
      <Data Name="TargetUserName">svc_backup</Data>
      <Data Name="LogonType">3</Data>
      <Data Name="WorkstationName">FNW-WKS047</Data>
      <Data Name="IpAddress">10.14.22.212</Data>
    </EventData>
  </Event>
  <Event xmlns="http://schemas.microsoft.com/win/2004/08/events/event">
    <System>
      <Provider Name="Microsoft-Windows-Security-Auditing" Guid="{54849625-5478-4994-a5ba-3e3b0328c30d}"/>
      <EventID>4634</EventID>
      <Version>0</Version>
      <Level>4</Level>
      <Task>0</Task>
      <Opcode>0</Opcode>
      <Keywords>0x8080000000000000</Keywords>
      <TimeCreated SystemTime="2026-07-13T21:25:58.285Z"/>
      <EventRecordID>121177</EventRecordID>
      <Correlation/>
      <Execution ProcessID="656" ThreadID="700"/>
      <Channel>Security</Channel>
      <Computer>FNW-WKS047.fenwick.local</Computer>
      <Security/>
    </System>
    <EventData>
      <Data Name="TargetUserName">a.dubois</Data>
      <Data Name="LogonType">2</Data>
    </EventData>
  </Event>
  <Event xmlns="http://schemas.microsoft.com/win/2004/08/events/event">
    <System>
      <Provider Name="Application Error" Guid="{a0e9b465-b939-57d7-b27a-c6e2c7ded9ff}"/>
      <EventID>1000</EventID>
      <Version>0</Version>
      <Level>4</Level>
      <Task>0</Task>
      <Opcode>0</Opcode>
      <Keywords>0x8080000000000000</Keywords>
      <TimeCreated SystemTime="2026-07-13T21:26:00.256Z"/>
      <EventRecordID>120740</EventRecordID>
      <Correlation/>
      <Execution ProcessID="656" ThreadID="700"/>
      <Channel>Application</Channel>
      <Computer>FNW-WKS047.fenwick.local</Computer>
      <Security/>
    </System>
    <EventData>
      <Data Name="Application Name">explorer.exe</Data>
      <Data Name="Application Version">18.0.1116.0</Data>
      <Data Name="Fault Module Name">ntdll.dll</Data>
      <Data Name="Exception Code">0xc0000005</Data>
    </EventData>
  </Event>
  <Event xmlns="http://schemas.microsoft.com/win/2004/08/events/event">
    <System>
      <Provider Name="Microsoft-Windows-TaskScheduler" Guid="{de7b24ea-73c8-4a09-985d-5bdadcfa9017}"/>
      <EventID>201</EventID>
      <Version>0</Version>
      <Level>4</Level>
      <Task>0</Task>
      <Opcode>0</Opcode>
      <Keywords>0x8080000000000000</Keywords>
      <TimeCreated SystemTime="2026-07-13T21:26:29.047Z"/>
      <EventRecordID>118573</EventRecordID>
      <Correlation/>
      <Execution ProcessID="656" ThreadID="700"/>
      <Channel>System</Channel>
      <Computer>FNW-WKS047.fenwick.local</Computer>
      <Security/>
    </System>
    <EventData>
      <Data Name="TaskName">\Microsoft\Windows\DiskCleanup\SilentCleanup</Data>
      <Data Name="ResultCode">0</Data>
    </EventData>
  </Event>
  <Event xmlns="http://schemas.microsoft.com/win/2004/08/events/event">
    <System>
      <Provider Name="Microsoft-Windows-Security-Auditing" Guid="{54849625-5478-4994-a5ba-3e3b0328c30d}"/>
      <EventID>4624</EventID>
      <Version>0</Version>
      <Level>4</Level>
      <Task>0</Task>
      <Opcode>0</Opcode>
      <Keywords>0x8080000000000000</Keywords>
      <TimeCreated SystemTime="2026-07-13T21:26:37.350Z"/>
      <EventRecordID>120215</EventRecordID>
      <Correlation/>
      <Execution ProcessID="656" ThreadID="700"/>
      <Channel>Security</Channel>
      <Computer>FNW-WKS047.fenwick.local</Computer>
      <Security/>
    </System>
    <EventData>
      <Data Name="TargetUserName">m.laurent</Data>
      <Data Name="LogonType">2</Data>
      <Data Name="WorkstationName">FNW-WKS047</Data>
      <Data Name="IpAddress">10.14.22.62</Data>
    </EventData>
  </Event>
  