<Event xmlns="http://schemas.microsoft.com/win/2004/08/events/event">
    <System>
      <Provider Name="Microsoft-Windows-Security-Auditing" Guid="{54849625-5478-4994-a5ba-3e3b0328c30d}"/>
      <EventID>4624</EventID>
      <Version>0</Version>
      <Level>4</Level>
      <Task>0</Task>
      <Opcode>0</Opcode>
      <Keywords>0x8080000000000000</Keywords>
      <TimeCreated SystemTime="2026-07-13T18:53:34.844Z"/>
      <EventRecordID>119198</EventRecordID>
      <Correlation/>
      <Execution ProcessID="656" ThreadID="700"/>
      <Channel>Security</Channel>
      <Computer>FNW-WKS047.fenwick.local</Computer>
      <Security/>
    </System>
    <EventData>
      <Data Name="TargetUserName">j.moreau</Data>
      <Data Name="LogonType">7</Data>
      <Data Name="WorkstationName">FNW-WKS047</Data>
      <Data Name="IpAddress">10.14.22.89</Data>
    </EventData>
  </Event>
  <Event xmlns="http://schemas.microsoft.com/win/2004/08/events/event">
    <System>
      <Provider Name="Service Control Manager" Guid="{555908d1-a6d7-4695-8e1e-26931d2012f4}" EventSourceName="Service Control Manager"/>
      <EventID>7036</EventID>
      <Version>0</Version>
      <Level>4</Level>
      <Task>0</Task>
      <Opcode>0</Opcode>
      <Keywords>0x8080000000000000</Keywords>
      <TimeCreated SystemTime="2026-07-13T18:54:31.700Z"/>
      <EventRecordID>119189</EventRecordID>
      <Correlation/>
      <Execution ProcessID="656" ThreadID="700"/>
      <Channel>System</Channel>
      <Computer>FNW-WKS047.fenwick.local</Computer>
      <Security/>
    </System>
    <EventData>
      <Data Name="param1">Shell Hardware Detection</Data>
      <Data Name="param2">stopped</Data>
    </EventData>
  </Event>
  <Event xmlns="http://schemas.microsoft.com/win/2004/08/events/event">
    <System>
      <Provider Name="Microsoft-Windows-TaskScheduler" Guid="{de7b24ea-73c8-4a09-985d-5bdadcfa9017}"/>
      <EventID>201</EventID>
      <Version>0</Version>
      <Level>4</Level>
      <Task>0</Task>
      <Opcode>0</Opcode>
      <Keywords>0x8080000000000000</Keywords>
      <TimeCreated SystemTime="2026-07-13T18:54:49.521Z"/>
      <EventRecordID>119833</EventRecordID>
      <Correlation/>
      <Execution ProcessID="656" ThreadID="700"/>
      <Channel>System</Channel>
      <Computer>FNW-WKS047.fenwick.local</Computer>
      <Security/>
    </System>
    <EventData>
      <Data Name="TaskName">\Microsoft\Windows\UpdateOrchestrator\Schedule Scan</Data>
      <Data Name="ResultCode">0</Data>
    </EventData>
  </Event>
  <Event xmlns="http://schemas.microsoft.com/win/2004/08/events/event">
    <System>
      <Provider Name="Microsoft-Windows-TaskScheduler" Guid="{de7b24ea-73c8-4a09-985d-5bdadcfa9017}"/>
      <EventID>200</EventID>
      <Version>0</Version>
      <Level>4</Level>
      <Task>0</Task>
      <Opcode>0</Opcode>
      <Keywords>0x8080000000000000</Keywords>
      <TimeCreated SystemTime="2026-07-13T18:54:50.481Z"/>
      <EventRecordID>118499</EventRecordID>
      <Correlation/>
      <Execution ProcessID="656" ThreadID="700"/>
      <Channel>System</Channel>
      <Computer>FNW-WKS047.fenwick.local</Computer>
      <Security/>
    </System>
    <EventData>
      <Data Name="TaskName">\Microsoft\Windows\Time Synchronization\SynchronizeTime</Data>
      <Data Name="ActionName">Execute</Data>
    </EventData>
  </Event>
  <Event xmlns="http://schemas.microsoft.com/win/2004/08/events/event">
    <System>
      <Provider Name="Microsoft-Windows-Windows Defender" Guid="{11cd958a-c507-4ef3-b3f2-5fd9dfbd2c78}"/>
      <EventID>1001</EventID>
      <Version>0</Version>
      <Level>4</Level>
      <Task>0</Task>
      <Opcode>0</Opcode>
      <Keywords>0x8080000000000000</Keywords>
      <TimeCreated SystemTime="2026-07-13T18:54:58.662Z"/>
      <EventRecordID>120063</EventRecordID>
      <Correlation/>
      <Execution ProcessID="656" ThreadID="700"/>
      <Channel>System</Channel>
      <Computer>FNW-WKS047.fenwick.local</Computer>
      <Security/>
    </System>
    <EventData>
      <Data Name="Scan Type">Custom</Data>
      <Data Name="Scan Result">No threats detected</Data>
    </EventData>
  </Event>
  <Event xmlns="http://schemas.microsoft.com/win/2004/08/events/event">
    <System>
      <Provider Name="Microsoft-Windows-Kernel-PnP" Guid="{9c205a39-1250-487d-abd7-e831c6290539}"/>
      <EventID>410</EventID>
      <Version>0</Version>
      <Level>4</Level>
      <Task>0</Task>
      <Opcode>0</Opcode>
      <Keywords>0x8080000000000000</Keywords>
      <TimeCreated SystemTime="2026-07-13T18:55:07.181Z"/>
      <EventRecordID>119096</EventRecordID>
      <Correlation/>
      <Execution ProcessID="656" ThreadID="700"/>
      <Channel>System</Channel>
      <Computer>FNW-WKS047.fenwick.local</Computer>
      <Security/>
    </System>
    <EventData>
      <Data Name="DeviceDescription">Realtek PCIe GbE Family Controller</Data>
      <Data Name="Status">0</Data>
    </EventData>
  </Event>
  <Event xmlns="http://schemas.microsoft.com/win/2004/08/events/event">
    <System>
      <Provider Name="Microsoft-Windows-Security-Auditing" Guid="{54849625-5478-4994-a5ba-3e3b0328c30d}"/>
      <EventID>4624</EventID>
      <Version>0</Version>
      <Level>4</Level>
      <Task>0</Task>
      <Opcode>0</Opcode>
      <Keywords>0x8080000000000000</Keywords>
      <TimeCreated SystemTime="2026-07-13T18:55:28.182Z"/>
      <EventRecordID>120509</EventRecordID>
      <Correlation/>
      <Execution ProcessID="656" ThreadID="700"/>
      <Channel>Security</Channel>
      <Computer>FNW-WKS047.fenwick.local</Computer>
      <Security/>
    </System>
    <EventData>
      <Data Name="TargetUserName">m.laurent</Data>
      <Data Name="LogonType">2</Data>
      <Data Name="WorkstationName">FNW-WKS047</Data>
      <Data Name="IpAddress">10.14.22.219</Data>
    </EventData>
  </Event>
  <Event xmlns="http://schemas.microsoft.com/win/2004/08/events/event">
    <System>
      <Provider Name="Microsoft-Windows-WindowsUpdateClient" Guid="{945a8954-c147-4acd-923f-40c45405a658}"/>
      <EventID>19</EventID>
      <Version>0</Version>
      <Level>4</Level>
      <Task>0</Task>
      <Opcode>0</Opcode>
      <Keywords>0x8080000000000000</Keywords>
      <TimeCreated SystemTime="2026-07-13T18:55:44.286Z"/>
      <EventRecordID>120609</EventRecordID>
      <Correlation/>
      <Execution ProcessID="656" ThreadID="700"/>
      <Channel>System</Channel>
      <Computer>FNW-WKS047.fenwick.local</Computer>
      <Security/>
    </System>
    <EventData>
      <Data Name="UpdateTitle">KB5037670 Cumulative Update for Windows 11</Data>
      <Data Name="UpdateId">{af77e51b-2d38-3262-041c-24db7cb79846}</Data>
    </EventData>
  </Event>
  <Event xmlns="http://schemas.microsoft.com/win/2004/08/events/event">
    <System>
      <Provider Name="Service Control Manager" Guid="{555908d1-a6d7-4695-8e1e-26931d2012f4}" EventSourceName="Service Control Manager"/>
      <EventID>7036</EventID>
      <Version>0</Version>
      <Level>4</Level>
      <Task>0</Task>
      <Opcode>0</Opcode>
      <Keywords>0x8080000000000000</Keywords>
      <TimeCreated SystemTime="2026-07-13T18:55:44.419Z"/>
      <EventRecordID>120629</EventRecordID>
      <Correlation/>
      <Execution ProcessID="656" ThreadID="700"/>
      <Channel>System</Channel>
      <Computer>FNW-WKS047.fenwick.local</Computer>
      <Security/>
    </System>
    <EventData>
      <Data Name="param1">Windows Time</Data>
      <Data Name="param2">stopped</Data>
    </EventData>
  </Event>
  <Event xmlns="http://schemas.microsoft.com/win/2004/08/events/event">
    <System>
      <Provider Name="Application Error" Guid="{a0e9b465-b939-57d7-b27a-c6e2c7ded9ff}"/>
      <EventID>1000</EventID>
      <Version>0</Version>
      <Level>4</Level>
      <Task>0</Task>
      <Opcode>0</Opcode>
      <Keywords>0x8080000000000000</Keywords>
      <TimeCreated SystemTime="2026-07-13T18:55:47.305Z"/>
      <EventRecordID>120772</EventRecordID>
      <Correlation/>
      <Execution ProcessID="656" ThreadID="700"/>
      <Channel>Application</Channel>
      <Computer>FNW-WKS047.fenwick.local</Computer>
      <Security/>
    </System>
    <EventData>
      <Data Name="Application Name">chrome.exe</Data>
      <Data Name="Application Version">19.0.2682.0</Data>
      <Data Name="Fault Module Name">ntdll.dll</Data>
      <Data Name="Exception Code">0xc0000005</Data>
    </EventData>
  </Event>
  <Event xmlns="http://schemas.microsoft.com/win/2004/08/events/event">
    <System>
      <Provider Name="Microsoft-Windows-Windows Defender" Guid="{11cd958a-c507-4ef3-b3f2-5fd9dfbd2c78}"/>
      <EventID>1001</EventID>
      <Version>0</Version>
      <Level>4</Level>
      <Task>0</Task>
      <Opcode>0</Opcode>
      <Keywords>0x8080000000000000</Keywords>
      <TimeCreated SystemTime="2026-07-13T18:56:08.263Z"/>
      <EventRecordID>120107</EventRecordID>
      <Correlation/>
      <Execution ProcessID="656" ThreadID="700"/>
      <Channel>System</Channel>
      <Computer>FNW-WKS047.fenwick.local</Computer>
      <Security/>
    </System>
    <EventData>
      <Data Name="Scan Type">Quick</Data>
      <Data Name="Scan Result">No threats detected</Data>
    </EventData>
  </Event>
  <Event xmlns="http://schemas.microsoft.com/win/2004/08/events/event">
    <System>
      <Provider Name="Microsoft-Windows-Security-Auditing" Guid="{54849625-5478-4994-a5ba-3e3b0328c30d}"/>
      <EventID>4624</EventID>
      <Version>0</Version>
      <Level>4</Level>
      <Task>0</Task>
      <Opcode>0</Opcode>
      <Keywords>0x8080000000000000</Keywords>
      <TimeCreated SystemTime="2026-07-13T18:56:13.992Z"/>
      <EventRecordID>119235</EventRecordID>
      <Correlation/>
      <Execution ProcessID="656" ThreadID="700"/>
      <Channel>Security</Channel>
      <Computer>FNW-WKS047.fenwick.local</Computer>
      <Security/>
    </System>
    <EventData>
      <Data Name="TargetUserName">d.reyes</Data>
      <Data Name="LogonType">3</Data>
      <Data Name="WorkstationName">FNW-WKS047</Data>
      <Data Name="IpAddress">10.14.22.50</Data>
    </EventData>
  </Event>
  <Event xmlns="http://schemas.microsoft.com/win/2004/08/events/event">
    <System>
      <Provider Name="Microsoft-Windows-Windows Defender" Guid="{11cd958a-c507-4ef3-b3f2-5fd9dfbd2c78}"/>
      <EventID>1001</EventID>
      <Version>0</Version>
      <Level>4</Level>
      <Task>0</Task>
      <Opcode>0</Opcode>
      <Keywords>0x8080000000000000</Keywords>
      <TimeCreated SystemTime="2026-07-13T18:56:50.136Z"/>
      <EventRecordID>121027</EventRecordID>
      <Correlation/>
      <Execution ProcessID="656" ThreadID="700"/>
      <Channel>System</Channel>
      <Computer>FNW-WKS047.fenwick.local</Computer>
      <Security/>
    </System>
    <EventData>
      <Data Name="Scan Type">Full</Data>
      <Data Name="Scan Result">No threats detected</Data>
    </EventData>
  </Event>
  <Event xmlns="http://schemas.microsoft.com/win/2004/08/events/event">
    <System>
      <Provider Name="Service Control Manager" Guid="{555908d1-a6d7-4695-8e1e-26931d2012f4}" EventSourceName="Service Control Manager"/>
      <EventID>7036</EventID>
      <Version>0</Version>
      <Level>4</Level>
      <Task>0</Task>
      <Opcode>0</Opcode>
      <Keywords>0x8080000000000000</Keywords>
      <TimeCreated SystemTime="2026-07-13T18:56:55.010Z"/>
      <EventRecordID>121161</EventRecordID>
      <Correlation/>
      <Execution ProcessID="656" ThreadID="700"/>
      <Channel>System</Channel>
      <Computer>FNW-WKS047.fenwick.local</Computer>
      <Security/>
    </System>
    <EventData>
      <Data Name="param1">IKE and AuthIP IPsec Keying Modules</Data>
      <Data Name="param2">running</Data>
    </EventData>
  </Event>
  <Event xmlns="http://schemas.microsoft.com/win/2004/08/events/event">
    <System>
      <Provider Name="Application Error" Guid="{a0e9b465-b939-57d7-b27a-c6e2c7ded9ff}"/>
      <EventID>1000</EventID>
      <Version>0</Version>
      <Level>4</Level>
      <Task>0</Task>
      <Opcode>0</Opcode>
      <Keywords>0x8080000000000000</Keywords>
      <TimeCreated SystemTime="2026-07-13T18:57:00.763Z"/>
      <EventRecordID>118932</EventRecordID>
      <Correlation/>
      <Execution ProcessID="656" ThreadID="700"/>
      <Channel>Application</Channel>
      <Computer>FNW-WKS047.fenwick.local</Computer>
      <Security/>
    </System>
    <EventData>
      <Data Name="Application Name">explorer.exe</Data>
      <Data Name="Application Version">14.0.4274.0</Data>
      <Data Name="Fault Module Name">ntdll.dll</Data>
      <Data Name="Exception Code">0xc0000005</Data>
    </EventData>
  </Event>
  <Event xmlns="http://schemas.microsoft.com/win/2004/08/events/event">
    <System>
      <Provider Name="Application Error" Guid="{a0e9b465-b939-57d7-b27a-c6e2c7ded9ff}"/>
      <EventID>1000</EventID>
      <Version>0</Version>
      <Level>4</Level>
      <Task>0</Task>
      <Opcode>0</Opcode>
      <Keywords>0x8080000000000000</Keywords>
      <TimeCreated SystemTime="2026-07-13T18:57:24.603Z"/>
      <EventRecordID>121223</EventRecordID>
      <Correlation/>
      <Execution ProcessID="656" ThreadID="700"/>
      <Channel>Application</Channel>
      <Computer>FNW-WKS047.fenwick.local</Computer>
      <Security/>
    </System>
    <EventData>
      <Data Name="Application Name">explorer.exe</Data>
      <Data Name="Application Version">17.0.2606.0</Data>
      <Data Name="Fault Module Name">ntdll.dll</Data>
      <Data Name="Exception Code">0xc0000005</Data>
    </EventData>
  </Event>
  <Event xmlns="http://schemas.microsoft.com/win/2004/08/events/event">
    <System>
      <Provider Name="Application Error" Guid="{a0e9b465-b939-57d7-b27a-c6e2c7ded9ff}"/>
      <EventID>1000</EventID>
      <Version>0</Version>
      <Level>4</Level>
      <Task>0</Task>
      <Opcode>0</Opcode>
      <Keywords>0x8080000000000000</Keywords>
      <TimeCreated SystemTime="2026-07-13T18:57:45.288Z"/>
      <EventRecordID>120238</EventRecordID>
      <Correlation/>
      <Execution ProcessID="656" ThreadID="700"/>
      <Channel>Application</Channel>
      <Computer>FNW-WKS047.fenwick.local</Computer>
      <Security/>
    </System>
    <EventData>
      <Data Name="Application Name">OneDrive.exe</Data>
      <Data Name="Application Version">19.0.1765.0</Data>
      <Data Name="Fault Module Name">ntdll.dll</Data>
      <Data Name="Exception Code">0xc0000005</Data>
    </EventData>
  </Event>
  <Event xmlns="http://schemas.microsoft.com/win/2004/08/events/event">
    <System>
      <Provider Name="Service Control Manager" Guid="{555908d1-a6d7-4695-8e1e-26931d2012f4}" EventSourceName="Service Control Manager"/>
      <EventID>7045</EventID>
      <Version>0</Version>
      <Level>4</Level>
      <Task>0</Task>
      <Opcode>0</Opcode>
      <Keywords>0x8080000000000000</Keywords>
      <TimeCreated SystemTime="2026-07-13T18:57:52.284Z"/>
      <EventRecordID>118546</EventRecordID>
      <Correlation/>
      <Execution ProcessID="656" ThreadID="700"/>
      <Channel>System</Channel>
      <Computer>FNW-WKS047.fenwick.local</Computer>
      <Security/>
    </System>
    <EventData>
      <Data Name="ServiceName">Windows Search</Data>
      <Data Name="ImagePath">C:\Windows\System32\WindowsSearch.exe</Data>
      <Data Name="ServiceType">user mode service</Data>
      <Data Name="StartType">auto start</Data>
      <Data Name="AccountName">LocalSystem</Data>
    </EventData>
  </Event>
  <Event xmlns="http://schemas.microsoft.com/win/2004/08/events/event">
    <System>
      <Provider Name="Service Control Manager" Guid="{555908d1-a6d7-4695-8e1e-26931d2012f4}" EventSourceName="Service Control Manager"/>
      <EventID>7036</EventID>
      <Version>0</Version>
      <Level>4</Level>
      <Task>0</Task>
      <Opcode>0</Opcode>
      <Keywords>0x8080000000000000</Keywords>
      <TimeCreated SystemTime="2026-07-13T18:58:26.819Z"/>
      <EventRecordID>118424</EventRecordID>
      <Correlation/>
      <Execution ProcessID="656" ThreadID="700"/>
      <Channel>System</Channel>
      <Computer>FNW-WKS047.fenwick.local</Computer>
      <Security/>
    </System>
    <EventData>
      <Data Name="param1">Software Protection</Data>
      <Data Name="param2">running</Data>
    </EventData>
  </Event>
  <Event xmlns="http://schemas.microsoft.com/win/2004/08/events/event">
    <System>
      <Provider Name="Microsoft-Windows-TaskScheduler" Guid="{de7b24ea-73c8-4a09-985d-5bdadcfa9017}"/>
      <EventID>201</EventID>
      <Version>0</Version>
      <Level>4</Level>
      <Task>0</Task>
      <Opcode>0</Opcode>
      <Keywords>0x8080000000000000</Keywords>
      <TimeCreated SystemTime="2026-07-13T18:58:26.953Z"/>
      <EventRecordID>119231</EventRecordID>
      <Correlation/>
      <Execution ProcessID="656" ThreadID="700"/>
      <Channel>System</Channel>
      <Computer>FNW-WKS047.fenwick.local</Computer>
      <Security/>
    </System>
    <EventData>
      <Data Name="TaskName">\Microsoft\Windows\Time Synchronization\SynchronizeTime</Data>
      <Data Name="ResultCode">0</Data>
    </EventData>
  </Event>
  <Event xmlns="http://schemas.microsoft.com/win/2004/08/events/event">
    <System>
      <Provider Name="Service Control Manager" Guid="{555908d1-a6d7-4695-8e1e-26931d2012f4}" EventSourceName="Service Control Manager"/>
      <EventID>7036</EventID>
      <Version>0</Version>
      <Level>4</Level>
      <Task>0</Task>
      <Opcode>0</Opcode>
      <Keywords>0x8080000000000000</Keywords>
      <TimeCreated SystemTime="2026-07-13T18:58:29.946Z"/>
      <EventRecordID>120822</EventRecordID>
      <Correlation/>
      <Execution ProcessID="656" ThreadID="700"/>
      <Channel>System</Channel>
      <Computer>FNW-WKS047.fenwick.local</Computer>
      <Security/>
    </System>
    <EventData>
      <Data Name="param1">Superfetch</Data>
      <Data Name="param2">stopped</Data>
    </EventData>
  </Event>
  <Event xmlns="http://schemas.microsoft.com/win/2004/08/events/event">
    <System>
      <Provider Name="Microsoft-Windows-TaskScheduler" Guid="{de7b24ea-73c8-4a09-985d-5bdadcfa9017}"/>
      <EventID>201</EventID>
      <Version>0</Version>
      <Level>4</Level>
      <Task>0</Task>
      <Opcode>0</Opcode>
      <Keywords>0x8080000000000000</Keywords>
      <TimeCreated SystemTime="2026-07-13T18:58:30.898Z"/>
      <EventRecordID>121041</EventRecordID>
      <Correlation/>
      <Execution ProcessID="656" ThreadID="700"/>
      <Channel>System</Channel>
      <Computer>FNW-WKS047.fenwick.local</Computer>
      <Security/>
    </System>
    <EventData>
      <Data Name="TaskName">\Microsoft\Windows\Time Synchronization\SynchronizeTime</Data>
      <Data Name="ResultCode">0</Data>
    </EventData>
  </Event>
  <Event xmlns="http://schemas.microsoft.com/win/2004/08/events/event">
    <System>
      <Provider Name="Microsoft-Windows-Security-Auditing" Guid="{54849625-5478-4994-a5ba-3e3b0328c30d}"/>
      <EventID>4634</EventID>
      <Version>0</Version>
      <Level>4</Level>
      <Task>0</Task>
      <Opcode>0</Opcode>
      <Keywords>0x8080000000000000</Keywords>
      <TimeCreated SystemTime="2026-07-13T18:58:50.269Z"/>
      <EventRecordID>120495</EventRecordID>
      <Correlation/>
      <Execution ProcessID="656" ThreadID="700"/>
      <Channel>Security</Channel>
      <Computer>FNW-WKS047.fenwick.local</Computer>
      <Security/>
    </System>
    <EventData>
      <Data Name="TargetUserName">j.moreau</Data>
      <Data Name="LogonType">3</Data>
    </EventData>
  </Event>
  <Event xmlns="http://schemas.microsoft.com/win/2004/08/events/event">
    <System>
      <Provider Name="Service Control Manager" Guid="{555908d1-a6d7-4695-8e1e-26931d2012f4}" EventSourceName="Service Control Manager"/>
      <EventID>7036</EventID>
      <Version>0</Version>
      <Level>4</Level>
      <Task>0</Task>
      <Opcode>0</Opcode>
      <Keywords>0x8080000000000000</Keywords>
      <TimeCreated SystemTime="2026-07-13T18:59:08.319Z"/>
      <EventRecordID>119964</EventRecordID>
      <Correlation/>
      <Execution ProcessID="656" ThreadID="700"/>
      <Channel>System</Channel>
      <Computer>FNW-WKS047.fenwick.local</Computer>
      <Security/>
    </System>
    <EventData>
      <Data Name="param1">Superfetch</Data>
      <Data Name="param2">running</Data>
    </EventData>
  </Event>
  <Event xmlns="http://schemas.microsoft.com/win/2004/08/events/event">
    <System>
      <Provider Name="Microsoft-Windows-Windows Firewall With Advanced Security" Guid="{63d2bb1d-e39a-41b8-9a3d-52dd06677588}"/>
      <EventID>5157</EventID>
      <Version>0</Version>
      <Level>4</Level>
      <Task>0</Task>
      <Opcode>0</Opcode>
      <Keywords>0x8080000000000000</Keywords>
      <TimeCreated SystemTime="2026-07-13T18:59:08.504Z"/>
      <EventRecordID>118763</EventRecordID>
      <Correlation/>
      <Execution ProcessID="656" ThreadID="700"/>
      <Channel>System</Channel>
      <Computer>FNW-WKS047.fenwick.local</Computer>
      <Security/>
    </System>
    <EventData>
      <Data Name="Application">System</Data>
      <Data Name="SourceAddress">10.14.22.18</Data>
      <Data Name="DestPort">135</Data>
      <Data Name="Direction">Inbound</Data>
    </EventData>
  </Event>
  <Event xmlns="http://schemas.microsoft.com/win/2004/08/events/event">
    <System>
      <Provider Name="Service Control Manager" Guid="{555908d1-a6d7-4695-8e1e-26931d2012f4}" EventSourceName="Service Control Manager"/>
      <EventID>7036</EventID>
      <Version>0</Version>
      <Level>4</Level>
      <Task>0</Task>
      <Opcode>0</Opcode>
      <Keywords>0x8080000000000000</Keywords>
      <TimeCreated SystemTime="2026-07-13T18:59:12.146Z"/>
      <EventRecordID>118530</EventRecordID>
      <Correlation/>
      <Execution ProcessID="656" ThreadID="700"/>
      <Channel>System</Channel>
      <Computer>FNW-WKS047.fenwick.local</Computer>
      <Security/>
    </System>
    <EventData>
      <Data Name="param1">Windows Search</Data>
      <Data Name="param2">stopped</Data>
    </EventData>
  </Event>
  <Event xmlns="http://schemas.microsoft.com/win/2004/08/events/event">
    <System>
      <Provider Name="Service Control Manager" Guid="{555908d1-a6d7-4695-8e1e-26931d2012f4}" EventSourceName="Service Control Manager"/>
      <EventID>7045</EventID>
      <Version>0</Version>
      <Level>4</Level>
      <Task>0</Task>
      <Opcode>0</Opcode>
      <Keywords>0x8080000000000000</Keywords>
      <TimeCreated SystemTime="2026-07-13T18:59:22.563Z"/>
      <EventRecordID>119908</EventRecordID>
      <Correlation/>
      <Execution ProcessID="656" ThreadID="700"/>
      <Channel>System</Channel>
      <Computer>FNW-WKS047.fenwick.local</Computer>
      <Security/>
    </System>
    <EventData>
      <Data Name="ServiceName">Network Location Awareness</Data>
      <Data Name="ImagePath">C:\Windows\System32\NetworkLocationAwareness.exe</Data>
      <Data Name="ServiceType">user mode service</Data>
      <Data Name="StartType">auto start</Data>
      <Data Name="AccountName">LocalSystem</Data>
    </EventData>
  </Event>
  <Event xmlns="http://schemas.microsoft.com/win/2004/08/events/event">
    <System>
      <Provider Name="Microsoft-Windows-TerminalServices-RemoteConnectionManager" Guid="{c76baa63-ae81-421c-b425-340b4b24157f}"/>
      <EventID>21</EventID>
      <Version>0</Version>
      <Level>4</Level>
      <Task>0</Task>
      <Opcode>0</Opcode>
      <Keywords>0x8080000000000000</Keywords>
      <TimeCreated SystemTime="2026-07-13T18:59:36.613Z"/>
      <EventRecordID>119393</EventRecordID>
      <Correlation/>
      <Execution ProcessID="656" ThreadID="700"/>
      <Channel>System</Channel>
      <Computer>FNW-WKS047.fenwick.local</Computer>
      <Security/>
    </System>
    <EventData>
      <Data Name="User">svc_monitoring</Data>
      <Data Name="SourceNetworkAddress">10.14.22.16</Data>
    </EventData>
  </Event>
  <Event xmlns="http://schemas.microsoft.com/win/2004/08/events/event">
    <System>
      <Provider Name="Microsoft-Windows-DNS-Client" Guid="{1c95126e-7eea-49a9-a3fe-a378b03ddb4d}"/>
      <EventID>3008</EventID>
      <Version>0</Version>
      <Level>4</Level>
      <Task>0</Task>
      <Opcode>0</Opcode>
      <Keywords>0x8080000000000000</Keywords>
      <TimeCreated SystemTime="2026-07-13T18:59:38.380Z"/>
      <EventRecordID>118908</EventRecordID>
      <Correlation/>
      <Execution ProcessID="656" ThreadID="700"/>
      <Channel>System</Channel>
      <Computer>FNW-WKS047.fenwick.local</Computer>
      <Security/>
    </System>
    <EventData>
      <Data Name="QueryName">time.windows.com</Data>
      <Data Name="QueryStatus">0</Data>
    </EventData>
  </Event>
  <Event xmlns="http://schemas.microsoft.com/win/2004/08/events/event">
    <System>
      <Provider Name="Service Control Manager" Guid="{555908d1-a6d7-4695-8e1e-26931d2012f4}" EventSourceName="Service Control Manager"/>
      <EventID>7036</EventID>
      <Version>0</Version>
      <Level>4</Level>
      <Task>0</Task>
      <Opcode>0</Opcode>
      <Keywords>0x8080000000000000</Keywords>
      <TimeCreated SystemTime="2026-07-13T18:59:46.188Z"/>
      <EventRecordID>119589</EventRecordID>
      <Correlation/>
      <Execution ProcessID="656" ThreadID="700"/>
      <Channel>System</Channel>
      <Computer>FNW-WKS047.fenwick.local</Computer>
      <Security/>
    </System>
    <EventData>
      <Data Name="param1">Cryptographic Services</Data>
      <Data Name="param2">running</Data>
    </EventData>
  </Event>
  <Event xmlns="http://schemas.microsoft.com/win/2004/08/events/event">
    <System>
      <Provider Name="Microsoft-Windows-Security-Auditing" Guid="{54849625-5478-4994-a5ba-3e3b0328c30d}"/>
      <EventID>4624</EventID>
      <Version>0</Version>
      <Level>4</Level>
      <Task>0</Task>
      <Opcode>0</Opcode>
      <Keywords>0x8080000000000000</Keywords>
      <TimeCreated SystemTime="2026-07-13T18:59:49.620Z"/>
      <EventRecordID>120067</EventRecordID>
      <Correlation/>
      <Execution ProcessID="656" ThreadID="700"/>
      <Channel>Security</Channel>
      <Computer>FNW-WKS047.fenwick.local</Computer>
      <Security/>
    </System>
    <EventData>
      <Data Name="TargetUserName">svc_backup</Data>
      <Data Name="LogonType">7</Data>
      <Data Name="WorkstationName">FNW-WKS047</Data>
      <Data Name="IpAddress">10.14.22.107</Data>
    </EventData>
  </Event>
  <Event xmlns="http://schemas.microsoft.com/win/2004/08/events/event">
    <System>
      <Provider Name="Service Control Manager" Guid="{555908d1-a6d7-4695-8e1e-26931d2012f4}" EventSourceName="Service Control Manager"/>
      <EventID>7036</EventID>
      <Version>0</Version>
      <Level>4</Level>
      <Task>0</Task>
      <Opcode>0</Opcode>
      <Keywords>0x8080000000000000</Keywords>
      <TimeCreated SystemTime="2026-07-13T19:00:05.661Z"/>
      <EventRecordID>118889</EventRecordID>
      <Correlation/>
      <Execution ProcessID="656" ThreadID="700"/>
      <Channel>System</Channel>
      <Computer>FNW-WKS047.fenwick.local</Computer>
      <Security/>
    </System>
    <EventData>
      <Data Name="param1">Windows Search</Data>
      <Data Name="param2">running</Data>
    </EventData>
  </Event>
  <Event xmlns="http://schemas.microsoft.com/win/2004/08/events/event">
    <System>
      <Provider Name="Service Control Manager" Guid="{555908d1-a6d7-4695-8e1e-26931d2012f4}" EventSourceName="Service Control Manager"/>
      <EventID>7045</EventID>
      <Version>0</Version>
      <Level>4</Level>
      <Task>0</Task>
      <Opcode>0</Opcode>
      <Keywords>0x8080000000000000</Keywords>
      <TimeCreated SystemTime="2026-07-13T19:00:30.757Z"/>
      <EventRecordID>120016</EventRecordID>
      <Correlation/>
      <Execution ProcessID="656" ThreadID="700"/>
      <Channel>System</Channel>
      <Computer>FNW-WKS047.fenwick.local</Computer>
      <Security/>
    </System>
    <EventData>
      <Data Name="ServiceName">Remote Procedure Call Locator</Data>
      <Data Name="ImagePath">C:\Windows\System32\RemoteProcedureCallLocator.exe</Data>
      <Data Name="ServiceType">user mode service</Data>
      <Data Name="StartType">auto start</Data>
      <Data Name="AccountName">LocalSystem</Data>
    </EventData>
  </Event>
  <Event xmlns="http://schemas.microsoft.com/win/2004/08/events/event">
    <System>
      <Provider Name="Microsoft-Windows-DNS-Client" Guid="{1c95126e-7eea-49a9-a3fe-a378b03ddb4d}"/>
      <EventID>3008</EventID>
      <Version>0</Version>
      <Level>4</Level>
      <Task>0</Task>
      <Opcode>0</Opcode>
      <Keywords>0x8080000000000000</Keywords>
      <TimeCreated SystemTime="2026-07-13T19:00:45.504Z"/>
      <EventRecordID>118579</EventRecordID>
      <Correlation/>
      <Execution ProcessID="656" ThreadID="700"/>
      <Channel>System</Channel>
      <Computer>FNW-WKS047.fenwick.local</Computer>
      <Security/>
    </System>
    <EventData>
      <Data Name="QueryName">fenwick-intranet.local</Data>
      <Data Name="QueryStatus">0</Data>
    </EventData>
  </Event>
  <Event xmlns="http://schemas.microsoft.com/win/2004/08/events/event">
    <System>
      <Provider Name="Microsoft-Windows-Windows Firewall With Advanced Security" Guid="{63d2bb1d-e39a-41b8-9a3d-52dd06677588}"/>
      <EventID>5157</EventID>
      <Version>0</Version>
      <Level>4</Level>
      <Task>0</Task>
      <Opcode>0</Opcode>
      <Keywords>0x8080000000000000</Keywords>
      <TimeCreated SystemTime="2026-07-13T19:00:56.731Z"/>
      <EventRecordID>120868</EventRecordID>
      <Correlation/>
      <Execution ProcessID="656" ThreadID="700"/>
      <Channel>System</Channel>
      <Computer>FNW-WKS047.fenwick.local</Computer>
      <Security/>
    </System>
    <EventData>
      <Data Name="Application">System</Data>
      <Data Name="SourceAddress">10.14.22.117</Data>
      <Data Name="DestPort">1900</Data>
      <Data Name="Direction">Inbound</Data>
    </EventData>
  </Event>
  <Event xmlns="http://schemas.microsoft.com/win/2004/08/events/event">
    <System>
      <Provider Name="Service Control Manager" Guid="{555908d1-a6d7-4695-8e1e-26931d2012f4}" EventSourceName="Service Control Manager"/>
      <EventID>7036</EventID>
      <Version>0</Version>
      <Level>4</Level>
      <Task>0</Task>
      <Opcode>0</Opcode>
      <Keywords>0x8080000000000000</Keywords>
      <TimeCreated SystemTime="2026-07-13T19:01:20.641Z"/>
      <EventRecordID>120033</EventRecordID>
      <Correlation/>
      <Execution ProcessID="656" ThreadID="700"/>
      <Channel>System</Channel>
      <Computer>FNW-WKS047.fenwick.local</Computer>
      <Security/>
    </System>
    <EventData>
      <Data Name="param1">Application Identity</Data>
      <Data Name="param2">running</Data>
    </EventData>
  </Event>
  <Event xmlns="http://schemas.microsoft.com/win/2004/08/events/event">
    <System>
      <Provider Name="Microsoft-Windows-DNS-Client" Guid="{1c95126e-7eea-49a9-a3fe-a378b03ddb4d}"/>
      <EventID>3008</EventID>
      <Version>0</Version>
      <Level>4</Level>
      <Task>0</Task>
      <Opcode>0</Opcode>
      <Keywords>0x8080000000000000</Keywords>
      <TimeCreated SystemTime="2026-07-13T19:01:36.057Z"/>
      <EventRecordID>119037</EventRecordID>
      <Correlation/>
      <Execution ProcessID="656" ThreadID="700"/>
      <Channel>System</Channel>
      <Computer>FNW-WKS047.fenwick.local</Computer>
      <Security/>
    </System>
    <EventData>
      <Data Name="QueryName">printserver.fenwick.local</Data>
      <Data Name="QueryStatus">0</Data>
    </EventData>
  </Event>
  <Event xmlns="http://schemas.microsoft.com/win/2004/08/events/event">
    <System>
      <Provider Name="Microsoft-Windows-TaskScheduler" Guid="{de7b24ea-73c8-4a09-985d-5bdadcfa9017}"/>
      <EventID>200</EventID>
      <Version>0</Version>
      <Level>4</Level>
      <Task>0</Task>
      <Opcode>0</Opcode>
      <Keywords>0x8080000000000000</Keywords>
      <TimeCreated SystemTime="2026-07-13T19:01:40.103Z"/>
      <EventRecordID>118902</EventRecordID>
      <Correlation/>
      <Execution ProcessID="656" ThreadID="700"/>
      <Channel>System</Channel>
      <Computer>FNW-WKS047.fenwick.local</Computer>
      <Security/>
    </System>
    <EventData>
      <Data Name="TaskName">\Fenwick\Endpoint\InventorySync</Data>
      <Data Name="ActionName">Execute</Data>
    </EventData>
  </Event>
  <Event xmlns="http://schemas.microsoft.com/win/2004/08/events/event">
    <System>
      <Provider Name="Microsoft-Windows-Windows Defender" Guid="{11cd958a-c507-4ef3-b3f2-5fd9dfbd2c78}"/>
      <EventID>1001</EventID>
      <Version>0</Version>
      <Level>4</Level>
      <Task>0</Task>
      <Opcode>0</Opcode>
      <Keywords>0x8080000000000000</Keywords>
      <TimeCreated SystemTime="2026-07-13T19:01:42.148Z"/>
      <EventRecordID>121078</EventRecordID>
      <Correlation/>
      <Execution ProcessID="656" ThreadID="700"/>
      <Channel>System</Channel>
      <Computer>FNW-WKS047.fenwick.local</Computer>
      <Security/>
    </System>
    <EventData>
      <Data Name="Scan Type">Quick</Data>
      <Data Name="Scan Result">No threats detected</Data>
    </EventData>
  </Event>
  <Event xmlns="http://schemas.microsoft.com/win/2004/08/events/event">
    <System>
      <Provider Name="Microsoft-Windows-Windows Firewall With Advanced Security" Guid="{63d2bb1d-e39a-41b8-9a3d-52dd06677588}"/>
      <EventID>5157</EventID>
      <Version>0</Version>
      <Level>4</Level>
      <Task>0</Task>
      <Opcode>0</Opcode>
      <Keywords>0x8080000000000000</Keywords>
      <TimeCreated SystemTime="2026-07-13T19:01:49.468Z"/>
      <EventRecordID>119652</EventRecordID>
      <Correlation/>
      <Execution ProcessID="656" ThreadID="700"/>
      <Channel>System</Channel>
      <Computer>FNW-WKS047.fenwick.local</Computer>
      <Security/>
    </System>
    <EventData>
      <Data Name="Application">System</Data>
      <Data Name="SourceAddress">10.14.22.45</Data>
      <Data Name="DestPort">445</Data>
      <Data Name="Direction">Inbound</Data>
    </EventData>
  </Event>
  <Event xmlns="http://schemas.microsoft.com/win/2004/08/events/event">
    <System>
      <Provider Name="Service Control Manager" Guid="{555908d1-a6d7-4695-8e1e-26931d2012f4}" EventSourceName="Service Control Manager"/>
      <EventID>7036</EventID>
      <Version>0</Version>
      <Level>4</Level>
      <Task>0</Task>
      <Opcode>0</Opcode>
      <Keywords>0x8080000000000000</Keywords>
      <TimeCreated SystemTime="2026-07-13T19:01:58.410Z"/>
      <EventRecordID>119951</EventRecordID>
      <Correlation/>
      <Execution ProcessID="656" ThreadID="700"/>
      <Channel>System</Channel>
      <Computer>FNW-WKS047.fenwick.local</Computer>
      <Security/>
    </System>
    <EventData>
      <Data Name="param1">IKE and AuthIP IPsec Keying Modules</Data>
      <Data Name="param2">running</Data>
    </EventData>
  </Event>
  <Event xmlns="http://schemas.microsoft.com/win/2004/08/events/event">
    <System>
      <Provider Name="Microsoft-Windows-Windows Defender" Guid="{11cd958a-c507-4ef3-b3f2-5fd9dfbd2c78}"/>
      <EventID>1001</EventID>
      <Version>0</Version>
      <Level>4</Level>
      <Task>0</Task>
      <Opcode>0</Opcode>
      <Keywords>0x8080000000000000</Keywords>
      <TimeCreated SystemTime="2026-07-13T19:02:04.633Z"/>
      <EventRecordID>120844</EventRecordID>
      <Correlation/>
      <Execution ProcessID="656" ThreadID="700"/>
      <Channel>System</Channel>
      <Computer>FNW-WKS047.fenwick.local</Computer>
      <Security/>
    </System>
    <EventData>
      <Data Name="Scan Type">Custom</Data>
      <Data Name="Scan Result">No threats detected</Data>
    </EventData>
  </Event>
  <Event xmlns="http://schemas.microsoft.com/win/2004/08/events/event">
    <System>
      <Provider Name="Microsoft-Windows-DNS-Client" Guid="{1c95126e-7eea-49a9-a3fe-a378b03ddb4d}"/>
      <EventID>3008</EventID>
      <Version>0</Version>
      <Level>4</Level>
      <Task>0</Task>
      <Opcode>0</Opcode>
      <Keywords>0x8080000000000000</Keywords>
      <TimeCreated SystemTime="2026-07-13T19:02:10.238Z"/>
      <EventRecordID>119409</EventRecordID>
      <Correlation/>
      <Execution ProcessID="656" ThreadID="700"/>
      <Channel>System</Channel>
      <Computer>FNW-WKS047.fenwick.local</Computer>
      <Security/>
    </System>
    <EventData>
      <Data Name="QueryName">time.windows.com</Data>
      <Data Name="QueryStatus">0</Data>
    </EventData>
  </Event>
  <Event xmlns="http://schemas.microsoft.com/win/2004/08/events/event">
    <System>
      <Provider Name="Microsoft-Windows-Kernel-PnP" Guid="{9c205a39-1250-487d-abd7-e831c6290539}"/>
      <EventID>410</EventID>
      <Version>0</Version>
      <Level>4</Level>
      <Task>0</Task>
      <Opcode>0</Opcode>
      <Keywords>0x8080000000000000</Keywords>
      <TimeCreated SystemTime="2026-07-13T19:02:10.314Z"/>
      <EventRecordID>120319</EventRecordID>
      <Correlation/>
      <Execution ProcessID="656" ThreadID="700"/>
      <Channel>System</Channel>
      <Computer>FNW-WKS047.fenwick.local</Computer>
      <Security/>
    </System>
    <EventData>
      <Data Name="DeviceDescription">Generic Bluetooth Adapter</Data>
      <Data Name="Status">0</Data>
    </EventData>
  </Event>
  <Event xmlns="http://schemas.microsoft.com/win/2004/08/events/event">
    <System>
      <Provider Name="Microsoft-Windows-DNS-Client" Guid="{1c95126e-7eea-49a9-a3fe-a378b03ddb4d}"/>
      <EventID>3008</EventID>
      <Version>0</Version>
      <Level>4</Level>
      <Task>0</Task>
      <Opcode>0</Opcode>
      <Keywords>0x8080000000000000</Keywords>
      <TimeCreated SystemTime="2026-07-13T19:02:18.917Z"/>
      <EventRecordID>119120</EventRecordID>
      <Correlation/>
      <Execution ProcessID="656" ThreadID="700"/>
      <Channel>System</Channel>
      <Computer>FNW-WKS047.fenwick.local</Computer>
      <Security/>
    </System>
    <EventData>
      <Data Name="QueryName">time.windows.com</Data>
      <Data Name="QueryStatus">9003</Data>
    </EventData>
  </Event>
  <Event xmlns="http://schemas.microsoft.com/win/2004/08/events/event">
    <System>
      <Provider Name="Service Control Manager" Guid="{555908d1-a6d7-4695-8e1e-26931d2012f4}" EventSourceName="Service Control Manager"/>
      <EventID>7036</EventID>
      <Version>0</Version>
      <Level>4</Level>
      <Task>0</Task>
      <Opcode>0</Opcode>
      <Keywords>0x8080000000000000</Keywords>
      <TimeCreated SystemTime="2026-07-13T19:02:59.638Z"/>
      <EventRecordID>119885</EventRecordID>
      <Correlation/>
      <Execution ProcessID="656" ThreadID="700"/>
      <Channel>System</Channel>
      <Computer>FNW-WKS047.fenwick.local</Computer>
      <Security/>
    </System>
    <EventData>
      <Data Name="param1">Software Protection</Data>
      <Data Name="param2">running</Data>
    </EventData>
  </Event>
  <Event xmlns="http://schemas.microsoft.com/win/2004/08/events/event">
    <System>
      <Provider Name="Microsoft-Windows-Kernel-PnP" Guid="{9c205a39-1250-487d-abd7-e831c6290539}"/>
      <EventID>410</EventID>
      <Version>0</Version>
      <Level>4</Level>
      <Task>0</Task>
      <Opcode>0</Opcode>
      <Keywords>0x8080000000000000</Keywords>
      <TimeCreated SystemTime="2026-07-13T19:03:14.511Z"/>
      <EventRecordID>119821</EventRecordID>
      <Correlation/>
      <Execution ProcessID="656" ThreadID="700"/>
      <Channel>System</Channel>
      <Computer>FNW-WKS047.fenwick.local</Computer>
      <Security/>
    </System>
    <EventData>
      <Data Name="DeviceDescription">HID-compliant mouse</Data>
      <Data Name="Status">0</Data>
    </EventData>
  </Event>
  <Event xmlns="http://schemas.microsoft.com/win/2004/08/events/event">
    <System>
      <Provider Name="Microsoft-Windows-Windows Firewall With Advanced Security" Guid="{63d2bb1d-e39a-41b8-9a3d-52dd06677588}"/>
      <EventID>5157</EventID>
      <Version>0</Version>
      <Level>4</Level>
      <Task>0</Task>
      <Opcode>0</Opcode>
      <Keywords>0x8080000000000000</Keywords>
      <TimeCreated SystemTime="2026-07-13T19:03:44.155Z"/>
      <EventRecordID>120139</EventRecordID>
      <Correlation/>
      <Execution ProcessID="656" ThreadID="700"/>
      <Channel>System</Channel>
      <Computer>FNW-WKS047.fenwick.local</Computer>
      <Security/>
    </System>
    <EventData>
      <Data Name="Application">System</Data>
      <Data Name="SourceAddress">10.14.22.24</Data>
      <Data Name="DestPort">445</Data>
      <Data Name="Direction">Inbound</Data>
    </EventData>
  </Event>
  <Event xmlns="http://schemas.microsoft.com/win/2004/08/events/event">
    <System>
      <Provider Name="Microsoft-Windows-Security-Auditing" Guid="{54849625-5478-4994-a5ba-3e3b0328c30d}"/>
      <EventID>4624</EventID>
      <Version>0</Version>
      <Level>4</Level>
      <Task>0</Task>
      <Opcode>0</Opcode>
      <Keywords>0x8080000000000000</Keywords>
      <TimeCreated SystemTime="2026-07-13T19:03:48.824Z"/>
      <EventRecordID>119343</EventRecordID>
      <Correlation/>
      <Execution ProcessID="656" ThreadID="700"/>
      <Channel>Security</Channel>
      <Computer>FNW-WKS047.fenwick.local</Computer>
      <Security/>
    </System>
    <EventData>
      <Data Name="TargetUserName">d.reyes</Data>
      <Data Name="LogonType">2</Data>
      <Data Name="WorkstationName">FNW-WKS047</Data>
      <Data Name="IpAddress">10.14.22.134</Data>
    </EventData>
  </Event>
  <Event xmlns="http://schemas.microsoft.com/win/2004/08/events/event">
    <System>
      <Provider Name="Microsoft-Windows-TaskScheduler" Guid="{de7b24ea-73c8-4a09-985d-5bdadcfa9017}"/>
      <EventID>201</EventID>
      <Version>0</Version>
      <Level>4</Level>
      <Task>0</Task>
      <Opcode>0</Opcode>
      <Keywords>0x8080000000000000</Keywords>
      <TimeCreated SystemTime="2026-07-13T19:03:51.381Z"/>
      <EventRecordID>120701</EventRecordID>
      <Correlation/>
      <Execution ProcessID="656" ThreadID="700"/>
      <Channel>System</Channel>
      <Computer>FNW-WKS047.fenwick.local</Computer>
      <Security/>
    </System>
    <EventData>
      <Data Name="TaskName">\Microsoft\Windows\UpdateOrchestrator\Schedule Scan</Data>
      <Data Name="ResultCode">0</Data>
    </EventData>
  </Event>
  <Event xmlns="http://schemas.microsoft.com/win/2004/08/events/event">
    <System>
      <Provider Name="Service Control Manager" Guid="{555908d1-a6d7-4695-8e1e-26931d2012f4}" EventSourceName="Service Control Manager"/>
      <EventID>7036</EventID>
      <Version>0</Version>
      <Level>4</Level>
      <Task>0</Task>
      <Opcode>0</Opcode>
      <Keywords>0x8080000000000000</Keywords>
      <TimeCreated SystemTime="2026-07-13T19:04:02.857Z"/>
      <EventRecordID>120125</EventRecordID>
      <Correlation/>
      <Execution ProcessID="656" ThreadID="700"/>
      <Channel>System</Channel>
      <Computer>FNW-WKS047.fenwick.local</Computer>
      <Security/>
    </System>
    <EventData>
      <Data Name="param1">Application Identity</Data>
      <Data Name="param2">running</Data>
    </EventData>
  </Event>
  <Event xmlns="http://schemas.microsoft.com/win/2004/08/events/event">
    <System>
      <Provider Name="Service Control Manager" Guid="{555908d1-a6d7-4695-8e1e-26931d2012f4}" EventSourceName="Service Control Manager"/>
      <EventID>7045</EventID>
      <Version>0</Version>
      <Level>4</Level>
      <Task>0</Task>
      <Opcode>0</Opcode>
      <Keywords>0x8080000000000000</Keywords>
      <TimeCreated SystemTime="2026-07-13T19:04:08.320Z"/>
      <EventRecordID>121071</EventRecordID>
      <Correlation/>
      <Execution ProcessID="656" ThreadID="700"/>
      <Channel>System</Channel>
      <Computer>FNW-WKS047.fenwick.local</Computer>
      <Security/>
    </System>
    <EventData>
      <Data Name="ServiceName">Windows Update</Data>
      <Data Name="ImagePath">C:\Windows\System32\WindowsUpdate.exe</Data>
      <Data Name="ServiceType">user mode service</Data>
      <Data Name="StartType">auto start</Data>
      <Data Name="AccountName">LocalSystem</Data>
    </EventData>
  </Event>
  <Event xmlns="http://schemas.microsoft.com/win/2004/08/events/event">
    <System>
      <Provider Name="Microsoft-Windows-Security-Auditing" Guid="{54849625-5478-4994-a5ba-3e3b0328c30d}"/>
      <EventID>4624</EventID>
      <Version>0</Version>
      <Level>4</Level>
      <Task>0</Task>
      <Opcode>0</Opcode>
      <Keywords>0x8080000000000000</Keywords>
      <TimeCreated SystemTime="2026-07-13T19:04:22.889Z"/>
      <EventRecordID>118611</EventRecordID>
      <Correlation/>
      <Execution ProcessID="656" ThreadID="700"/>
      <Channel>Security</Channel>
      <Computer>FNW-WKS047.fenwick.local</Computer>
      <Security/>
    </System>
    <EventData>
      <Data Name="TargetUserName">svc_backup</Data>
      <Data Name="LogonType">3</Data>
      <Data Name="WorkstationName">FNW-WKS047</Data>
      <Data Name="IpAddress">10.14.22.97</Data>
    </EventData>
  </Event>
  <Event xmlns="http://schemas.microsoft.com/win/2004/08/events/event">
    <System>
      <Provider Name="Microsoft-Windows-TerminalServices-RemoteConnectionManager" Guid="{c76baa63-ae81-421c-b425-340b4b24157f}"/>
      <EventID>24</EventID>
      <Version>0</Version>
      <Level>4</Level>
      <Task>0</Task>
      <Opcode>0</Opcode>
      <Keywords>0x8080000000000000</Keywords>
      <TimeCreated SystemTime="2026-07-13T19:04:26.780Z"/>
      <EventRecordID>118443</EventRecordID>
      <Correlation/>
      <Execution ProcessID="656" ThreadID="700"/>
      <Channel>System</Channel>
      <Computer>FNW-WKS047.fenwick.local</Computer>
      <Security/>
    </System>
    <EventData>
      <Data Name="User">j.moreau</Data>
      <Data Name="SourceNetworkAddress">10.14.22.97</Data>
    </EventData>
  </Event>
  <Event xmlns="http://schemas.microsoft.com/win/2004/08/events/event">
    <System>
      <Provider Name="Microsoft-Windows-TaskScheduler" Guid="{de7b24ea-73c8-4a09-985d-5bdadcfa9017}"/>
      <EventID>200</EventID>
      <Version>0</Version>
      <Level>4</Level>
      <Task>0</Task>
      <Opcode>0</Opcode>
      <Keywords>0x8080000000000000</Keywords>
      <TimeCreated SystemTime="2026-07-13T19:04:38.866Z"/>
      <EventRecordID>119010</EventRecordID>
      <Correlation/>
      <Execution ProcessID="656" ThreadID="700"/>
      <Channel>System</Channel>
      <Computer>FNW-WKS047.fenwick.local</Computer>
      <Security/>
    </System>
    <EventData>
      <Data Name="TaskName">\Microsoft\Windows\Diagnosis\Scheduled</Data>
      <Data Name="ActionName">Execute</Data>
    </EventData>
  </Event>
  <Event xmlns="http://schemas.microsoft.com/win/2004/08/events/event">
    <System>
      <Provider Name="Application Error" Guid="{a0e9b465-b939-57d7-b27a-c6e2c7ded9ff}"/>
      <EventID>1000</EventID>
      <Version>0</Version>
      <Level>4</Level>
      <Task>0</Task>
      <Opcode>0</Opcode>
      <Keywords>0x8080000000000000</Keywords>
      <TimeCreated SystemTime="2026-07-13T19:04:43.997Z"/>
      <EventRecordID>119456</EventRecordID>
      <Correlation/>
      <Execution ProcessID="656" ThreadID="700"/>
      <Channel>Application</Channel>
      <Computer>FNW-WKS047.fenwick.local</Computer>
      <Security/>
    </System>
    <EventData>
      <Data Name="Application Name">teams.exe</Data>
      <Data Name="Application Version">17.0.1852.0</Data>
      <Data Name="Fault Module Name">ntdll.dll</Data>
      <Data Name="Exception Code">0xc0000005</Data>
    </EventData>
  </Event>
  <Event xmlns="http://schemas.microsoft.com/win/2004/08/events/event">
    <System>
      <Provider Name="Microsoft-Windows-PrintService" Guid="{747ef6fd-e535-4d16-b3b7-99e3e73c1c93}"/>
      <EventID>307</EventID>
      <Version>0</Version>
      <Level>4</Level>
      <Task>0</Task>
      <Opcode>0</Opcode>
      <Keywords>0x8080000000000000</Keywords>
      <TimeCreated SystemTime="2026-07-13T19:04:50.208Z"/>
      <EventRecordID>118575</EventRecordID>
      <Correlation/>
      <Execution ProcessID="656" ThreadID="700"/>
      <Channel>System</Channel>
      <Computer>FNW-WKS047.fenwick.local</Computer>
      <Security/>
    </System>
    <EventData>
      <Data Name="Document">Q3_Report.docx</Data>
      <Data Name="User">svc_backup</Data>
      <Data Name="Printer">\\printserver.fenwick.local\HP-Floor2</Data>
      <Data Name="Pages">1</Data>
    </EventData>
  </Event>
  <Event xmlns="http://schemas.microsoft.com/win/2004/08/events/event">
    <System>
      <Provider Name="Microsoft-Windows-TerminalServices-RemoteConnectionManager" Guid="{c76baa63-ae81-421c-b425-340b4b24157f}"/>
      <EventID>21</EventID>
      <Version>0</Version>
      <Level>4</Level>
      <Task>0</Task>
      <Opcode>0</Opcode>
      <Keywords>0x8080000000000000</Keywords>
      <TimeCreated SystemTime="2026-07-13T19:04:55.786Z"/>
      <EventRecordID>120732</EventRecordID>
      <Correlation/>
      <Execution ProcessID="656" ThreadID="700"/>
      <Channel>System</Channel>
      <Computer>FNW-WKS047.fenwick.local</Computer>
      <Security/>
    </System>
    <EventData>
      <Data Name="User">j.moreau</Data>
      <Data Name="SourceNetworkAddress">10.14.22.166</Data>
    </EventData>
  </Event>
  