<Event xmlns="http://schemas.microsoft.com/win/2004/08/events/event">
    <System>
      <Provider Name="Microsoft-Windows-Windows Firewall With Advanced Security" Guid="{63d2bb1d-e39a-41b8-9a3d-52dd06677588}"/>
      <EventID>5157</EventID>
      <Version>0</Version>
      <Level>4</Level>
      <Task>0</Task>
      <Opcode>0</Opcode>
      <Keywords>0x8080000000000000</Keywords>
      <TimeCreated SystemTime="2026-07-13T19:05:06.113Z"/>
      <EventRecordID>119051</EventRecordID>
      <Correlation/>
      <Execution ProcessID="656" ThreadID="700"/>
      <Channel>System</Channel>
      <Computer>FNW-WKS047.fenwick.local</Computer>
      <Security/>
    </System>
    <EventData>
      <Data Name="Application">System</Data>
      <Data Name="SourceAddress">10.14.22.91</Data>
      <Data Name="DestPort">8080</Data>
      <Data Name="Direction">Inbound</Data>
    </EventData>
  </Event>
  <Event xmlns="http://schemas.microsoft.com/win/2004/08/events/event">
    <System>
      <Provider Name="Microsoft-Windows-Security-Auditing" Guid="{54849625-5478-4994-a5ba-3e3b0328c30d}"/>
      <EventID>4634</EventID>
      <Version>0</Version>
      <Level>4</Level>
      <Task>0</Task>
      <Opcode>0</Opcode>
      <Keywords>0x8080000000000000</Keywords>
      <TimeCreated SystemTime="2026-07-13T19:05:07.159Z"/>
      <EventRecordID>118661</EventRecordID>
      <Correlation/>
      <Execution ProcessID="656" ThreadID="700"/>
      <Channel>Security</Channel>
      <Computer>FNW-WKS047.fenwick.local</Computer>
      <Security/>
    </System>
    <EventData>
      <Data Name="TargetUserName">j.moreau</Data>
      <Data Name="LogonType">7</Data>
    </EventData>
  </Event>
  <Event xmlns="http://schemas.microsoft.com/win/2004/08/events/event">
    <System>
      <Provider Name="Application Error" Guid="{a0e9b465-b939-57d7-b27a-c6e2c7ded9ff}"/>
      <EventID>1000</EventID>
      <Version>0</Version>
      <Level>4</Level>
      <Task>0</Task>
      <Opcode>0</Opcode>
      <Keywords>0x8080000000000000</Keywords>
      <TimeCreated SystemTime="2026-07-13T19:05:20.436Z"/>
      <EventRecordID>118511</EventRecordID>
      <Correlation/>
      <Execution ProcessID="656" ThreadID="700"/>
      <Channel>Application</Channel>
      <Computer>FNW-WKS047.fenwick.local</Computer>
      <Security/>
    </System>
    <EventData>
      <Data Name="Application Name">teams.exe</Data>
      <Data Name="Application Version">17.0.4115.0</Data>
      <Data Name="Fault Module Name">ntdll.dll</Data>
      <Data Name="Exception Code">0xc0000005</Data>
    </EventData>
  </Event>
  <Event xmlns="http://schemas.microsoft.com/win/2004/08/events/event">
    <System>
      <Provider Name="Microsoft-Windows-PrintService" Guid="{747ef6fd-e535-4d16-b3b7-99e3e73c1c93}"/>
      <EventID>307</EventID>
      <Version>0</Version>
      <Level>4</Level>
      <Task>0</Task>
      <Opcode>0</Opcode>
      <Keywords>0x8080000000000000</Keywords>
      <TimeCreated SystemTime="2026-07-13T19:05:39.762Z"/>
      <EventRecordID>119375</EventRecordID>
      <Correlation/>
      <Execution ProcessID="656" ThreadID="700"/>
      <Channel>System</Channel>
      <Computer>FNW-WKS047.fenwick.local</Computer>
      <Security/>
    </System>
    <EventData>
      <Data Name="Document">Q3_Report.docx</Data>
      <Data Name="User">svc_backup</Data>
      <Data Name="Printer">\\printserver.fenwick.local\HP-Floor2</Data>
      <Data Name="Pages">6</Data>
    </EventData>
  </Event>
  <Event xmlns="http://schemas.microsoft.com/win/2004/08/events/event">
    <System>
      <Provider Name="Microsoft-Windows-DNS-Client" Guid="{1c95126e-7eea-49a9-a3fe-a378b03ddb4d}"/>
      <EventID>3008</EventID>
      <Version>0</Version>
      <Level>4</Level>
      <Task>0</Task>
      <Opcode>0</Opcode>
      <Keywords>0x8080000000000000</Keywords>
      <TimeCreated SystemTime="2026-07-13T19:05:45.577Z"/>
      <EventRecordID>121031</EventRecordID>
      <Correlation/>
      <Execution ProcessID="656" ThreadID="700"/>
      <Channel>System</Channel>
      <Computer>FNW-WKS047.fenwick.local</Computer>
      <Security/>
    </System>
    <EventData>
      <Data Name="QueryName">fenwick-intranet.local</Data>
      <Data Name="QueryStatus">9003</Data>
    </EventData>
  </Event>
  <Event xmlns="http://schemas.microsoft.com/win/2004/08/events/event">
    <System>
      <Provider Name="Microsoft-Windows-Security-Auditing" Guid="{54849625-5478-4994-a5ba-3e3b0328c30d}"/>
      <EventID>4624</EventID>
      <Version>0</Version>
      <Level>4</Level>
      <Task>0</Task>
      <Opcode>0</Opcode>
      <Keywords>0x8080000000000000</Keywords>
      <TimeCreated SystemTime="2026-07-13T19:06:06.970Z"/>
      <EventRecordID>119638</EventRecordID>
      <Correlation/>
      <Execution ProcessID="656" ThreadID="700"/>
      <Channel>Security</Channel>
      <Computer>FNW-WKS047.fenwick.local</Computer>
      <Security/>
    </System>
    <EventData>
      <Data Name="TargetUserName">svc_monitoring</Data>
      <Data Name="LogonType">10</Data>
      <Data Name="WorkstationName">FNW-WKS047</Data>
      <Data Name="IpAddress">10.14.22.102</Data>
    </EventData>
  </Event>
  <Event xmlns="http://schemas.microsoft.com/win/2004/08/events/event">
    <System>
      <Provider Name="Microsoft-Windows-PrintService" Guid="{747ef6fd-e535-4d16-b3b7-99e3e73c1c93}"/>
      <EventID>307</EventID>
      <Version>0</Version>
      <Level>4</Level>
      <Task>0</Task>
      <Opcode>0</Opcode>
      <Keywords>0x8080000000000000</Keywords>
      <TimeCreated SystemTime="2026-07-13T19:06:19.022Z"/>
      <EventRecordID>120344</EventRecordID>
      <Correlation/>
      <Execution ProcessID="656" ThreadID="700"/>
      <Channel>System</Channel>
      <Computer>FNW-WKS047.fenwick.local</Computer>
      <Security/>
    </System>
    <EventData>
      <Data Name="Document">Meeting_Notes.docx</Data>
      <Data Name="User">svc_backup</Data>
      <Data Name="Printer">\\printserver.fenwick.local\HP-Floor2</Data>
      <Data Name="Pages">2</Data>
    </EventData>
  </Event>
  <Event xmlns="http://schemas.microsoft.com/win/2004/08/events/event">
    <System>
      <Provider Name="Microsoft-Windows-Windows Firewall With Advanced Security" Guid="{63d2bb1d-e39a-41b8-9a3d-52dd06677588}"/>
      <EventID>5157</EventID>
      <Version>0</Version>
      <Level>4</Level>
      <Task>0</Task>
      <Opcode>0</Opcode>
      <Keywords>0x8080000000000000</Keywords>
      <TimeCreated SystemTime="2026-07-13T19:06:19.691Z"/>
      <EventRecordID>120810</EventRecordID>
      <Correlation/>
      <Execution ProcessID="656" ThreadID="700"/>
      <Channel>System</Channel>
      <Computer>FNW-WKS047.fenwick.local</Computer>
      <Security/>
    </System>
    <EventData>
      <Data Name="Application">System</Data>
      <Data Name="SourceAddress">10.14.22.80</Data>
      <Data Name="DestPort">135</Data>
      <Data Name="Direction">Inbound</Data>
    </EventData>
  </Event>
  <Event xmlns="http://schemas.microsoft.com/win/2004/08/events/event">
    <System>
      <Provider Name="Microsoft-Windows-Security-Auditing" Guid="{54849625-5478-4994-a5ba-3e3b0328c30d}"/>
      <EventID>4624</EventID>
      <Version>0</Version>
      <Level>4</Level>
      <Task>0</Task>
      <Opcode>0</Opcode>
      <Keywords>0x8080000000000000</Keywords>
      <TimeCreated SystemTime="2026-07-13T19:06:25.078Z"/>
      <EventRecordID>119118</EventRecordID>
      <Correlation/>
      <Execution ProcessID="656" ThreadID="700"/>
      <Channel>Security</Channel>
      <Computer>FNW-WKS047.fenwick.local</Computer>
      <Security/>
    </System>
    <EventData>
      <Data Name="TargetUserName">d.reyes</Data>
      <Data Name="LogonType">7</Data>
      <Data Name="WorkstationName">FNW-WKS047</Data>
      <Data Name="IpAddress">10.14.22.3</Data>
    </EventData>
  </Event>
  <Event xmlns="http://schemas.microsoft.com/win/2004/08/events/event">
    <System>
      <Provider Name="Service Control Manager" Guid="{555908d1-a6d7-4695-8e1e-26931d2012f4}" EventSourceName="Service Control Manager"/>
      <EventID>7045</EventID>
      <Version>0</Version>
      <Level>4</Level>
      <Task>0</Task>
      <Opcode>0</Opcode>
      <Keywords>0x8080000000000000</Keywords>
      <TimeCreated SystemTime="2026-07-13T19:06:27.664Z"/>
      <EventRecordID>118830</EventRecordID>
      <Correlation/>
      <Execution ProcessID="656" ThreadID="700"/>
      <Channel>System</Channel>
      <Computer>FNW-WKS047.fenwick.local</Computer>
      <Security/>
    </System>
    <EventData>
      <Data Name="ServiceName">Print Spooler</Data>
      <Data Name="ImagePath">C:\Windows\System32\PrintSpooler.exe</Data>
      <Data Name="ServiceType">user mode service</Data>
      <Data Name="StartType">auto start</Data>
      <Data Name="AccountName">LocalSystem</Data>
    </EventData>
  </Event>
  <Event xmlns="http://schemas.microsoft.com/win/2004/08/events/event">
    <System>
      <Provider Name="Microsoft-Windows-DNS-Client" Guid="{1c95126e-7eea-49a9-a3fe-a378b03ddb4d}"/>
      <EventID>3008</EventID>
      <Version>0</Version>
      <Level>4</Level>
      <Task>0</Task>
      <Opcode>0</Opcode>
      <Keywords>0x8080000000000000</Keywords>
      <TimeCreated SystemTime="2026-07-13T19:06:32.261Z"/>
      <EventRecordID>119147</EventRecordID>
      <Correlation/>
      <Execution ProcessID="656" ThreadID="700"/>
      <Channel>System</Channel>
      <Computer>FNW-WKS047.fenwick.local</Computer>
      <Security/>
    </System>
    <EventData>
      <Data Name="QueryName">time.windows.com</Data>
      <Data Name="QueryStatus">0</Data>
    </EventData>
  </Event>
  <Event xmlns="http://schemas.microsoft.com/win/2004/08/events/event">
    <System>
      <Provider Name="Microsoft-Windows-TaskScheduler" Guid="{de7b24ea-73c8-4a09-985d-5bdadcfa9017}"/>
      <EventID>200</EventID>
      <Version>0</Version>
      <Level>4</Level>
      <Task>0</Task>
      <Opcode>0</Opcode>
      <Keywords>0x8080000000000000</Keywords>
      <TimeCreated SystemTime="2026-07-13T19:06:43.196Z"/>
      <EventRecordID>120392</EventRecordID>
      <Correlation/>
      <Execution ProcessID="656" ThreadID="700"/>
      <Channel>System</Channel>
      <Computer>FNW-WKS047.fenwick.local</Computer>
      <Security/>
    </System>
    <EventData>
      <Data Name="TaskName">\Fenwick\Endpoint\InventorySync</Data>
      <Data Name="ActionName">Execute</Data>
    </EventData>
  </Event>
  <Event xmlns="http://schemas.microsoft.com/win/2004/08/events/event">
    <System>
      <Provider Name="Service Control Manager" Guid="{555908d1-a6d7-4695-8e1e-26931d2012f4}" EventSourceName="Service Control Manager"/>
      <EventID>7036</EventID>
      <Version>0</Version>
      <Level>4</Level>
      <Task>0</Task>
      <Opcode>0</Opcode>
      <Keywords>0x8080000000000000</Keywords>
      <TimeCreated SystemTime="2026-07-13T19:07:16.963Z"/>
      <EventRecordID>121160</EventRecordID>
      <Correlation/>
      <Execution ProcessID="656" ThreadID="700"/>
      <Channel>System</Channel>
      <Computer>FNW-WKS047.fenwick.local</Computer>
      <Security/>
    </System>
    <EventData>
      <Data Name="param1">Shell Hardware Detection</Data>
      <Data Name="param2">running</Data>
    </EventData>
  </Event>
  <Event xmlns="http://schemas.microsoft.com/win/2004/08/events/event">
    <System>
      <Provider Name="Application Error" Guid="{a0e9b465-b939-57d7-b27a-c6e2c7ded9ff}"/>
      <EventID>1000</EventID>
      <Version>0</Version>
      <Level>4</Level>
      <Task>0</Task>
      <Opcode>0</Opcode>
      <Keywords>0x8080000000000000</Keywords>
      <TimeCreated SystemTime="2026-07-13T19:07:24.331Z"/>
      <EventRecordID>118633</EventRecordID>
      <Correlation/>
      <Execution ProcessID="656" ThreadID="700"/>
      <Channel>Application</Channel>
      <Computer>FNW-WKS047.fenwick.local</Computer>
      <Security/>
    </System>
    <EventData>
      <Data Name="Application Name">acrord32.exe</Data>
      <Data Name="Application Version">14.0.6286.0</Data>
      <Data Name="Fault Module Name">ntdll.dll</Data>
      <Data Name="Exception Code">0xc0000005</Data>
    </EventData>
  </Event>
  <Event xmlns="http://schemas.microsoft.com/win/2004/08/events/event">
    <System>
      <Provider Name="Microsoft-Windows-PrintService" Guid="{747ef6fd-e535-4d16-b3b7-99e3e73c1c93}"/>
      <EventID>307</EventID>
      <Version>0</Version>
      <Level>4</Level>
      <Task>0</Task>
      <Opcode>0</Opcode>
      <Keywords>0x8080000000000000</Keywords>
      <TimeCreated SystemTime="2026-07-13T19:07:35.307Z"/>
      <EventRecordID>119472</EventRecordID>
      <Correlation/>
      <Execution ProcessID="656" ThreadID="700"/>
      <Channel>System</Channel>
      <Computer>FNW-WKS047.fenwick.local</Computer>
      <Security/>
    </System>
    <EventData>
      <Data Name="Document">Invoice_4471.pdf</Data>
      <Data Name="User">svc_backup</Data>
      <Data Name="Printer">\\printserver.fenwick.local\HP-Floor2</Data>
      <Data Name="Pages">5</Data>
    </EventData>
  </Event>
  <Event xmlns="http://schemas.microsoft.com/win/2004/08/events/event">
    <System>
      <Provider Name="Service Control Manager" Guid="{555908d1-a6d7-4695-8e1e-26931d2012f4}" EventSourceName="Service Control Manager"/>
      <EventID>7036</EventID>
      <Version>0</Version>
      <Level>4</Level>
      <Task>0</Task>
      <Opcode>0</Opcode>
      <Keywords>0x8080000000000000</Keywords>
      <TimeCreated SystemTime="2026-07-13T19:07:40.723Z"/>
      <EventRecordID>120415</EventRecordID>
      <Correlation/>
      <Execution ProcessID="656" ThreadID="700"/>
      <Channel>System</Channel>
      <Computer>FNW-WKS047.fenwick.local</Computer>
      <Security/>
    </System>
    <EventData>
      <Data Name="param1">Print Spooler</Data>
      <Data Name="param2">running</Data>
    </EventData>
  </Event>
  <Event xmlns="http://schemas.microsoft.com/win/2004/08/events/event">
    <System>
      <Provider Name="Microsoft-Windows-DNS-Client" Guid="{1c95126e-7eea-49a9-a3fe-a378b03ddb4d}"/>
      <EventID>3008</EventID>
      <Version>0</Version>
      <Level>4</Level>
      <Task>0</Task>
      <Opcode>0</Opcode>
      <Keywords>0x8080000000000000</Keywords>
      <TimeCreated SystemTime="2026-07-13T19:07:50.337Z"/>
      <EventRecordID>118807</EventRecordID>
      <Correlation/>
      <Execution ProcessID="656" ThreadID="700"/>
      <Channel>System</Channel>
      <Computer>FNW-WKS047.fenwick.local</Computer>
      <Security/>
    </System>
    <EventData>
      <Data Name="QueryName">printserver.fenwick.local</Data>
      <Data Name="QueryStatus">0</Data>
    </EventData>
  </Event>
  <Event xmlns="http://schemas.microsoft.com/win/2004/08/events/event">
    <System>
      <Provider Name="Microsoft-Windows-TerminalServices-RemoteConnectionManager" Guid="{c76baa63-ae81-421c-b425-340b4b24157f}"/>
      <EventID>24</EventID>
      <Version>0</Version>
      <Level>4</Level>
      <Task>0</Task>
      <Opcode>0</Opcode>
      <Keywords>0x8080000000000000</Keywords>
      <TimeCreated SystemTime="2026-07-13T19:08:03.346Z"/>
      <EventRecordID>120274</EventRecordID>
      <Correlation/>
      <Execution ProcessID="656" ThreadID="700"/>
      <Channel>System</Channel>
      <Computer>FNW-WKS047.fenwick.local</Computer>
      <Security/>
    </System>
    <EventData>
      <Data Name="User">svc_backup</Data>
      <Data Name="SourceNetworkAddress">10.14.22.7</Data>
    </EventData>
  </Event>
  <Event xmlns="http://schemas.microsoft.com/win/2004/08/events/event">
    <System>
      <Provider Name="Microsoft-Windows-Windows Firewall With Advanced Security" Guid="{63d2bb1d-e39a-41b8-9a3d-52dd06677588}"/>
      <EventID>5157</EventID>
      <Version>0</Version>
      <Level>4</Level>
      <Task>0</Task>
      <Opcode>0</Opcode>
      <Keywords>0x8080000000000000</Keywords>
      <TimeCreated SystemTime="2026-07-13T19:08:09.657Z"/>
      <EventRecordID>119747</EventRecordID>
      <Correlation/>
      <Execution ProcessID="656" ThreadID="700"/>
      <Channel>System</Channel>
      <Computer>FNW-WKS047.fenwick.local</Computer>
      <Security/>
    </System>
    <EventData>
      <Data Name="Application">System</Data>
      <Data Name="SourceAddress">10.14.22.213</Data>
      <Data Name="DestPort">3389</Data>
      <Data Name="Direction">Inbound</Data>
    </EventData>
  </Event>
  <Event xmlns="http://schemas.microsoft.com/win/2004/08/events/event">
    <System>
      <Provider Name="Microsoft-Windows-Windows Firewall With Advanced Security" Guid="{63d2bb1d-e39a-41b8-9a3d-52dd06677588}"/>
      <EventID>5157</EventID>
      <Version>0</Version>
      <Level>4</Level>
      <Task>0</Task>
      <Opcode>0</Opcode>
      <Keywords>0x8080000000000000</Keywords>
      <TimeCreated SystemTime="2026-07-13T19:08:10.688Z"/>
      <EventRecordID>119308</EventRecordID>
      <Correlation/>
      <Execution ProcessID="656" ThreadID="700"/>
      <Channel>System</Channel>
      <Computer>FNW-WKS047.fenwick.local</Computer>
      <Security/>
    </System>
    <EventData>
      <Data Name="Application">System</Data>
      <Data Name="SourceAddress">10.14.22.173</Data>
      <Data Name="DestPort">1900</Data>
      <Data Name="Direction">Inbound</Data>
    </EventData>
  </Event>
  <Event xmlns="http://schemas.microsoft.com/win/2004/08/events/event">
    <System>
      <Provider Name="Microsoft-Windows-Security-Auditing" Guid="{54849625-5478-4994-a5ba-3e3b0328c30d}"/>
      <EventID>4634</EventID>
      <Version>0</Version>
      <Level>4</Level>
      <Task>0</Task>
      <Opcode>0</Opcode>
      <Keywords>0x8080000000000000</Keywords>
      <TimeCreated SystemTime="2026-07-13T19:08:15.637Z"/>
      <EventRecordID>119153</EventRecordID>
      <Correlation/>
      <Execution ProcessID="656" ThreadID="700"/>
      <Channel>Security</Channel>
      <Computer>FNW-WKS047.fenwick.local</Computer>
      <Security/>
    </System>
    <EventData>
      <Data Name="TargetUserName">d.reyes</Data>
      <Data Name="LogonType">2</Data>
    </EventData>
  </Event>
  <Event xmlns="http://schemas.microsoft.com/win/2004/08/events/event">
    <System>
      <Provider Name="Microsoft-Windows-DNS-Client" Guid="{1c95126e-7eea-49a9-a3fe-a378b03ddb4d}"/>
      <EventID>3008</EventID>
      <Version>0</Version>
      <Level>4</Level>
      <Task>0</Task>
      <Opcode>0</Opcode>
      <Keywords>0x8080000000000000</Keywords>
      <TimeCreated SystemTime="2026-07-13T19:08:39.894Z"/>
      <EventRecordID>120693</EventRecordID>
      <Correlation/>
      <Execution ProcessID="656" ThreadID="700"/>
      <Channel>System</Channel>
      <Computer>FNW-WKS047.fenwick.local</Computer>
      <Security/>
    </System>
    <EventData>
      <Data Name="QueryName">time.windows.com</Data>
      <Data Name="QueryStatus">0</Data>
    </EventData>
  </Event>
  <Event xmlns="http://schemas.microsoft.com/win/2004/08/events/event">
    <System>
      <Provider Name="Microsoft-Windows-TerminalServices-RemoteConnectionManager" Guid="{c76baa63-ae81-421c-b425-340b4b24157f}"/>
      <EventID>21</EventID>
      <Version>0</Version>
      <Level>4</Level>
      <Task>0</Task>
      <Opcode>0</Opcode>
      <Keywords>0x8080000000000000</Keywords>
      <TimeCreated SystemTime="2026-07-13T19:09:11.782Z"/>
      <EventRecordID>120956</EventRecordID>
      <Correlation/>
      <Execution ProcessID="656" ThreadID="700"/>
      <Channel>System</Channel>
      <Computer>FNW-WKS047.fenwick.local</Computer>
      <Security/>
    </System>
    <EventData>
      <Data Name="User">svc_backup</Data>
      <Data Name="SourceNetworkAddress">10.14.22.91</Data>
    </EventData>
  </Event>
  <Event xmlns="http://schemas.microsoft.com/win/2004/08/events/event">
    <System>
      <Provider Name="Service Control Manager" Guid="{555908d1-a6d7-4695-8e1e-26931d2012f4}" EventSourceName="Service Control Manager"/>
      <EventID>7036</EventID>
      <Version>0</Version>
      <Level>4</Level>
      <Task>0</Task>
      <Opcode>0</Opcode>
      <Keywords>0x8080000000000000</Keywords>
      <TimeCreated SystemTime="2026-07-13T19:10:01.024Z"/>
      <EventRecordID>119103</EventRecordID>
      <Correlation/>
      <Execution ProcessID="656" ThreadID="700"/>
      <Channel>System</Channel>
      <Computer>FNW-WKS047.fenwick.local</Computer>
      <Security/>
    </System>
    <EventData>
      <Data Name="param1">Diagnostic Policy Service</Data>
      <Data Name="param2">stopped</Data>
    </EventData>
  </Event>
  <Event xmlns="http://schemas.microsoft.com/win/2004/08/events/event">
    <System>
      <Provider Name="Microsoft-Windows-Windows Defender" Guid="{11cd958a-c507-4ef3-b3f2-5fd9dfbd2c78}"/>
      <EventID>1001</EventID>
      <Version>0</Version>
      <Level>4</Level>
      <Task>0</Task>
      <Opcode>0</Opcode>
      <Keywords>0x8080000000000000</Keywords>
      <TimeCreated SystemTime="2026-07-13T19:10:08.390Z"/>
      <EventRecordID>120515</EventRecordID>
      <Correlation/>
      <Execution ProcessID="656" ThreadID="700"/>
      <Channel>System</Channel>
      <Computer>FNW-WKS047.fenwick.local</Computer>
      <Security/>
    </System>
    <EventData>
      <Data Name="Scan Type">Quick</Data>
      <Data Name="Scan Result">No threats detected</Data>
    </EventData>
  </Event>
  <Event xmlns="http://schemas.microsoft.com/win/2004/08/events/event">
    <System>
      <Provider Name="Service Control Manager" Guid="{555908d1-a6d7-4695-8e1e-26931d2012f4}" EventSourceName="Service Control Manager"/>
      <EventID>7036</EventID>
      <Version>0</Version>
      <Level>4</Level>
      <Task>0</Task>
      <Opcode>0</Opcode>
      <Keywords>0x8080000000000000</Keywords>
      <TimeCreated SystemTime="2026-07-13T19:10:10.268Z"/>
      <EventRecordID>119072</EventRecordID>
      <Correlation/>
      <Execution ProcessID="656" ThreadID="700"/>
      <Channel>System</Channel>
      <Computer>FNW-WKS047.fenwick.local</Computer>
      <Security/>
    </System>
    <EventData>
      <Data Name="param1">Windows Time</Data>
      <Data Name="param2">stopped</Data>
    </EventData>
  </Event>
  <Event xmlns="http://schemas.microsoft.com/win/2004/08/events/event">
    <System>
      <Provider Name="Microsoft-Windows-Windows Firewall With Advanced Security" Guid="{63d2bb1d-e39a-41b8-9a3d-52dd06677588}"/>
      <EventID>5157</EventID>
      <Version>0</Version>
      <Level>4</Level>
      <Task>0</Task>
      <Opcode>0</Opcode>
      <Keywords>0x8080000000000000</Keywords>
      <TimeCreated SystemTime="2026-07-13T19:10:25.178Z"/>
      <EventRecordID>120055</EventRecordID>
      <Correlation/>
      <Execution ProcessID="656" ThreadID="700"/>
      <Channel>System</Channel>
      <Computer>FNW-WKS047.fenwick.local</Computer>
      <Security/>
    </System>
    <EventData>
      <Data Name="Application">System</Data>
      <Data Name="SourceAddress">10.14.22.163</Data>
      <Data Name="DestPort">5357</Data>
      <Data Name="Direction">Inbound</Data>
    </EventData>
  </Event>
  <Event xmlns="http://schemas.microsoft.com/win/2004/08/events/event">
    <System>
      <Provider Name="Microsoft-Windows-Windows Defender" Guid="{11cd958a-c507-4ef3-b3f2-5fd9dfbd2c78}"/>
      <EventID>1001</EventID>
      <Version>0</Version>
      <Level>4</Level>
      <Task>0</Task>
      <Opcode>0</Opcode>
      <Keywords>0x8080000000000000</Keywords>
      <TimeCreated SystemTime="2026-07-13T19:10:25.789Z"/>
      <EventRecordID>119701</EventRecordID>
      <Correlation/>
      <Execution ProcessID="656" ThreadID="700"/>
      <Channel>System</Channel>
      <Computer>FNW-WKS047.fenwick.local</Computer>
      <Security/>
    </System>
    <EventData>
      <Data Name="Scan Type">Full</Data>
      <Data Name="Scan Result">No threats detected</Data>
    </EventData>
  </Event>
  <Event xmlns="http://schemas.microsoft.com/win/2004/08/events/event">
    <System>
      <Provider Name="Service Control Manager" Guid="{555908d1-a6d7-4695-8e1e-26931d2012f4}" EventSourceName="Service Control Manager"/>
      <EventID>7036</EventID>
      <Version>0</Version>
      <Level>4</Level>
      <Task>0</Task>
      <Opcode>0</Opcode>
      <Keywords>0x8080000000000000</Keywords>
      <TimeCreated SystemTime="2026-07-13T19:10:29.608Z"/>
      <EventRecordID>120823</EventRecordID>
      <Correlation/>
      <Execution ProcessID="656" ThreadID="700"/>
      <Channel>System</Channel>
      <Computer>FNW-WKS047.fenwick.local</Computer>
      <Security/>
    </System>
    <EventData>
      <Data Name="param1">Remote Procedure Call Locator</Data>
      <Data Name="param2">stopped</Data>
    </EventData>
  </Event>
  <Event xmlns="http://schemas.microsoft.com/win/2004/08/events/event">
    <System>
      <Provider Name="Microsoft-Windows-DNS-Client" Guid="{1c95126e-7eea-49a9-a3fe-a378b03ddb4d}"/>
      <EventID>3008</EventID>
      <Version>0</Version>
      <Level>4</Level>
      <Task>0</Task>
      <Opcode>0</Opcode>
      <Keywords>0x8080000000000000</Keywords>
      <TimeCreated SystemTime="2026-07-13T19:10:33.006Z"/>
      <EventRecordID>118616</EventRecordID>
      <Correlation/>
      <Execution ProcessID="656" ThreadID="700"/>
      <Channel>System</Channel>
      <Computer>FNW-WKS047.fenwick.local</Computer>
      <Security/>
    </System>
    <EventData>
      <Data Name="QueryName">download.windowsupdate.com</Data>
      <Data Name="QueryStatus">0</Data>
    </EventData>
  </Event>
  <Event xmlns="http://schemas.microsoft.com/win/2004/08/events/event">
    <System>
      <Provider Name="Microsoft-Windows-TerminalServices-RemoteConnectionManager" Guid="{c76baa63-ae81-421c-b425-340b4b24157f}"/>
      <EventID>24</EventID>
      <Version>0</Version>
      <Level>4</Level>
      <Task>0</Task>
      <Opcode>0</Opcode>
      <Keywords>0x8080000000000000</Keywords>
      <TimeCreated SystemTime="2026-07-13T19:10:35.043Z"/>
      <EventRecordID>119320</EventRecordID>
      <Correlation/>
      <Execution ProcessID="656" ThreadID="700"/>
      <Channel>System</Channel>
      <Computer>FNW-WKS047.fenwick.local</Computer>
      <Security/>
    </System>
    <EventData>
      <Data Name="User">j.moreau</Data>
      <Data Name="SourceNetworkAddress">10.14.22.59</Data>
    </EventData>
  </Event>
  <Event xmlns="http://schemas.microsoft.com/win/2004/08/events/event">
    <System>
      <Provider Name="Microsoft-Windows-Security-Auditing" Guid="{54849625-5478-4994-a5ba-3e3b0328c30d}"/>
      <EventID>4624</EventID>
      <Version>0</Version>
      <Level>4</Level>
      <Task>0</Task>
      <Opcode>0</Opcode>
      <Keywords>0x8080000000000000</Keywords>
      <TimeCreated SystemTime="2026-07-13T19:10:35.459Z"/>
      <EventRecordID>119003</EventRecordID>
      <Correlation/>
      <Execution ProcessID="656" ThreadID="700"/>
      <Channel>Security</Channel>
      <Computer>FNW-WKS047.fenwick.local</Computer>
      <Security/>
    </System>
    <EventData>
      <Data Name="TargetUserName">j.moreau</Data>
      <Data Name="LogonType">10</Data>
      <Data Name="WorkstationName">FNW-WKS047</Data>
      <Data Name="IpAddress">10.14.22.158</Data>
    </EventData>
  </Event>
  <Event xmlns="http://schemas.microsoft.com/win/2004/08/events/event">
    <System>
      <Provider Name="Service Control Manager" Guid="{555908d1-a6d7-4695-8e1e-26931d2012f4}" EventSourceName="Service Control Manager"/>
      <EventID>7045</EventID>
      <Version>0</Version>
      <Level>4</Level>
      <Task>0</Task>
      <Opcode>0</Opcode>
      <Keywords>0x8080000000000000</Keywords>
      <TimeCreated SystemTime="2026-07-13T19:10:45.052Z"/>
      <EventRecordID>121101</EventRecordID>
      <Correlation/>
      <Execution ProcessID="656" ThreadID="700"/>
      <Channel>System</Channel>
      <Computer>FNW-WKS047.fenwick.local</Computer>
      <Security/>
    </System>
    <EventData>
      <Data Name="ServiceName">Diagnostic Policy Service</Data>
      <Data Name="ImagePath">C:\Windows\System32\DiagnosticPolicyService.exe</Data>
      <Data Name="ServiceType">user mode service</Data>
      <Data Name="StartType">auto start</Data>
      <Data Name="AccountName">LocalSystem</Data>
    </EventData>
  </Event>
  <Event xmlns="http://schemas.microsoft.com/win/2004/08/events/event">
    <System>
      <Provider Name="Microsoft-Windows-PrintService" Guid="{747ef6fd-e535-4d16-b3b7-99e3e73c1c93}"/>
      <EventID>307</EventID>
      <Version>0</Version>
      <Level>4</Level>
      <Task>0</Task>
      <Opcode>0</Opcode>
      <Keywords>0x8080000000000000</Keywords>
      <TimeCreated SystemTime="2026-07-13T19:10:46.057Z"/>
      <EventRecordID>121254</EventRecordID>
      <Correlation/>
      <Execution ProcessID="656" ThreadID="700"/>
      <Channel>System</Channel>
      <Computer>FNW-WKS047.fenwick.local</Computer>
      <Security/>
    </System>
    <EventData>
      <Data Name="Document">Travel_Itinerary.pdf</Data>
      <Data Name="User">j.moreau</Data>
      <Data Name="Printer">\\printserver.fenwick.local\HP-Floor2</Data>
      <Data Name="Pages">7</Data>
    </EventData>
  </Event>
  <Event xmlns="http://schemas.microsoft.com/win/2004/08/events/event">
    <System>
      <Provider Name="Microsoft-Windows-PrintService" Guid="{747ef6fd-e535-4d16-b3b7-99e3e73c1c93}"/>
      <EventID>307</EventID>
      <Version>0</Version>
      <Level>4</Level>
      <Task>0</Task>
      <Opcode>0</Opcode>
      <Keywords>0x8080000000000000</Keywords>
      <TimeCreated SystemTime="2026-07-13T19:11:06.786Z"/>
      <EventRecordID>118829</EventRecordID>
      <Correlation/>
      <Execution ProcessID="656" ThreadID="700"/>
      <Channel>System</Channel>
      <Computer>FNW-WKS047.fenwick.local</Computer>
      <Security/>
    </System>
    <EventData>
      <Data Name="Document">Meeting_Notes.docx</Data>
      <Data Name="User">j.moreau</Data>
      <Data Name="Printer">\\printserver.fenwick.local\HP-Floor2</Data>
      <Data Name="Pages">9</Data>
    </EventData>
  </Event>
  <Event xmlns="http://schemas.microsoft.com/win/2004/08/events/event">
    <System>
      <Provider Name="Microsoft-Windows-TaskScheduler" Guid="{de7b24ea-73c8-4a09-985d-5bdadcfa9017}"/>
      <EventID>200</EventID>
      <Version>0</Version>
      <Level>4</Level>
      <Task>0</Task>
      <Opcode>0</Opcode>
      <Keywords>0x8080000000000000</Keywords>
      <TimeCreated SystemTime="2026-07-13T19:11:13.315Z"/>
      <EventRecordID>118675</EventRecordID>
      <Correlation/>
      <Execution ProcessID="656" ThreadID="700"/>
      <Channel>System</Channel>
      <Computer>FNW-WKS047.fenwick.local</Computer>
      <Security/>
    </System>
    <EventData>
      <Data Name="TaskName">\Microsoft\Windows\Application Experience\Microsoft Compatibility Appraiser</Data>
      <Data Name="ActionName">Execute</Data>
    </EventData>
  </Event>
  <Event xmlns="http://schemas.microsoft.com/win/2004/08/events/event">
    <System>
      <Provider Name="Application Error" Guid="{a0e9b465-b939-57d7-b27a-c6e2c7ded9ff}"/>
      <EventID>1000</EventID>
      <Version>0</Version>
      <Level>4</Level>
      <Task>0</Task>
      <Opcode>0</Opcode>
      <Keywords>0x8080000000000000</Keywords>
      <TimeCreated SystemTime="2026-07-13T19:11:42.674Z"/>
      <EventRecordID>119195</EventRecordID>
      <Correlation/>
      <Execution ProcessID="656" ThreadID="700"/>
      <Channel>Application</Channel>
      <Computer>FNW-WKS047.fenwick.local</Computer>
      <Security/>
    </System>
    <EventData>
      <Data Name="Application Name">teams.exe</Data>
      <Data Name="Application Version">15.0.6521.0</Data>
      <Data Name="Fault Module Name">ntdll.dll</Data>
      <Data Name="Exception Code">0xc0000005</Data>
    </EventData>
  </Event>
  <Event xmlns="http://schemas.microsoft.com/win/2004/08/events/event">
    <System>
      <Provider Name="Microsoft-Windows-Kernel-PnP" Guid="{9c205a39-1250-487d-abd7-e831c6290539}"/>
      <EventID>410</EventID>
      <Version>0</Version>
      <Level>4</Level>
      <Task>0</Task>
      <Opcode>0</Opcode>
      <Keywords>0x8080000000000000</Keywords>
      <TimeCreated SystemTime="2026-07-13T19:11:52.902Z"/>
      <EventRecordID>121191</EventRecordID>
      <Correlation/>
      <Execution ProcessID="656" ThreadID="700"/>
      <Channel>System</Channel>
      <Computer>FNW-WKS047.fenwick.local</Computer>
      <Security/>
    </System>
    <EventData>
      <Data Name="DeviceDescription">Generic Bluetooth Adapter</Data>
      <Data Name="Status">0</Data>
    </EventData>
  </Event>
  <Event xmlns="http://schemas.microsoft.com/win/2004/08/events/event">
    <System>
      <Provider Name="Microsoft-Windows-TerminalServices-RemoteConnectionManager" Guid="{c76baa63-ae81-421c-b425-340b4b24157f}"/>
      <EventID>21</EventID>
      <Version>0</Version>
      <Level>4</Level>
      <Task>0</Task>
      <Opcode>0</Opcode>
      <Keywords>0x8080000000000000</Keywords>
      <TimeCreated SystemTime="2026-07-13T19:11:58.274Z"/>
      <EventRecordID>121012</EventRecordID>
      <Correlation/>
      <Execution ProcessID="656" ThreadID="700"/>
      <Channel>System</Channel>
      <Computer>FNW-WKS047.fenwick.local</Computer>
      <Security/>
    </System>
    <EventData>
      <Data Name="User">j.moreau</Data>
      <Data Name="SourceNetworkAddress">10.14.22.26</Data>
    </EventData>
  </Event>
  <Event xmlns="http://schemas.microsoft.com/win/2004/08/events/event">
    <System>
      <Provider Name="Microsoft-Windows-PrintService" Guid="{747ef6fd-e535-4d16-b3b7-99e3e73c1c93}"/>
      <EventID>307</EventID>
      <Version>0</Version>
      <Level>4</Level>
      <Task>0</Task>
      <Opcode>0</Opcode>
      <Keywords>0x8080000000000000</Keywords>
      <TimeCreated SystemTime="2026-07-13T19:12:11.454Z"/>
      <EventRecordID>121380</EventRecordID>
      <Correlation/>
      <Execution ProcessID="656" ThreadID="700"/>
      <Channel>System</Channel>
      <Computer>FNW-WKS047.fenwick.local</Computer>
      <Security/>
    </System>
    <EventData>
      <Data Name="Document">Q3_Report.docx</Data>
      <Data Name="User">j.moreau</Data>
      <Data Name="Printer">\\printserver.fenwick.local\HP-Floor2</Data>
      <Data Name="Pages">9</Data>
    </EventData>
  </Event>
  <Event xmlns="http://schemas.microsoft.com/win/2004/08/events/event">
    <System>
      <Provider Name="Microsoft-Windows-PrintService" Guid="{747ef6fd-e535-4d16-b3b7-99e3e73c1c93}"/>
      <EventID>307</EventID>
      <Version>0</Version>
      <Level>4</Level>
      <Task>0</Task>
      <Opcode>0</Opcode>
      <Keywords>0x8080000000000000</Keywords>
      <TimeCreated SystemTime="2026-07-13T19:12:18.710Z"/>
      <EventRecordID>118458</EventRecordID>
      <Correlation/>
      <Execution ProcessID="656" ThreadID="700"/>
      <Channel>System</Channel>
      <Computer>FNW-WKS047.fenwick.local</Computer>
      <Security/>
    </System>
    <EventData>
      <Data Name="Document">Meeting_Notes.docx</Data>
      <Data Name="User">svc_backup</Data>
      <Data Name="Printer">\\printserver.fenwick.local\HP-Floor2</Data>
      <Data Name="Pages">6</Data>
    </EventData>
  </Event>
  <Event xmlns="http://schemas.microsoft.com/win/2004/08/events/event">
    <System>
      <Provider Name="Service Control Manager" Guid="{555908d1-a6d7-4695-8e1e-26931d2012f4}" EventSourceName="Service Control Manager"/>
      <EventID>7045</EventID>
      <Version>0</Version>
      <Level>4</Level>
      <Task>0</Task>
      <Opcode>0</Opcode>
      <Keywords>0x8080000000000000</Keywords>
      <TimeCreated SystemTime="2026-07-13T19:13:09.200Z"/>
      <EventRecordID>120620</EventRecordID>
      <Correlation/>
      <Execution ProcessID="656" ThreadID="700"/>
      <Channel>System</Channel>
      <Computer>FNW-WKS047.fenwick.local</Computer>
      <Security/>
    </System>
    <EventData>
      <Data Name="ServiceName">Network Location Awareness</Data>
      <Data Name="ImagePath">C:\Windows\System32\NetworkLocationAwareness.exe</Data>
      <Data Name="ServiceType">user mode service</Data>
      <Data Name="StartType">auto start</Data>
      <Data Name="AccountName">LocalSystem</Data>
    </EventData>
  </Event>
  <Event xmlns="http://schemas.microsoft.com/win/2004/08/events/event">
    <System>
      <Provider Name="Microsoft-Windows-TerminalServices-RemoteConnectionManager" Guid="{c76baa63-ae81-421c-b425-340b4b24157f}"/>
      <EventID>21</EventID>
      <Version>0</Version>
      <Level>4</Level>
      <Task>0</Task>
      <Opcode>0</Opcode>
      <Keywords>0x8080000000000000</Keywords>
      <TimeCreated SystemTime="2026-07-13T19:14:00.577Z"/>
      <EventRecordID>120779</EventRecordID>
      <Correlation/>
      <Execution ProcessID="656" ThreadID="700"/>
      <Channel>System</Channel>
      <Computer>FNW-WKS047.fenwick.local</Computer>
      <Security/>
    </System>
    <EventData>
      <Data Name="User">m.laurent</Data>
      <Data Name="SourceNetworkAddress">10.14.22.44</Data>
    </EventData>
  </Event>
  <Event xmlns="http://schemas.microsoft.com/win/2004/08/events/event">
    <System>
      <Provider Name="Microsoft-Windows-DNS-Client" Guid="{1c95126e-7eea-49a9-a3fe-a378b03ddb4d}"/>
      <EventID>3008</EventID>
      <Version>0</Version>
      <Level>4</Level>
      <Task>0</Task>
      <Opcode>0</Opcode>
      <Keywords>0x8080000000000000</Keywords>
      <TimeCreated SystemTime="2026-07-13T19:14:12.890Z"/>
      <EventRecordID>121184</EventRecordID>
      <Correlation/>
      <Execution ProcessID="656" ThreadID="700"/>
      <Channel>System</Channel>
      <Computer>FNW-WKS047.fenwick.local</Computer>
      <Security/>
    </System>
    <EventData>
      <Data Name="QueryName">fenwick-intranet.local</Data>
      <Data Name="QueryStatus">0</Data>
    </EventData>
  </Event>
  <Event xmlns="http://schemas.microsoft.com/win/2004/08/events/event">
    <System>
      <Provider Name="Microsoft-Windows-DNS-Client" Guid="{1c95126e-7eea-49a9-a3fe-a378b03ddb4d}"/>
      <EventID>3008</EventID>
      <Version>0</Version>
      <Level>4</Level>
      <Task>0</Task>
      <Opcode>0</Opcode>
      <Keywords>0x8080000000000000</Keywords>
      <TimeCreated SystemTime="2026-07-13T19:14:21.442Z"/>
      <EventRecordID>120070</EventRecordID>
      <Correlation/>
      <Execution ProcessID="656" ThreadID="700"/>
      <Channel>System</Channel>
      <Computer>FNW-WKS047.fenwick.local</Computer>
      <Security/>
    </System>
    <EventData>
      <Data Name="QueryName">time.windows.com</Data>
      <Data Name="QueryStatus">0</Data>
    </EventData>
  </Event>
  <Event xmlns="http://schemas.microsoft.com/win/2004/08/events/event">
    <System>
      <Provider Name="Microsoft-Windows-Windows Firewall With Advanced Security" Guid="{63d2bb1d-e39a-41b8-9a3d-52dd06677588}"/>
      <EventID>5157</EventID>
      <Version>0</Version>
      <Level>4</Level>
      <Task>0</Task>
      <Opcode>0</Opcode>
      <Keywords>0x8080000000000000</Keywords>
      <TimeCreated SystemTime="2026-07-13T19:14:24.949Z"/>
      <EventRecordID>120109</EventRecordID>
      <Correlation/>
      <Execution ProcessID="656" ThreadID="700"/>
      <Channel>System</Channel>
      <Computer>FNW-WKS047.fenwick.local</Computer>
      <Security/>
    </System>
    <EventData>
      <Data Name="Application">System</Data>
      <Data Name="SourceAddress">10.14.22.196</Data>
      <Data Name="DestPort">8080</Data>
      <Data Name="Direction">Inbound</Data>
    </EventData>
  </Event>
  <Event xmlns="http://schemas.microsoft.com/win/2004/08/events/event">
    <System>
      <Provider Name="Application Error" Guid="{a0e9b465-b939-57d7-b27a-c6e2c7ded9ff}"/>
      <EventID>1000</EventID>
      <Version>0</Version>
      <Level>4</Level>
      <Task>0</Task>
      <Opcode>0</Opcode>
      <Keywords>0x8080000000000000</Keywords>
      <TimeCreated SystemTime="2026-07-13T19:14:30.644Z"/>
      <EventRecordID>118987</EventRecordID>
      <Correlation/>
      <Execution ProcessID="656" ThreadID="700"/>
      <Channel>Application</Channel>
      <Computer>FNW-WKS047.fenwick.local</Computer>
      <Security/>
    </System>
    <EventData>
      <Data Name="Application Name">explorer.exe</Data>
      <Data Name="Application Version">17.0.3159.0</Data>
      <Data Name="Fault Module Name">ntdll.dll</Data>
      <Data Name="Exception Code">0xc0000005</Data>
    </EventData>
  </Event>
  <Event xmlns="http://schemas.microsoft.com/win/2004/08/events/event">
    <System>
      <Provider Name="Microsoft-Windows-Windows Firewall With Advanced Security" Guid="{63d2bb1d-e39a-41b8-9a3d-52dd06677588}"/>
      <EventID>5157</EventID>
      <Version>0</Version>
      <Level>4</Level>
      <Task>0</Task>
      <Opcode>0</Opcode>
      <Keywords>0x8080000000000000</Keywords>
      <TimeCreated SystemTime="2026-07-13T19:15:05.267Z"/>
      <EventRecordID>121246</EventRecordID>
      <Correlation/>
      <Execution ProcessID="656" ThreadID="700"/>
      <Channel>System</Channel>
      <Computer>FNW-WKS047.fenwick.local</Computer>
      <Security/>
    </System>
    <EventData>
      <Data Name="Application">System</Data>
      <Data Name="SourceAddress">10.14.22.81</Data>
      <Data Name="DestPort">8080</Data>
      <Data Name="Direction">Inbound</Data>
    </EventData>
  </Event>
  <Event xmlns="http://schemas.microsoft.com/win/2004/08/events/event">
    <System>
      <Provider Name="Microsoft-Windows-Security-Auditing" Guid="{54849625-5478-4994-a5ba-3e3b0328c30d}"/>
      <EventID>4624</EventID>
      <Version>0</Version>
      <Level>4</Level>
      <Task>0</Task>
      <Opcode>0</Opcode>
      <Keywords>0x8080000000000000</Keywords>
      <TimeCreated SystemTime="2026-07-13T19:15:52.706Z"/>
      <EventRecordID>120365</EventRecordID>
      <Correlation/>
      <Execution ProcessID="656" ThreadID="700"/>
      <Channel>Security</Channel>
      <Computer>FNW-WKS047.fenwick.local</Computer>
      <Security/>
    </System>
    <EventData>
      <Data Name="TargetUserName">j.moreau</Data>
      <Data Name="LogonType">2</Data>
      <Data Name="WorkstationName">FNW-WKS047</Data>
      <Data Name="IpAddress">10.14.22.65</Data>
    </EventData>
  </Event>
  <Event xmlns="http://schemas.microsoft.com/win/2004/08/events/event">
    <System>
      <Provider Name="Microsoft-Windows-DNS-Client" Guid="{1c95126e-7eea-49a9-a3fe-a378b03ddb4d}"/>
      <EventID>3008</EventID>
      <Version>0</Version>
      <Level>4</Level>
      <Task>0</Task>
      <Opcode>0</Opcode>
      <Keywords>0x8080000000000000</Keywords>
      <TimeCreated SystemTime="2026-07-13T19:15:54.237Z"/>
      <EventRecordID>121264</EventRecordID>
      <Correlation/>
      <Execution ProcessID="656" ThreadID="700"/>
      <Channel>System</Channel>
      <Computer>FNW-WKS047.fenwick.local</Computer>
      <Security/>
    </System>
    <EventData>
      <Data Name="QueryName">outlook.office365.com</Data>
      <Data Name="QueryStatus">0</Data>
    </EventData>
  </Event>
  <Event xmlns="http://schemas.microsoft.com/win/2004/08/events/event">
    <System>
      <Provider Name="Microsoft-Windows-Windows Defender" Guid="{11cd958a-c507-4ef3-b3f2-5fd9dfbd2c78}"/>
      <EventID>1001</EventID>
      <Version>0</Version>
      <Level>4</Level>
      <Task>0</Task>
      <Opcode>0</Opcode>
      <Keywords>0x8080000000000000</Keywords>
      <TimeCreated SystemTime="2026-07-13T19:16:06.702Z"/>
      <EventRecordID>119625</EventRecordID>
      <Correlation/>
      <Execution ProcessID="656" ThreadID="700"/>
      <Channel>System</Channel>
      <Computer>FNW-WKS047.fenwick.local</Computer>
      <Security/>
    </System>
    <EventData>
      <Data Name="Scan Type">Full</Data>
      <Data Name="Scan Result">No threats detected</Data>
    </EventData>
  </Event>
  <Event xmlns="http://schemas.microsoft.com/win/2004/08/events/event">
    <System>
      <Provider Name="Microsoft-Windows-Security-Auditing" Guid="{54849625-5478-4994-a5ba-3e3b0328c30d}"/>
      <EventID>4624</EventID>
      <Version>0</Version>
      <Level>4</Level>
      <Task>0</Task>
      <Opcode>0</Opcode>
      <Keywords>0x8080000000000000</Keywords>
      <TimeCreated SystemTime="2026-07-13T19:16:29.807Z"/>
      <EventRecordID>119690</EventRecordID>
      <Correlation/>
      <Execution ProcessID="656" ThreadID="700"/>
      <Channel>Security</Channel>
      <Computer>FNW-WKS047.fenwick.local</Computer>
      <Security/>
    </System>
    <EventData>
      <Data Name="TargetUserName">a.dubois</Data>
      <Data Name="LogonType">10</Data>
      <Data Name="WorkstationName">FNW-WKS047</Data>
      <Data Name="IpAddress">10.14.22.54</Data>
    </EventData>
  </Event>
  <Event xmlns="http://schemas.microsoft.com/win/2004/08/events/event">
    <System>
      <Provider Name="Microsoft-Windows-DNS-Client" Guid="{1c95126e-7eea-49a9-a3fe-a378b03ddb4d}"/>
      <EventID>3008</EventID>
      <Version>0</Version>
      <Level>4</Level>
      <Task>0</Task>
      <Opcode>0</Opcode>
      <Keywords>0x8080000000000000</Keywords>
      <TimeCreated SystemTime="2026-07-13T19:16:34.980Z"/>
      <EventRecordID>121321</EventRecordID>
      <Correlation/>
      <Execution ProcessID="656" ThreadID="700"/>
      <Channel>System</Channel>
      <Computer>FNW-WKS047.fenwick.local</Computer>
      <Security/>
    </System>
    <EventData>
      <Data Name="QueryName">update.microsoft.com</Data>
      <Data Name="QueryStatus">0</Data>
    </EventData>
  </Event>
  <Event xmlns="http://schemas.microsoft.com/win/2004/08/events/event">
    <System>
      <Provider Name="Microsoft-Windows-TaskScheduler" Guid="{de7b24ea-73c8-4a09-985d-5bdadcfa9017}"/>
      <EventID>200</EventID>
      <Version>0</Version>
      <Level>4</Level>
      <Task>0</Task>
      <Opcode>0</Opcode>
      <Keywords>0x8080000000000000</Keywords>
      <TimeCreated SystemTime="2026-07-13T19:16:45.612Z"/>
      <EventRecordID>119840</EventRecordID>
      <Correlation/>
      <Execution ProcessID="656" ThreadID="700"/>
      <Channel>System</Channel>
      <Computer>FNW-WKS047.fenwick.local</Computer>
      <Security/>
    </System>
    <EventData>
      <Data Name="TaskName">\Microsoft\Windows\Maintenance\WinSAT</Data>
      <Data Name="ActionName">Execute</Data>
    </EventData>
  </Event>
  <Event xmlns="http://schemas.microsoft.com/win/2004/08/events/event">
    <System>
      <Provider Name="Microsoft-Windows-WindowsUpdateClient" Guid="{945a8954-c147-4acd-923f-40c45405a658}"/>
      <EventID>19</EventID>
      <Version>0</Version>
      <Level>4</Level>
      <Task>0</Task>
      <Opcode>0</Opcode>
      <Keywords>0x8080000000000000</Keywords>
      <TimeCreated SystemTime="2026-07-13T19:17:00.695Z"/>
      <EventRecordID>119027</EventRecordID>
      <Correlation/>
      <Execution ProcessID="656" ThreadID="700"/>
      <Channel>System</Channel>
      <Computer>FNW-WKS047.fenwick.local</Computer>
      <Security/>
    </System>
    <EventData>
      <Data Name="UpdateTitle">KB5033922 Cumulative Update for Windows 11</Data>
      <Data Name="UpdateId">{5598d5b4-e7f3-c04c-9462-ff0ae93c417c}</Data>
    </EventData>
  </Event>
  <Event xmlns="http://schemas.microsoft.com/win/2004/08/events/event">
    <System>
      <Provider Name="Application Error" Guid="{a0e9b465-b939-57d7-b27a-c6e2c7ded9ff}"/>
      <EventID>1000</EventID>
      <Version>0</Version>
      <Level>4</Level>
      <Task>0</Task>
      <Opcode>0</Opcode>
      <Keywords>0x8080000000000000</Keywords>
      <TimeCreated SystemTime="2026-07-13T19:17:04.571Z"/>
      <EventRecordID>120489</EventRecordID>
      <Correlation/>
      <Execution ProcessID="656" ThreadID="700"/>
      <Channel>Application</Channel>
      <Computer>FNW-WKS047.fenwick.local</Computer>
      <Security/>
    </System>
    <EventData>
      <Data Name="Application Name">acrord32.exe</Data>
      <Data Name="Application Version">19.0.2093.0</Data>
      <Data Name="Fault Module Name">ntdll.dll</Data>
      <Data Name="Exception Code">0xc0000005</Data>
    </EventData>
  </Event>
  <Event xmlns="http://schemas.microsoft.com/win/2004/08/events/event">
    <System>
      <Provider Name="Microsoft-Windows-TaskScheduler" Guid="{de7b24ea-73c8-4a09-985d-5bdadcfa9017}"/>
      <EventID>201</EventID>
      <Version>0</Version>
      <Level>4</Level>
      <Task>0</Task>
      <Opcode>0</Opcode>
      <Keywords>0x8080000000000000</Keywords>
      <TimeCreated SystemTime="2026-07-13T19:17:10.304Z"/>
      <EventRecordID>119870</EventRecordID>
      <Correlation/>
      <Execution ProcessID="656" ThreadID="700"/>
      <Channel>System</Channel>
      <Computer>FNW-WKS047.fenwick.local</Computer>
      <Security/>
    </System>
    <EventData>
      <Data Name="TaskName">\Fenwick\Endpoint\InventorySync</Data>
      <Data Name="ResultCode">0</Data>
    </EventData>
  </Event>
  <Event xmlns="http://schemas.microsoft.com/win/2004/08/events/event">
    <System>
      <Provider Name="Microsoft-Windows-Windows Firewall With Advanced Security" Guid="{63d2bb1d-e39a-41b8-9a3d-52dd06677588}"/>
      <EventID>5157</EventID>
      <Version>0</Version>
      <Level>4</Level>
      <Task>0</Task>
      <Opcode>0</Opcode>
      <Keywords>0x8080000000000000</Keywords>
      <TimeCreated SystemTime="2026-07-13T19:17:19.740Z"/>
      <EventRecordID>119014</EventRecordID>
      <Correlation/>
      <Execution ProcessID="656" ThreadID="700"/>
      <Channel>System</Channel>
      <Computer>FNW-WKS047.fenwick.local</Computer>
      <Security/>
    </System>
    <EventData>
      <Data Name="Application">System</Data>
      <Data Name="SourceAddress">10.14.22.58</Data>
      <Data Name="DestPort">1900</Data>
      <Data Name="Direction">Inbound</Data>
    </EventData>
  </Event>
  